#
# A fatal error has been detected by the Java Runtime Environment:
#
#  SIGSEGV (0xb) at pc=0x00007fe736a2220d, pid=7102, tid=0x00007fe7342d5700
#
# JRE version: Java(TM) SE Runtime Environment (8.0_101-b13) (build 1.8.0_101-b13)
# Java VM: Java HotSpot(TM) 64-Bit Server VM (25.101-b13 mixed mode linux-amd64 compressed oops)
# Problematic frame:
# V  [libjvm.so+0x98b20d]  PSPromotionManager::process_array_chunk(oopDesc*)+0x2dd
#
# Failed to write core dump. Core dumps have been disabled. To enable core dumping, try "ulimit -c unlimited" before starting Java again
#
# If you would like to submit a bug report, please visit:
#   http://bugreport.java.com/bugreport/crash.jsp
#

---------------  T H R E A D  ---------------

Current thread (0x00007fe730024800):  GCTaskThread [stack: 0x00007fe7341d5000,0x00007fe7342d6000] [id=7112]

siginfo: si_signo: 11 (SIGSEGV), si_code: 2 (SEGV_ACCERR), si_addr: 0x00000000fc878468

Registers:
RAX=0x00000000fc878468, RBX=0x00000000c14411f0, RCX=0x0000000000000000, RDX=0x00000000fc878468
RSP=0x00007fe7342d49a0, RBP=0x00007fe7342d4a20, RSI=0x0000000000000000, RDI=0x0000000000000000
R8 =0x00007fe737024b80, R9 =0x00007fe73700d0ba, R10=0x00007fe730075558, R11=0x00007fe7342d49d0
R12=0x00007fe7300754c0, R13=0x00000000000005be, R14=0x00000000c14412b8, R15=0x00007fe737058290
RIP=0x00007fe736a2220d, EFLAGS=0x0000000000010202, CSGSFS=0x0000000000000033, ERR=0x0000000000000004
  TRAPNO=0x000000000000000e

Top of Stack: (sp=0x00007fe7342d49a0)
0x00007fe7342d49a0:   00007fe7342d4a20 00007fe736a239ce
0x00007fe7342d49b0:   00007fe7342d4a90 00007fe737049059
0x00007fe7342d49c0:   00007fe7300754e8 00007fe7342d49e0
0x00007fe7342d49d0:   00000000c144137d 0000000000000400
0x00007fe7342d49e0:   00000000ec87dc02 00007fe7342d4a10
0x00007fe7342d49f0:   00007fe7342d4a20 00000000ec87dc00
0x00007fe7342d4a00:   00007fe7300754c0 00007fe737024b80
0x00007fe7342d4a10:   0000000000000000 00007fe730075528
0x00007fe7342d4a20:   00007fe7342d4b10 00007fe736a22de7
0x00007fe7342d4a30:   00007fe7342d4a90 00007fe7342d4aa0
0x00007fe7342d4a40:   00007fe7342d4ab0 00007fe7342d4a70
0x00007fe7342d4a50:   00007fe7342d4a80 00007fe7342d4ad0
0x00007fe7342d4a60:   01007fe730024d70 00007fe730075558
0x00007fe7342d4a70:   00000000ec87dbe8 0000000000000001
0x00007fe7342d4a80:   0000000000000001 0000000000000003
0x00007fe7342d4a90:   00007fe7342d4b10 00007fe736a239ce
0x00007fe7342d4aa0:   00000274000000d8 00007fe736be6ae5
0x00007fe7342d4ab0:   00000274000000d7 00007fe7300754c0
0x00007fe7342d4ac0:   00000274000000d9 00007fe736be6af9
0x00007fe7342d4ad0:   00000000ec87dc02 00007fe7342d4b00
0x00007fe7342d4ae0:   00007fe7342d4b00 00000000c1169c64
0x00007fe7342d4af0:   00007fe737024b80 0000000000000003
0x00007fe7342d4b00:   00007fe7342d4b30 00007fe7342d4b3c
0x00007fe7342d4b10:   00007fe7342d4b70 00007fe736a26c2e
0x00007fe7342d4b20:   00007fe6f0653e70 00007fe7300754c0
0x00007fe7342d4b30:   00000000c1169c65 314257e63666ce67
0x00007fe7342d4b40:   00007fe7342d4b70 00007fe6f0653e70
0x00007fe7342d4b50:   00007fe730024800 0000000000000001
0x00007fe7342d4b60:   00007fe730024d70 00007fe736be6b0b
0x00007fe7342d4b70:   00007fe7342d4c80 00007fe73666db5f
0x00007fe7342d4b80:   0000000000000000 00007fe7342d4bc0
0x00007fe7342d4b90:   00007fe7342d4c40 0000000000000000 

Instructions: (pc=0x00007fe736a2220d)
0x00007fe736a221ed:   ff ff 8b 03 49 3b 07 72 ec 4c 8b 05 93 fe 5d 00
0x00007fe736a221fd:   41 8b 70 08 49 8b 38 89 f1 48 d3 e0 48 8d 14 07
0x00007fe736a2220d:   48 8b 02 83 e0 03 48 83 f8 03 0f 84 6b ff ff ff
0x00007fe736a2221d:   41 8b 4c 24 60 41 8b 44 24 68 49 89 dd 49 83 cd 

Register to memory mapping:

RAX=0x00000000fc878468 is an unallocated location in the heap
RBX=0x00000000c14411f0 is pointing into object: 0x00000000c143fbb0
[Ljava.lang.Object; 
 - klass: 'java/lang/Object'[]
 - length: 2120
RCX=0x0000000000000000 is an unknown value
RDX=0x00000000fc878468 is an unallocated location in the heap
RSP=0x00007fe7342d49a0 is an unknown value
RBP=0x00007fe7342d4a20 is an unknown value
RSI=0x0000000000000000 is an unknown value
RDI=0x0000000000000000 is an unknown value
R8 =0x00007fe737024b80: <offset 0xf8db80> in /usr/lib/jvm/java-8-oracle/jre/lib/amd64/server/libjvm.so at 0x00007fe736097000
R9 =0x00007fe73700d0ba: <offset 0xf760ba> in /usr/lib/jvm/java-8-oracle/jre/lib/amd64/server/libjvm.so at 0x00007fe736097000
R10=0x00007fe730075558 is an unknown value
R11=0x00007fe7342d49d0 is an unknown value
R12=0x00007fe7300754c0 is an unknown value
R13=0x00000000000005be is an unknown value
R14=0x00000000c14412b8 is pointing into object: 0x00000000c143fbb0
[Ljava.lang.Object; 
 - klass: 'java/lang/Object'[]
 - length: 2120
R15=0x00007fe737058290: <offset 0xfc1290> in /usr/lib/jvm/java-8-oracle/jre/lib/amd64/server/libjvm.so at 0x00007fe736097000


Stack: [0x00007fe7341d5000,0x00007fe7342d6000],  sp=0x00007fe7342d49a0,  free space=1022k
Native frames: (J=compiled Java code, j=interpreted, Vv=VM code, C=native code)
V  [libjvm.so+0x98b20d]  PSPromotionManager::process_array_chunk(oopDesc*)+0x2dd
V  [libjvm.so+0x98bde7]  PSPromotionManager::drain_stacks_depth(bool)+0x7a7
V  [libjvm.so+0x98fc2e]  StealTask::do_it(GCTaskManager*, unsigned int)+0x19e
V  [libjvm.so+0x5d6b5f]  GCTaskThread::run()+0x12f
V  [libjvm.so+0x924698]  java_start(Thread*)+0x108


---------------  P R O C E S S  ---------------

Java Threads: ( => current thread )
  0x00007fe730186000 JavaThread "pool-2-thread-4" [_thread_blocked, id=7126, stack(0x00007fe6dfcfd000,0x00007fe6dfdfe000)]
  0x00007fe730184800 JavaThread "pool-2-thread-3" [_thread_blocked, id=7125, stack(0x00007fe6dfdfe000,0x00007fe6dfeff000)]
  0x00007fe730183000 JavaThread "pool-2-thread-2" [_thread_blocked, id=7124, stack(0x00007fe6dfeff000,0x00007fe6e0000000)]
  0x00007fe73016c800 JavaThread "pool-3-thread-1" [_thread_blocked, id=7123, stack(0x00007fe71c0eb000,0x00007fe71c1ec000)]
  0x00007fe73016a800 JavaThread "pool-2-thread-1" [_thread_blocked, id=7122, stack(0x00007fe71c1ec000,0x00007fe71c2ed000)]
  0x00007fe7300c9000 JavaThread "Service Thread" daemon [_thread_blocked, id=7120, stack(0x00007fe71c3ee000,0x00007fe71c4ef000)]
  0x00007fe7300be000 JavaThread "C1 CompilerThread2" daemon [_thread_blocked, id=7119, stack(0x00007fe71c4ef000,0x00007fe71c5f0000)]
  0x00007fe7300bc000 JavaThread "C2 CompilerThread1" daemon [_thread_blocked, id=7118, stack(0x00007fe71c5f0000,0x00007fe71c6f1000)]
  0x00007fe7300b9800 JavaThread "C2 CompilerThread0" daemon [_thread_in_native, id=7117, stack(0x00007fe71c6f1000,0x00007fe71c7f2000)]
  0x00007fe7300b8000 JavaThread "Signal Dispatcher" daemon [_thread_blocked, id=7116, stack(0x00007fe71c7f2000,0x00007fe71c8f3000)]
  0x00007fe730084000 JavaThread "Finalizer" daemon [_thread_blocked, id=7115, stack(0x00007fe71d2b3000,0x00007fe71d3b4000)]
  0x00007fe73007f800 JavaThread "Reference Handler" daemon [_thread_blocked, id=7114, stack(0x00007fe71d3b4000,0x00007fe71d4b5000)]
  0x00007fe73000a000 JavaThread "main" [_thread_blocked, id=7108, stack(0x00007fe737b81000,0x00007fe737c82000)]

Other Threads:
  0x00007fe730078000 VMThread [stack: 0x00007fe71d4b5000,0x00007fe71d5b6000] [id=7113]
  0x00007fe7300cb800 WatcherThread [stack: 0x00007fe71c2ed000,0x00007fe71c3ee000] [id=7121]

=>0x00007fe730024800 (exited) GCTaskThread [stack: 0x00007fe7341d5000,0x00007fe7342d6000] [id=7112]

VM state:at safepoint (normal execution)

VM Mutex/Monitor currently owned by a thread:  ([mutex/lock_event])
[0x00007fe730006490] Threads_lock - owner thread: 0x00007fe730078000
[0x00007fe730006990] Heap_lock - owner thread: 0x00007fe730183000

Heap:
 PSYoungGen      total 51712K, used 51692K [0x00000000eab00000, 0x00000000ee100000, 0x0000000100000000)
  eden space 48128K, 100% used [0x00000000eab00000,0x00000000eda00000,0x00000000eda00000)
  from space 3584K, 99% used [0x00000000edd80000,0x00000000ee0fb258,0x00000000ee100000)
  to   space 3584K, 99% used [0x00000000eda00000,0x00000000edd7ba30,0x00000000edd80000)
 ParOldGen       total 62976K, used 22861K [0x00000000c0000000, 0x00000000c3d80000, 0x00000000eab00000)
  object space 62976K, 36% used [0x00000000c0000000,0x00000000c1653608,0x00000000c3d80000)
 Metaspace       used 5746K, capacity 6960K, committed 7040K, reserved 1056768K
  class space    used 575K, capacity 616K, committed 640K, reserved 1048576K

Card table byte_map: [0x00007fe73472f000,0x00007fe734930000] byte_map_base: 0x00007fe73412f000

Marking Bits: (ParMarkBitMap*) 0x00007fe737058120
 Begin Bits: [0x00007fe71f000000, 0x00007fe720000000)
 End Bits:   [0x00007fe720000000, 0x00007fe721000000)

Polling page: 0x00007fe737ca7000

CodeCache: size=245760Kb used=4426Kb max_used=4426Kb free=241333Kb
 bounds [0x00007fe721000000, 0x00007fe721460000, 0x00007fe730000000]
 total_blobs=1459 nmethods=1198 adapters=175
 compilation: enabled

Compilation events (10 events):
Event: 2,107 Thread 0x00007fe7300be000 1273       3       com.android.dx.cf.code.BaseMachine::popArgs (62 bytes)
Event: 2,108 Thread 0x00007fe7300be000 nmethod 1273 0x00007fe72144eb10 code [0x00007fe72144ecc0, 0x00007fe72144f358]
Event: 2,147 Thread 0x00007fe7300be000 1274       2       com.android.dx.cf.code.Ropper::getRopMethod (64 bytes)
Event: 2,149 Thread 0x00007fe7300be000 nmethod 1274 0x00007fe72144f5d0 code [0x00007fe72144f7a0, 0x00007fe72144fcf8]
Event: 2,153 Thread 0x00007fe7300be000 1278 %     3       com.android.dx.cf.code.Ropper::addExceptionSetupBlocks @ 8 (203 bytes)
Event: 2,157 Thread 0x00007fe7300be000 nmethod 1278% 0x00007fe721450350 code [0x00007fe721450760, 0x00007fe721452cf8]
Event: 2,157 Thread 0x00007fe7300be000 1280       3       com.android.dx.rop.code.BasicBlockList::forEachInsn (39 bytes)
Event: 2,158 Thread 0x00007fe7300be000 nmethod 1280 0x00007fe721454990 code [0x00007fe721454b80, 0x00007fe721455768]
Event: 2,158 Thread 0x00007fe7300be000 1282       2       com.android.dx.ssa.SsaMethod::convertRopToSsaBlocks (103 bytes)
Event: 2,160 Thread 0x00007fe7300be000 nmethod 1282 0x00007fe721455c50 code [0x00007fe721455e40, 0x00007fe721456448]

GC Heap History (5 events):
Event: 0,726 GC heap before
{Heap before GC invocations=1 (full 0):
 PSYoungGen      total 27648K, used 24064K [0x00000000eab00000, 0x00000000ec980000, 0x0000000100000000)
  eden space 24064K, 100% used [0x00000000eab00000,0x00000000ec280000,0x00000000ec280000)
  from space 3584K, 0% used [0x00000000ec600000,0x00000000ec600000,0x00000000ec980000)
  to   space 3584K, 0% used [0x00000000ec280000,0x00000000ec280000,0x00000000ec600000)
 ParOldGen       total 62976K, used 0K [0x00000000c0000000, 0x00000000c3d80000, 0x00000000eab00000)
  object space 62976K, 0% used [0x00000000c0000000,0x00000000c0000000,0x00000000c3d80000)
 Metaspace       used 5463K, capacity 6704K, committed 6784K, reserved 1056768K
  class space    used 568K, capacity 616K, committed 640K, reserved 1048576K
Event: 0,740 GC heap after
Heap after GC invocations=1 (full 0):
 PSYoungGen      total 27648K, used 3564K [0x00000000eab00000, 0x00000000ee100000, 0x0000000100000000)
  eden space 24064K, 0% used [0x00000000eab00000,0x00000000eab00000,0x00000000ec280000)
  from space 3584K, 99% used [0x00000000ec280000,0x00000000ec5fb370,0x00000000ec600000)
  to   space 3584K, 0% used [0x00000000edd80000,0x00000000edd80000,0x00000000ee100000)
 ParOldGen       total 62976K, used 2682K [0x00000000c0000000, 0x00000000c3d80000, 0x00000000eab00000)
  object space 62976K, 4% used [0x00000000c0000000,0x00000000c029e8a8,0x00000000c3d80000)
 Metaspace       used 5463K, capacity 6704K, committed 6784K, reserved 1056768K
  class space    used 568K, capacity 616K, committed 640K, reserved 1048576K
}
Event: 1,246 GC heap before
{Heap before GC invocations=2 (full 0):
 PSYoungGen      total 27648K, used 27628K [0x00000000eab00000, 0x00000000ee100000, 0x0000000100000000)
  eden space 24064K, 100% used [0x00000000eab00000,0x00000000ec280000,0x00000000ec280000)
  from space 3584K, 99% used [0x00000000ec280000,0x00000000ec5fb370,0x00000000ec600000)
  to   space 3584K, 0% used [0x00000000edd80000,0x00000000edd80000,0x00000000ee100000)
 ParOldGen       total 62976K, used 2682K [0x00000000c0000000, 0x00000000c3d80000, 0x00000000eab00000)
  object space 62976K, 4% used [0x00000000c0000000,0x00000000c029e8a8,0x00000000c3d80000)
 Metaspace       used 5578K, capacity 6768K, committed 7040K, reserved 1056768K
  class space    used 571K, capacity 616K, committed 640K, reserved 1048576K
Event: 1,269 GC heap after
Heap after GC invocations=2 (full 0):
 PSYoungGen      total 51712K, used 3564K [0x00000000eab00000, 0x00000000ee100000, 0x0000000100000000)
  eden space 48128K, 0% used [0x00000000eab00000,0x00000000eab00000,0x00000000eda00000)
  from space 3584K, 99% used [0x00000000edd80000,0x00000000ee0fb258,0x00000000ee100000)
  to   space 3584K, 0% used [0x00000000eda00000,0x00000000eda00000,0x00000000edd80000)
 ParOldGen       total 62976K, used 7056K [0x00000000c0000000, 0x00000000c3d80000, 0x00000000eab00000)
  object space 62976K, 11% used [0x00000000c0000000,0x00000000c06e4328,0x00000000c3d80000)
 Metaspace       used 5578K, capacity 6768K, committed 7040K, reserved 1056768K
  class space    used 571K, capacity 616K, committed 640K, reserved 1048576K
}
Event: 2,162 GC heap before
{Heap before GC invocations=3 (full 0):
 PSYoungGen      total 51712K, used 51692K [0x00000000eab00000, 0x00000000ee100000, 0x0000000100000000)
  eden space 48128K, 100% used [0x00000000eab00000,0x00000000eda00000,0x00000000eda00000)
  from space 3584K, 99% used [0x00000000edd80000,0x00000000ee0fb258,0x00000000ee100000)
  to   space 3584K, 0% used [0x00000000eda00000,0x00000000eda00000,0x00000000edd80000)
 ParOldGen       total 62976K, used 7056K [0x00000000c0000000, 0x00000000c3d80000, 0x00000000eab00000)
  object space 62976K, 11% used [0x00000000c0000000,0x00000000c06e4328,0x00000000c3d80000)
 Metaspace       used 5746K, capacity 6960K, committed 7040K, reserved 1056768K
  class space    used 575K, capacity 616K, committed 640K, reserved 1048576K

Deoptimization events (10 events):
Event: 0,490 Thread 0x00007fe730184800 Uncommon trap: reason=unstable_if action=reinterpret pc=0x00007fe72120d274 method=java.util.HashMap.getNode(ILjava/lang/Object;)Ljava/util/HashMap$Node; @ 129
Event: 0,699 Thread 0x00007fe73000a000 Uncommon trap: reason=unloaded action=reinterpret pc=0x00007fe72119b030 method=com.android.dx.cf.cst.ConstantPoolParser.parse0(ILjava/util/BitSet;)Lcom/android/dx/rop/cst/Constant; @ 198
Event: 0,800 Thread 0x00007fe73016a800 Uncommon trap: reason=null_check action=make_not_entrant pc=0x00007fe72126a060 method=com.android.dx.ssa.SsaRenamer.getLocalForNewReg(I)Lcom/android/dx/rop/code/LocalItem; @ 19
Event: 0,896 Thread 0x00007fe730184800 Uncommon trap: reason=class_check action=maybe_recompile pc=0x00007fe72128c718 method=com.android.dx.ssa.NormalSsaInsn.accept(Lcom/android/dx/ssa/SsaInsn$Visitor;)V @ 9
Event: 1,074 Thread 0x00007fe730184800 Uncommon trap: reason=class_check action=maybe_recompile pc=0x00007fe72128c718 method=com.android.dx.ssa.NormalSsaInsn.accept(Lcom/android/dx/ssa/SsaInsn$Visitor;)V @ 9
Event: 1,111 Thread 0x00007fe73016a800 Uncommon trap: reason=class_check action=maybe_recompile pc=0x00007fe72128c718 method=com.android.dx.ssa.NormalSsaInsn.accept(Lcom/android/dx/ssa/SsaInsn$Visitor;)V @ 9
Event: 1,144 Thread 0x00007fe73000a000 Uncommon trap: reason=class_check action=maybe_recompile pc=0x00007fe72128c718 method=com.android.dx.ssa.NormalSsaInsn.accept(Lcom/android/dx/ssa/SsaInsn$Visitor;)V @ 9
Event: 1,158 Thread 0x00007fe73016a800 Uncommon trap: reason=unstable_if action=reinterpret pc=0x00007fe721235a74 method=com.android.dx.rop.code.RegisterSpec.equals(ILcom/android/dx/rop/type/TypeBearer;Lcom/android/dx/rop/code/LocalItem;)Z @ 16
Event: 1,404 Thread 0x00007fe730184800 Uncommon trap: reason=unstable_if action=reinterpret pc=0x00007fe72126234c method=com.android.dx.rop.code.LocalItem.hashCode()I @ 25
Event: 1,584 Thread 0x00007fe73000a000 Uncommon trap: reason=unstable_if action=reinterpret pc=0x00007fe72139aeb8 method=com.android.dx.rop.code.LocalItem.hashCode()I @ 25

Internal exceptions (3 events):
Event: 0,027 Thread 0x00007fe73000a000 Exception <a 'java/lang/NoSuchMethodError': Method sun.misc.Unsafe.defineClass(Ljava/lang/String;[BII)Ljava/lang/Class; name or signature does not match> (0x00000000eab07cc0) thrown at [/HUDSON3/workspace/8-2-build-linux-amd64/jdk8u101/7261/hotspot/src/sh
Event: 0,027 Thread 0x00007fe73000a000 Exception <a 'java/lang/NoSuchMethodError': Method sun.misc.Unsafe.prefetchRead(Ljava/lang/Object;J)V name or signature does not match> (0x00000000eab07fa8) thrown at [/HUDSON3/workspace/8-2-build-linux-amd64/jdk8u101/7261/hotspot/src/share/vm/prims/jni.c
Event: 0,800 Thread 0x00007fe73016a800 Implicit null exception at 0x00007fe7212679ac to 0x00007fe72126a041

Events (10 events):
Event: 1,606 Thread 0x00007fe730184800 DEOPT UNPACKING pc=0x00007fe721047633 sp=0x00007fe6dfefcbe8 mode 0
Event: 1,623 Thread 0x00007fe730184800 DEOPT PACKING pc=0x00007fe721359361 sp=0x00007fe6dfefcd40
Event: 1,623 Thread 0x00007fe730184800 DEOPT UNPACKING pc=0x00007fe721047633 sp=0x00007fe6dfefcaf8 mode 0
Event: 1,706 Thread 0x00007fe730184800 DEOPT PACKING pc=0x00007fe721343d9d sp=0x00007fe6dfefd0f0
Event: 1,706 Thread 0x00007fe730184800 DEOPT UNPACKING pc=0x00007fe721047633 sp=0x00007fe6dfefce28 mode 0
Event: 1,728 Thread 0x00007fe730184800 DEOPT PACKING pc=0x00007fe72139190a sp=0x00007fe6dfefcca0
Event: 1,728 Thread 0x00007fe730184800 DEOPT UNPACKING pc=0x00007fe721047633 sp=0x00007fe6dfefca88 mode 0
Event: 1,766 loading class com/android/dx/cf/code/BytecodeArray$ConstantParserVisitor
Event: 1,766 loading class com/android/dx/cf/code/BytecodeArray$ConstantParserVisitor done
Event: 2,162 Executing VM operation: ParallelGCFailedAllocation


Dynamic libraries:
00400000-00401000 r-xp 00000000 08:06 4991853                            /usr/lib/jvm/java-8-oracle/bin/java
00600000-00601000 rw-p 00000000 08:06 4991853                            /usr/lib/jvm/java-8-oracle/bin/java
016b6000-016d7000 rw-p 00000000 00:00 0                                  [heap]
c0000000-c3d80000 rw-p 00000000 00:00 0 
c3d80000-eab00000 ---p 00000000 00:00 0 
eab00000-ee100000 rw-p 00000000 00:00 0 
ee100000-100000000 ---p 00000000 00:00 0 
100000000-1000a0000 rw-p 00000000 00:00 0 
1000a0000-140000000 ---p 00000000 00:00 0 
7fe6d0000000-7fe6d003f000 rw-p 00000000 00:00 0 
7fe6d003f000-7fe6d4000000 ---p 00000000 00:00 0 
7fe6d4000000-7fe6d4047000 rw-p 00000000 00:00 0 
7fe6d4047000-7fe6d8000000 ---p 00000000 00:00 0 
7fe6d8000000-7fe6d8021000 rw-p 00000000 00:00 0 
7fe6d8021000-7fe6dc000000 ---p 00000000 00:00 0 
7fe6dfcfd000-7fe6dfd00000 ---p 00000000 00:00 0 
7fe6dfd00000-7fe6dfdfe000 rw-p 00000000 00:00 0 
7fe6dfdfe000-7fe6dfe01000 ---p 00000000 00:00 0 
7fe6dfe01000-7fe6dfeff000 rw-p 00000000 00:00 0 
7fe6dfeff000-7fe6dff02000 ---p 00000000 00:00 0 
7fe6dff02000-7fe6e0000000 rw-p 00000000 00:00 0 
7fe6e0000000-7fe6e0052000 rw-p 00000000 00:00 0 
7fe6e0052000-7fe6e4000000 ---p 00000000 00:00 0 
7fe6e4000000-7fe6e4021000 rw-p 00000000 00:00 0 
7fe6e4021000-7fe6e8000000 ---p 00000000 00:00 0 
7fe6e8000000-7fe6e8021000 rw-p 00000000 00:00 0 
7fe6e8021000-7fe6ec000000 ---p 00000000 00:00 0 
7fe6ec000000-7fe6ec021000 rw-p 00000000 00:00 0 
7fe6ec021000-7fe6f0000000 ---p 00000000 00:00 0 
7fe6f0000000-7fe6f090b000 rw-p 00000000 00:00 0 
7fe6f090b000-7fe6f4000000 ---p 00000000 00:00 0 
7fe6f4000000-7fe6f477d000 rw-p 00000000 00:00 0 
7fe6f477d000-7fe6f8000000 ---p 00000000 00:00 0 
7fe6f8000000-7fe6f8021000 rw-p 00000000 00:00 0 
7fe6f8021000-7fe6fc000000 ---p 00000000 00:00 0 
7fe6fc000000-7fe6fc7e4000 rw-p 00000000 00:00 0 
7fe6fc7e4000-7fe700000000 ---p 00000000 00:00 0 
7fe700000000-7fe700021000 rw-p 00000000 00:00 0 
7fe700021000-7fe704000000 ---p 00000000 00:00 0 
7fe704000000-7fe704021000 rw-p 00000000 00:00 0 
7fe704021000-7fe708000000 ---p 00000000 00:00 0 
7fe708000000-7fe708291000 rw-p 00000000 00:00 0 
7fe708291000-7fe70c000000 ---p 00000000 00:00 0 
7fe70c000000-7fe70c021000 rw-p 00000000 00:00 0 
7fe70c021000-7fe710000000 ---p 00000000 00:00 0 
7fe710000000-7fe710021000 rw-p 00000000 00:00 0 
7fe710021000-7fe714000000 ---p 00000000 00:00 0 
7fe714000000-7fe714021000 rw-p 00000000 00:00 0 
7fe714021000-7fe718000000 ---p 00000000 00:00 0 
7fe718000000-7fe718021000 rw-p 00000000 00:00 0 
7fe718021000-7fe71c000000 ---p 00000000 00:00 0 
7fe71c0eb000-7fe71c0ee000 ---p 00000000 00:00 0 
7fe71c0ee000-7fe71c1ec000 rw-p 00000000 00:00 0 
7fe71c1ec000-7fe71c1ef000 ---p 00000000 00:00 0 
7fe71c1ef000-7fe71c2ed000 rw-p 00000000 00:00 0 
7fe71c2ed000-7fe71c2ee000 ---p 00000000 00:00 0 
7fe71c2ee000-7fe71c3ee000 rw-p 00000000 00:00 0 
7fe71c3ee000-7fe71c3f1000 ---p 00000000 00:00 0 
7fe71c3f1000-7fe71c4ef000 rw-p 00000000 00:00 0 
7fe71c4ef000-7fe71c4f2000 ---p 00000000 00:00 0 
7fe71c4f2000-7fe71c5f0000 rw-p 00000000 00:00 0 
7fe71c5f0000-7fe71c5f3000 ---p 00000000 00:00 0 
7fe71c5f3000-7fe71c6f1000 rw-p 00000000 00:00 0 
7fe71c6f1000-7fe71c6f4000 ---p 00000000 00:00 0 
7fe71c6f4000-7fe71c7f2000 rw-p 00000000 00:00 0 
7fe71c7f2000-7fe71c7f5000 ---p 00000000 00:00 0 
7fe71c7f5000-7fe71c8f3000 rw-p 00000000 00:00 0 
7fe71c8f3000-7fe71d2b3000 r--p 00000000 08:06 2628587                    /usr/lib/locale/locale-archive
7fe71d2b3000-7fe71d2b6000 ---p 00000000 00:00 0 
7fe71d2b6000-7fe71d3b4000 rw-p 00000000 00:00 0 
7fe71d3b4000-7fe71d3b7000 ---p 00000000 00:00 0 
7fe71d3b7000-7fe71d4b5000 rw-p 00000000 00:00 0 
7fe71d4b5000-7fe71d4b6000 ---p 00000000 00:00 0 
7fe71d4b6000-7fe71e427000 rw-p 00000000 00:00 0 
7fe71e427000-7fe71e600000 r--s 03d29000 08:06 5119781                    /usr/lib/jvm/java-8-oracle/jre/lib/rt.jar
7fe71e600000-7fe71ec40000 rw-p 00000000 00:00 0 
7fe71ec40000-7fe71ee00000 ---p 00000000 00:00 0 
7fe71ee00000-7fe721000000 rw-p 00000000 00:00 0 
7fe721000000-7fe721460000 rwxp 00000000 00:00 0 
7fe721460000-7fe730000000 ---p 00000000 00:00 0 
7fe730000000-7fe7303aa000 rw-p 00000000 00:00 0 
7fe7303aa000-7fe734000000 ---p 00000000 00:00 0 
7fe73400e000-7fe73401c000 r--s 000e0000 08:06 9570111                    /home/nur/Android/Sdk/build-tools/24.0.2/lib/dx.jar
7fe73401c000-7fe7341d5000 rw-p 00000000 00:00 0 
7fe7341d5000-7fe7341d6000 ---p 00000000 00:00 0 
7fe7341d6000-7fe7342d6000 rw-p 00000000 00:00 0 
7fe7342d6000-7fe7342d7000 ---p 00000000 00:00 0 
7fe7342d7000-7fe7343d7000 rw-p 00000000 00:00 0 
7fe7343d7000-7fe7343d8000 ---p 00000000 00:00 0 
7fe7343d8000-7fe7344d8000 rw-p 00000000 00:00 0 
7fe7344d8000-7fe7344d9000 ---p 00000000 00:00 0 
7fe7344d9000-7fe7345f8000 rw-p 00000000 00:00 0 
7fe7345f8000-7fe73472f000 ---p 00000000 00:00 0 
7fe73472f000-7fe73474e000 rw-p 00000000 00:00 0 
7fe73474e000-7fe734884000 ---p 00000000 00:00 0 
7fe734884000-7fe7348a0000 rw-p 00000000 00:00 0 
7fe7348a0000-7fe73492f000 ---p 00000000 00:00 0 
7fe73492f000-7fe734942000 rw-p 00000000 00:00 0 
7fe734942000-7fe734cf0000 ---p 00000000 00:00 0 
7fe734cf0000-7fe734d0a000 r-xp 00000000 08:06 7213491                    /usr/lib/jvm/java-8-oracle/jre/lib/amd64/libzip.so
7fe734d0a000-7fe734f0a000 ---p 0001a000 08:06 7213491                    /usr/lib/jvm/java-8-oracle/jre/lib/amd64/libzip.so
7fe734f0a000-7fe734f0b000 rw-p 0001a000 08:06 7213491                    /usr/lib/jvm/java-8-oracle/jre/lib/amd64/libzip.so
7fe734f0b000-7fe734f16000 r-xp 00000000 08:06 791069                     /lib/x86_64-linux-gnu/libnss_files-2.23.so
7fe734f16000-7fe735115000 ---p 0000b000 08:06 791069                     /lib/x86_64-linux-gnu/libnss_files-2.23.so
7fe735115000-7fe735116000 r--p 0000a000 08:06 791069                     /lib/x86_64-linux-gnu/libnss_files-2.23.so
7fe735116000-7fe735117000 rw-p 0000b000 08:06 791069                     /lib/x86_64-linux-gnu/libnss_files-2.23.so
7fe735117000-7fe73511d000 rw-p 00000000 00:00 0 
7fe73511d000-7fe735128000 r-xp 00000000 08:06 791079                     /lib/x86_64-linux-gnu/libnss_nis-2.23.so
7fe735128000-7fe735327000 ---p 0000b000 08:06 791079                     /lib/x86_64-linux-gnu/libnss_nis-2.23.so
7fe735327000-7fe735328000 r--p 0000a000 08:06 791079                     /lib/x86_64-linux-gnu/libnss_nis-2.23.so
7fe735328000-7fe735329000 rw-p 0000b000 08:06 791079                     /lib/x86_64-linux-gnu/libnss_nis-2.23.so
7fe735329000-7fe73533f000 r-xp 00000000 08:06 791063                     /lib/x86_64-linux-gnu/libnsl-2.23.so
7fe73533f000-7fe73553e000 ---p 00016000 08:06 791063                     /lib/x86_64-linux-gnu/libnsl-2.23.so
7fe73553e000-7fe73553f000 r--p 00015000 08:06 791063                     /lib/x86_64-linux-gnu/libnsl-2.23.so
7fe73553f000-7fe735540000 rw-p 00016000 08:06 791063                     /lib/x86_64-linux-gnu/libnsl-2.23.so
7fe735540000-7fe735542000 rw-p 00000000 00:00 0 
7fe735542000-7fe73554a000 r-xp 00000000 08:06 791065                     /lib/x86_64-linux-gnu/libnss_compat-2.23.so
7fe73554a000-7fe735749000 ---p 00008000 08:06 791065                     /lib/x86_64-linux-gnu/libnss_compat-2.23.so
7fe735749000-7fe73574a000 r--p 00007000 08:06 791065                     /lib/x86_64-linux-gnu/libnss_compat-2.23.so
7fe73574a000-7fe73574b000 rw-p 00008000 08:06 791065                     /lib/x86_64-linux-gnu/libnss_compat-2.23.so
7fe73574b000-7fe735775000 r-xp 00000000 08:06 7213517                    /usr/lib/jvm/java-8-oracle/jre/lib/amd64/libjava.so
7fe735775000-7fe735975000 ---p 0002a000 08:06 7213517                    /usr/lib/jvm/java-8-oracle/jre/lib/amd64/libjava.so
7fe735975000-7fe735977000 rw-p 0002a000 08:06 7213517                    /usr/lib/jvm/java-8-oracle/jre/lib/amd64/libjava.so
7fe735977000-7fe735984000 r-xp 00000000 08:06 7213471                    /usr/lib/jvm/java-8-oracle/jre/lib/amd64/libverify.so
7fe735984000-7fe735b84000 ---p 0000d000 08:06 7213471                    /usr/lib/jvm/java-8-oracle/jre/lib/amd64/libverify.so
7fe735b84000-7fe735b86000 rw-p 0000d000 08:06 7213471                    /usr/lib/jvm/java-8-oracle/jre/lib/amd64/libverify.so
7fe735b86000-7fe735b8d000 r-xp 00000000 08:06 791124                     /lib/x86_64-linux-gnu/librt-2.23.so
7fe735b8d000-7fe735d8c000 ---p 00007000 08:06 791124                     /lib/x86_64-linux-gnu/librt-2.23.so
7fe735d8c000-7fe735d8d000 r--p 00006000 08:06 791124                     /lib/x86_64-linux-gnu/librt-2.23.so
7fe735d8d000-7fe735d8e000 rw-p 00007000 08:06 791124                     /lib/x86_64-linux-gnu/librt-2.23.so
7fe735d8e000-7fe735e96000 r-xp 00000000 08:06 791040                     /lib/x86_64-linux-gnu/libm-2.23.so
7fe735e96000-7fe736095000 ---p 00108000 08:06 791040                     /lib/x86_64-linux-gnu/libm-2.23.so
7fe736095000-7fe736096000 r--p 00107000 08:06 791040                     /lib/x86_64-linux-gnu/libm-2.23.so
7fe736096000-7fe736097000 rw-p 00108000 08:06 791040                     /lib/x86_64-linux-gnu/libm-2.23.so
7fe736097000-7fe736d62000 r-xp 00000000 08:06 7344163                    /usr/lib/jvm/java-8-oracle/jre/lib/amd64/server/libjvm.so
7fe736d62000-7fe736f61000 ---p 00ccb000 08:06 7344163                    /usr/lib/jvm/java-8-oracle/jre/lib/amd64/server/libjvm.so
7fe736f61000-7fe73703a000 rw-p 00cca000 08:06 7344163                    /usr/lib/jvm/java-8-oracle/jre/lib/amd64/server/libjvm.so
7fe73703a000-7fe737085000 rw-p 00000000 00:00 0 
7fe737085000-7fe737245000 r-xp 00000000 08:06 790970                     /lib/x86_64-linux-gnu/libc-2.23.so
7fe737245000-7fe737444000 ---p 001c0000 08:06 790970                     /lib/x86_64-linux-gnu/libc-2.23.so
7fe737444000-7fe737448000 r--p 001bf000 08:06 790970                     /lib/x86_64-linux-gnu/libc-2.23.so
7fe737448000-7fe73744a000 rw-p 001c3000 08:06 790970                     /lib/x86_64-linux-gnu/libc-2.23.so
7fe73744a000-7fe73744e000 rw-p 00000000 00:00 0 
7fe73744e000-7fe737451000 r-xp 00000000 08:06 790994                     /lib/x86_64-linux-gnu/libdl-2.23.so
7fe737451000-7fe737650000 ---p 00003000 08:06 790994                     /lib/x86_64-linux-gnu/libdl-2.23.so
7fe737650000-7fe737651000 r--p 00002000 08:06 790994                     /lib/x86_64-linux-gnu/libdl-2.23.so
7fe737651000-7fe737652000 rw-p 00003000 08:06 790994                     /lib/x86_64-linux-gnu/libdl-2.23.so
7fe737652000-7fe737667000 r-xp 00000000 08:06 9183342                    /usr/lib/jvm/java-8-oracle/lib/amd64/jli/libjli.so
7fe737667000-7fe737867000 ---p 00015000 08:06 9183342                    /usr/lib/jvm/java-8-oracle/lib/amd64/jli/libjli.so
7fe737867000-7fe737868000 rw-p 00015000 08:06 9183342                    /usr/lib/jvm/java-8-oracle/lib/amd64/jli/libjli.so
7fe737868000-7fe737880000 r-xp 00000000 08:06 791116                     /lib/x86_64-linux-gnu/libpthread-2.23.so
7fe737880000-7fe737a7f000 ---p 00018000 08:06 791116                     /lib/x86_64-linux-gnu/libpthread-2.23.so
7fe737a7f000-7fe737a80000 r--p 00017000 08:06 791116                     /lib/x86_64-linux-gnu/libpthread-2.23.so
7fe737a80000-7fe737a81000 rw-p 00018000 08:06 791116                     /lib/x86_64-linux-gnu/libpthread-2.23.so
7fe737a81000-7fe737a85000 rw-p 00000000 00:00 0 
7fe737a85000-7fe737aab000 r-xp 00000000 08:06 790942                     /lib/x86_64-linux-gnu/ld-2.23.so
7fe737aaf000-7fe737b81000 rw-p 00000000 00:00 0 
7fe737b81000-7fe737b84000 ---p 00000000 00:00 0 
7fe737b84000-7fe737c86000 rw-p 00000000 00:00 0 
7fe737c8a000-7fe737c9e000 rw-p 00000000 00:00 0 
7fe737c9e000-7fe737ca6000 rw-s 00000000 08:06 5648347                    /tmp/hsperfdata_nur/7102
7fe737ca6000-7fe737ca7000 rw-p 00000000 00:00 0 
7fe737ca7000-7fe737ca8000 ---p 00000000 00:00 0 
7fe737ca8000-7fe737caa000 rw-p 00000000 00:00 0 
7fe737caa000-7fe737cab000 r--p 00025000 08:06 790942                     /lib/x86_64-linux-gnu/ld-2.23.so
7fe737cab000-7fe737cac000 rw-p 00026000 08:06 790942                     /lib/x86_64-linux-gnu/ld-2.23.so
7fe737cac000-7fe737cad000 rw-p 00000000 00:00 0 
7ffeaeeda000-7ffeaeefc000 rw-p 00000000 00:00 0                          [stack]
7ffeaef39000-7ffeaef3b000 r--p 00000000 00:00 0                          [vvar]
7ffeaef3b000-7ffeaef3d000 r-xp 00000000 00:00 0                          [vdso]
ffffffffff600000-ffffffffff601000 r-xp 00000000 00:00 0                  [vsyscall]

VM Arguments:
jvm_args: -Djava.awt.headless=true -Xmx1024M -Dfile.encoding=UTF-8 -Duser.country=US -Duser.language=en -Duser.variant 
java_command: com.android.dx.command.Main --dex --force-jumbo --num-threads=4 --multi-dex --output /home/nur/AndroidStudioProjects/CatetDuit/app/build/intermediates/transforms/dex/debug/folders/1000/5/slice_2 /home/nur/AndroidStudioProjects/CatetDuit/app/build/intermediates/transforms/instantRunSlicer/debug/folders/1/5/slice_2
java_class_path (initial): /home/nur/Android/Sdk/build-tools/24.0.2/lib/dx.jar
Launcher Type: SUN_STANDARD

Environment Variables:
PATH=/usr/local/heroku/bin:/usr/local/sbin:/usr/local/bin:/usr/sbin:/usr/bin:/sbin:/bin:/usr/games:/usr/local/games:/snap/bin
LD_LIBRARY_PATH=/home/nur/android-studio/bin:
SHELL=/bin/bash
DISPLAY=:0

Signal Handlers:
SIGSEGV: [libjvm.so+0xac4790], sa_mask[0]=11111111011111111101111111111110, sa_flags=SA_RESTART|SA_SIGINFO
SIGBUS: [libjvm.so+0xac4790], sa_mask[0]=11111111011111111101111111111110, sa_flags=SA_RESTART|SA_SIGINFO
SIGFPE: [libjvm.so+0x91f140], sa_mask[0]=11111111011111111101111111111110, sa_flags=SA_RESTART|SA_SIGINFO
SIGPIPE: [libjvm.so+0x91f140], sa_mask[0]=11111111011111111101111111111110, sa_flags=SA_RESTART|SA_SIGINFO
SIGXFSZ: [libjvm.so+0x91f140], sa_mask[0]=11111111011111111101111111111110, sa_flags=SA_RESTART|SA_SIGINFO
SIGILL: [libjvm.so+0x91f140], sa_mask[0]=11111111011111111101111111111110, sa_flags=SA_RESTART|SA_SIGINFO
SIGUSR1: SIG_DFL, sa_mask[0]=00000000000000000000000000000000, sa_flags=none
SIGUSR2: [libjvm.so+0x920770], sa_mask[0]=00100000000000000000000000000000, sa_flags=SA_RESTART|SA_SIGINFO
SIGHUP: [libjvm.so+0x921b70], sa_mask[0]=11111111011111111101111111111110, sa_flags=SA_RESTART|SA_SIGINFO
SIGINT: [libjvm.so+0x921b70], sa_mask[0]=11111111011111111101111111111110, sa_flags=SA_RESTART|SA_SIGINFO
SIGTERM: [libjvm.so+0x921b70], sa_mask[0]=11111111011111111101111111111110, sa_flags=SA_RESTART|SA_SIGINFO
SIGQUIT: [libjvm.so+0x921b70], sa_mask[0]=11111111011111111101111111111110, sa_flags=SA_RESTART|SA_SIGINFO


---------------  S Y S T E M  ---------------

OS:DISTRIB_ID=Ubuntu
DISTRIB_RELEASE=16.04
DISTRIB_CODENAME=xenial
DISTRIB_DESCRIPTION="Ubuntu 16.04.1 LTS"

uname:Linux 4.4.0-38-generic #57-Ubuntu SMP Tue Sep 6 15:42:33 UTC 2016 x86_64
libc:glibc 2.23 NPTL 2.23 
rlimit: STACK 8192k, CORE 0k, NPROC 22972, NOFILE 65536, AS infinity
load average:1,52 1,22 1,22

/proc/meminfo:
MemTotal:        5918860 kB
MemFree:          870776 kB
MemAvailable:    2142204 kB
Buffers:          152640 kB
Cached:          1321408 kB
SwapCached:            0 kB
Active:          4046584 kB
Inactive:         706788 kB
Active(anon):    3282716 kB
Inactive(anon):    40224 kB
Active(file):     763868 kB
Inactive(file):   666564 kB
Unevictable:          48 kB
Mlocked:              48 kB
SwapTotal:       1953788 kB
SwapFree:        1953788 kB
Dirty:              1384 kB
Writeback:             0 kB
AnonPages:       3289928 kB
Mapped:           382180 kB
Shmem:             43620 kB
Slab:             143580 kB
SReclaimable:     105592 kB
SUnreclaim:        37988 kB
KernelStack:       11040 kB
PageTables:        40484 kB
NFS_Unstable:          0 kB
Bounce:                0 kB
WritebackTmp:          0 kB
CommitLimit:     4913216 kB
Committed_AS:    7028628 kB
VmallocTotal:   34359738367 kB
VmallocUsed:           0 kB
VmallocChunk:          0 kB
HardwareCorrupted:     0 kB
AnonHugePages:   2228224 kB
CmaTotal:              0 kB
CmaFree:               0 kB
HugePages_Total:       0
HugePages_Free:        0
HugePages_Rsvd:        0
HugePages_Surp:        0
Hugepagesize:       2048 kB
DirectMap4k:      210512 kB
DirectMap2M:     5888000 kB


CPU:total 4 (2 cores per cpu, 2 threads per core) family 6 model 42 stepping 7, cmov, cx8, fxsr, mmx, sse, sse2, sse3, ssse3, sse4.1, sse4.2, popcnt, avx, aes, clmul, ht, tsc, tscinvbit

/proc/cpuinfo:
processor	: 0
vendor_id	: GenuineIntel
cpu family	: 6
model		: 42
model name	: Intel(R) Core(TM) i5-2450M CPU @ 2.50GHz
stepping	: 7
microcode	: 0x23
cpu MHz		: 2499.902
cache size	: 3072 KB
physical id	: 0
siblings	: 4
core id		: 0
cpu cores	: 2
apicid		: 0
initial apicid	: 0
fpu		: yes
fpu_exception	: yes
cpuid level	: 13
wp		: yes
flags		: fpu vme de pse tsc msr pae mce cx8 apic sep mtrr pge mca cmov pat pse36 clflush dts acpi mmx fxsr sse sse2 ss ht tm pbe syscall nx rdtscp lm constant_tsc arch_perfmon pebs bts nopl xtopology nonstop_tsc aperfmperf eagerfpu pni pclmulqdq dtes64 monitor ds_cpl vmx est tm2 ssse3 cx16 xtpr pdcm pcid sse4_1 sse4_2 x2apic popcnt tsc_deadline_timer aes xsave avx lahf_lm epb tpr_shadow vnmi flexpriority ept vpid xsaveopt dtherm ida arat pln pts
bugs		:
bogomips	: 4989.10
clflush size	: 64
cache_alignment	: 64
address sizes	: 36 bits physical, 48 bits virtual
power management:

processor	: 1
vendor_id	: GenuineIntel
cpu family	: 6
model		: 42
model name	: Intel(R) Core(TM) i5-2450M CPU @ 2.50GHz
stepping	: 7
microcode	: 0x23
cpu MHz		: 2500.000
cache size	: 3072 KB
physical id	: 0
siblings	: 4
core id		: 0
cpu cores	: 2
apicid		: 1
initial apicid	: 1
fpu		: yes
fpu_exception	: yes
cpuid level	: 13
wp		: yes
flags		: fpu vme de pse tsc msr pae mce cx8 apic sep mtrr pge mca cmov pat pse36 clflush dts acpi mmx fxsr sse sse2 ss ht tm pbe syscall nx rdtscp lm constant_tsc arch_perfmon pebs bts nopl xtopology nonstop_tsc aperfmperf eagerfpu pni pclmulqdq dtes64 monitor ds_cpl vmx est tm2 ssse3 cx16 xtpr pdcm pcid sse4_1 sse4_2 x2apic popcnt tsc_deadline_timer aes xsave avx lahf_lm epb tpr_shadow vnmi flexpriority ept vpid xsaveopt dtherm arat pln pts
bugs		:
bogomips	: 4989.10
clflush size	: 64
cache_alignment	: 64
address sizes	: 36 bits physical, 48 bits virtual
power management:

processor	: 2
vendor_id	: GenuineIntel
cpu family	: 6
model		: 42
model name	: Intel(R) Core(TM) i5-2450M CPU @ 2.50GHz
stepping	: 7
microcode	: 0x23
cpu MHz		: 2499.902
cache size	: 3072 KB
physical id	: 0
siblings	: 4
core id		: 1
cpu cores	: 2
apicid		: 2
initial apicid	: 2
fpu		: yes
fpu_exception	: yes
cpuid level	: 13
wp		: yes
flags		: fpu vme de pse tsc msr pae mce cx8 apic sep mtrr pge mca cmov pat pse36 clflush dts acpi mmx fxsr sse sse2 ss ht tm pbe syscall nx rdtscp lm constant_tsc arch_perfmon pebs bts nopl xtopology nonstop_tsc aperfmperf eagerfpu pni pclmulqdq dtes64 monitor ds_cpl vmx est tm2 ssse3 cx16 xtpr pdcm pcid sse4_1 sse4_2 x2apic popcnt tsc_deadline_timer aes xsave avx lahf_lm epb tpr_shadow vnmi flexpriority ept vpid xsaveopt dtherm arat pln pts
bugs		:
bogomips	: 4989.10
clflush size	: 64
cache_alignment	: 64
address sizes	: 36 bits physical, 48 bits virtual
power management:

processor	: 3
vendor_id	: GenuineIntel
cpu family	: 6
model		: 42
model name	: Intel(R) Core(TM) i5-2450M CPU @ 2.50GHz
stepping	: 7
microcode	: 0x23
cpu MHz		: 2500.000
cache size	: 3072 KB
physical id	: 0
siblings	: 4
core id		: 1
cpu cores	: 2
apicid		: 3
initial apicid	: 3
fpu		: yes
fpu_exception	: yes
cpuid level	: 13
wp		: yes
flags		: fpu vme de pse tsc msr pae mce cx8 apic sep mtrr pge mca cmov pat pse36 clflush dts acpi mmx fxsr sse sse2 ss ht tm pbe syscall nx rdtscp lm constant_tsc arch_perfmon pebs bts nopl xtopology nonstop_tsc aperfmperf eagerfpu pni pclmulqdq dtes64 monitor ds_cpl vmx est tm2 ssse3 cx16 xtpr pdcm pcid sse4_1 sse4_2 x2apic popcnt tsc_deadline_timer aes xsave avx lahf_lm epb tpr_shadow vnmi flexpriority ept vpid xsaveopt dtherm arat pln pts
bugs		:
bogomips	: 4989.10
clflush size	: 64
cache_alignment	: 64
address sizes	: 36 bits physical, 48 bits virtual
power management:



Memory: 4k page, physical 5918860k(870776k free), swap 1953788k(1953788k free)

vm_info: Java HotSpot(TM) 64-Bit Server VM (25.101-b13) for linux-amd64 JRE (1.8.0_101-b13), built on Jun 22 2016 02:59:44 by "java_re" with gcc 4.3.0 20080428 (Red Hat 4.3.0-8)

time: Fri Oct  7 14:33:41 2016
elapsed time: 2 seconds (0d 0h 0m 2s)

