#
# A fatal error has been detected by the Java Runtime Environment:
#
#  SIGSEGV (0xb) at pc=0x00007f0a8c9be5a3, pid=13710, tid=0x00007f0a8a371700
#
# JRE version: Java(TM) SE Runtime Environment (8.0_101-b13) (build 1.8.0_101-b13)
# Java VM: Java HotSpot(TM) 64-Bit Server VM (25.101-b13 mixed mode linux-amd64 compressed oops)
# Problematic frame:
# V  [libjvm.so+0x98c5a3]  oopDesc* PSPromotionManager::copy_to_survivor_space<false>(oopDesc*)+0x143
#
# Failed to write core dump. Core dumps have been disabled. To enable core dumping, try "ulimit -c unlimited" before starting Java again
#
# If you would like to submit a bug report, please visit:
#   http://bugreport.java.com/bugreport/crash.jsp
#

---------------  T H R E A D  ---------------

Current thread (0x00007f0a84022800):  GCTaskThread [stack: 0x00007f0a8a271000,0x00007f0a8a372000] [id=13718]

siginfo: si_signo: 11 (SIGSEGV), si_code: 1 (SEGV_MAPERR), si_addr: 0x0000000180080c10

Registers:
RAX=0x00007f0a8cfbfb90, RBX=0x00000000c03449d8, RCX=0x0000000000000003, RDX=0x0000000000000001
RSP=0x00007f0a8a3709a0, RBP=0x00007f0a8a370a10, RSI=0x00000000ec87f238, RDI=0x0000000180080c08
R8 =0x00000000c0e88910, R9 =0x0000000000000000, R10=0x00007f0a8cfe4059, R11=0x00007f0a8a370950
R12=0x00000000ec87f238, R13=0x0000000000000001, R14=0x0000000000000000, R15=0x00007f0a84075368
RIP=0x00007f0a8c9be5a3, EFLAGS=0x0000000000010202, CSGSFS=0x0000000000000033, ERR=0x0000000000000004
  TRAPNO=0x000000000000000e

Top of Stack: (sp=0x00007f0a8a3709a0)
0x00007f0a8a3709a0:   00000000c0750205 00007f0a8cfe4059
0x00007f0a8a3709b0:   00007f0a84075328 00007f0a84075300
0x00007f0a8a3709c0:   00000000c0e86c50 0000000000000400
0x00007f0a8a3709d0:   00000000ebbaecd2 0000000000001000
0x00007f0a8a3709e0:   00007f0a84075328 00000000c03449d8
0x00007f0a8a3709f0:   00007f0a84075300 00007f0a8cfbfb80
0x00007f0a8a370a00:   0000000000000000 00007f0a84075368
0x00007f0a8a370a10:   00007f0a8a370b00 00007f0a8c9bde70
0x00007f0a8a370a20:   00007f0a8a370aa0 00007f0a8a370a90
0x00007f0a8a370a30:   00007f0a8a370aa0 00007f0a8a370a60
0x00007f0a8a370a40:   00007f0a8a370a70 00007f0a8a370ac0
0x00007f0a8a370a50:   00000000c0744ced 00007f0a84075398
0x00007f0a8a370a60:   00007f0a84023d28 00007f0a84075360
0x00007f0a8a370a70:   00007f0a8d80e53f 00000000c00838cc
0x00007f0a8a370a80:   00007f0a8a370b00 00007f0a8c9315af
0x00007f0a8a370a90:   0000000100025a58 00000000c018c8bc
0x00007f0a8a370aa0:   00007f0a8a370b00 00007f0a8c680ac0
0x00007f0a8a370ab0:   00000000c034545d 00007f0a8cff3290
0x00007f0a8a370ac0:   00000000c03449d9 00007f0a84075360
0x00007f0a8a370ad0:   0000000000000000 00000000c0345f68
0x00007f0a8a370ae0:   00000000c0345e00 00007f0a8a6cba2f
0x00007f0a8a370af0:   00007f0a84017c60 00007f0a8a6cba81
0x00007f0a8a370b00:   00007f0a8a370bc0 00007f0a8c43113e
0x00007f0a8a370b10:   00007f0a8401ec80 00007f0a8a6cba80
0x00007f0a8a370b20:   00007f0a8a6cba01 00007f0a8cfe4059
0x00007f0a8a370b30:   00007f0a84075300 00000000c0759d08
0x00007f0a8a370b40:   00007f0a840179a0 00007f0a8a6cdacf
0x00007f0a8a370b50:   00000000c0341cf0 0000000000000200
0x00007f0a8a370b60:   00000000c0350000 00007f0a8a6cba14
0x00007f0a8a370b70:   0000000000000240 00007f0a8a6cbc00
0x00007f0a8a370b80:   00007f0a8a6cbc00 00007f0a8a6cba2f
0x00007f0a8a370b90:   00007f0a8a6cba14 00007f0a84026e30 

Instructions: (pc=0x00007f0a8c9be5a3)
0x00007f0a8c9be583:   83 e0 07 48 83 f8 05 75 d3 31 db eb d6 48 8b 05
0x00007f0a8c9be593:   f1 24 5e 00 8b 7e 08 8b 48 08 48 d3 e7 48 03 38
0x00007f0a8c9be5a3:   8b 77 08 83 fe 00 0f 8f 0a ff ff ff 0f 85 4b 02
0x00007f0a8c9be5b3:   00 00 0f 1f 00 48 8b 07 4c 89 e6 4c 89 55 98 ff 

Register to memory mapping:

RAX=0x00007f0a8cfbfb90: <offset 0xf8db90> in /usr/lib/jvm/java-8-oracle/jre/lib/amd64/server/libjvm.so at 0x00007f0a8c032000
RBX=0x00000000c03449d8 is pointing into object: 0x00000000c0341cf0
[Ljava.lang.Object; 
 - klass: 'java/lang/Object'[]
 - length: 4250
RCX=0x0000000000000003 is an unknown value
RDX=0x0000000000000001 is an unknown value
RSP=0x00007f0a8a3709a0 is an unknown value
RBP=0x00007f0a8a370a10 is an unknown value
RSI=0x00000000ec87f238 is an oop

[error occurred during error reporting (printing register info), id 0xb]

Stack: [0x00007f0a8a271000,0x00007f0a8a372000],  sp=0x00007f0a8a3709a0,  free space=1022k
Native frames: (J=compiled Java code, j=interpreted, Vv=VM code, C=native code)
V  [libjvm.so+0x98c5a3]  oopDesc* PSPromotionManager::copy_to_survivor_space<false>(oopDesc*)+0x143
V  [libjvm.so+0x98be70]  PSPromotionManager::drain_stacks_depth(bool)+0x830
V  [libjvm.so+0x3ff13e]  CardTableExtension::scavenge_contents_parallel(ObjectStartArray*, MutableSpace*, HeapWord*, PSPromotionManager*, unsigned int, unsigned int)+0xafe
V  [libjvm.so+0x98f6eb]  OldToYoungRootsTask::do_it(GCTaskManager*, unsigned int)+0x4b
V  [libjvm.so+0x5d6b5f]  GCTaskThread::run()+0x12f
V  [libjvm.so+0x924698]  java_start(Thread*)+0x108


---------------  P R O C E S S  ---------------

Java Threads: ( => current thread )
  0x00007f0a84186800 JavaThread "pool-2-thread-4" [_thread_blocked, id=13733, stack(0x00007f0a6dd27000,0x00007f0a6de28000)]
  0x00007f0a84184800 JavaThread "pool-2-thread-3" [_thread_blocked, id=13732, stack(0x00007f0a6de28000,0x00007f0a6df29000)]
  0x00007f0a84183000 JavaThread "pool-2-thread-2" [_thread_blocked, id=13731, stack(0x00007f0a6df29000,0x00007f0a6e02a000)]
  0x00007f0a84175000 JavaThread "pool-3-thread-1" [_thread_blocked, id=13730, stack(0x00007f0a6e02a000,0x00007f0a6e12b000)]
  0x00007f0a84172800 JavaThread "pool-2-thread-1" [_thread_blocked, id=13729, stack(0x00007f0a6e12b000,0x00007f0a6e22c000)]
  0x00007f0a840c1000 JavaThread "Service Thread" daemon [_thread_blocked, id=13727, stack(0x00007f0a6e32d000,0x00007f0a6e42e000)]
  0x00007f0a840be000 JavaThread "C1 CompilerThread2" daemon [_thread_blocked, id=13726, stack(0x00007f0a6e42e000,0x00007f0a6e52f000)]
  0x00007f0a840bc000 JavaThread "C2 CompilerThread1" daemon [_thread_blocked, id=13725, stack(0x00007f0a6e52f000,0x00007f0a6e630000)]
  0x00007f0a840b9800 JavaThread "C2 CompilerThread0" daemon [_thread_blocked, id=13724, stack(0x00007f0a6e630000,0x00007f0a6e731000)]
  0x00007f0a840b8000 JavaThread "Signal Dispatcher" daemon [_thread_blocked, id=13723, stack(0x00007f0a6e731000,0x00007f0a6e832000)]
  0x00007f0a84084000 JavaThread "Finalizer" daemon [_thread_blocked, id=13722, stack(0x00007f0a6f1f2000,0x00007f0a6f2f3000)]
  0x00007f0a8407f800 JavaThread "Reference Handler" daemon [_thread_blocked, id=13721, stack(0x00007f0a6f2f3000,0x00007f0a6f3f4000)]
  0x00007f0a8400a000 JavaThread "main" [_thread_blocked, id=13715, stack(0x00007f0a8db1c000,0x00007f0a8dc1d000)]

Other Threads:
  0x00007f0a84078000 VMThread [stack: 0x00007f0a6f3f4000,0x00007f0a6f4f5000] [id=13720]
  0x00007f0a840c4000 WatcherThread [stack: 0x00007f0a6e22c000,0x00007f0a6e32d000] [id=13728]

=>0x00007f0a84022800 (exited) GCTaskThread [stack: 0x00007f0a8a271000,0x00007f0a8a372000] [id=13718]

VM state:at safepoint (normal execution)

VM Mutex/Monitor currently owned by a thread:  ([mutex/lock_event])
[0x00007f0a84006490] Threads_lock - owner thread: 0x00007f0a84078000
[0x00007f0a84006990] Heap_lock - owner thread: 0x00007f0a84186800

Heap:
 PSYoungGen      total 51712K, used 51696K [0x00000000eab00000, 0x00000000ee100000, 0x0000000100000000)
  eden space 48128K, 100% used [0x00000000eab00000,0x00000000eda00000,0x00000000eda00000)
  from space 3584K, 99% used [0x00000000edd80000,0x00000000ee0fc288,0x00000000ee100000)
  to   space 3584K, 99% used [0x00000000eda00000,0x00000000edd7d450,0x00000000edd80000)
 ParOldGen       total 62976K, used 19222K [0x00000000c0000000, 0x00000000c3d80000, 0x00000000eab00000)
  object space 62976K, 30% used [0x00000000c0000000,0x00000000c12c7940,0x00000000c3d80000)
 Metaspace       used 5800K, capacity 6960K, committed 7040K, reserved 1056768K
  class space    used 576K, capacity 616K, committed 640K, reserved 1048576K

Card table byte_map: [0x00007f0a8a6ca000,0x00007f0a8a8cb000] byte_map_base: 0x00007f0a8a0ca000

Marking Bits: (ParMarkBitMap*) 0x00007f0a8cff3120
 Begin Bits: [0x00007f0a88170000, 0x00007f0a89170000)
 End Bits:   [0x00007f0a89170000, 0x00007f0a8a170000)

Polling page: 0x00007f0a8dc42000

CodeCache: size=245760Kb used=4741Kb max_used=4741Kb free=241018Kb
 bounds [0x00007f0a75000000, 0x00007f0a754b0000, 0x00007f0a84000000]
 total_blobs=1520 nmethods=1257 adapters=175
 compilation: enabled

Compilation events (10 events):
Event: 2,146 Thread 0x00007f0a840be000 nmethod 1328 0x00007f0a7545e450 code [0x00007f0a7545e5c0, 0x00007f0a7545e748]
Event: 2,146 Thread 0x00007f0a840be000 1329       2       com.android.dx.util.ListIntSet::add (26 bytes)
Event: 2,147 Thread 0x00007f0a840be000 nmethod 1329 0x00007f0a75493f10 code [0x00007f0a75494080, 0x00007f0a75494258]
Event: 2,147 Thread 0x00007f0a840be000 1330       2       com.android.dx.util.IntList::insert (115 bytes)
Event: 2,147 Thread 0x00007f0a840be000 nmethod 1330 0x00007f0a75494350 code [0x00007f0a754944e0, 0x00007f0a754948a8]
Event: 2,147 Thread 0x00007f0a840be000 1326       2       com.android.dx.util.ListIntSet::<init> (23 bytes)
Event: 2,148 Thread 0x00007f0a840be000 nmethod 1326 0x00007f0a75494a90 code [0x00007f0a75494c40, 0x00007f0a75494fb8]
Event: 2,148 Thread 0x00007f0a840be000 1332 %     3       com.android.dx.ssa.SsaConverter::placePhiFunctions @ 131 (394 bytes)
Event: 2,153 Thread 0x00007f0a840be000 nmethod 1332% 0x00007f0a75495210 code [0x00007f0a754957c0, 0x00007f0a75498fc8]
Event: 2,155 Thread 0x00007f0a840be000 1333       3       com.android.dx.ssa.SsaConverter::placePhiFunctions (394 bytes)

GC Heap History (5 events):
Event: 0,735 GC heap before
{Heap before GC invocations=1 (full 0):
 PSYoungGen      total 27648K, used 24064K [0x00000000eab00000, 0x00000000ec980000, 0x0000000100000000)
  eden space 24064K, 100% used [0x00000000eab00000,0x00000000ec280000,0x00000000ec280000)
  from space 3584K, 0% used [0x00000000ec600000,0x00000000ec600000,0x00000000ec980000)
  to   space 3584K, 0% used [0x00000000ec280000,0x00000000ec280000,0x00000000ec600000)
 ParOldGen       total 62976K, used 0K [0x00000000c0000000, 0x00000000c3d80000, 0x00000000eab00000)
  object space 62976K, 0% used [0x00000000c0000000,0x00000000c0000000,0x00000000c3d80000)
 Metaspace       used 5468K, capacity 6704K, committed 6784K, reserved 1056768K
  class space    used 568K, capacity 616K, committed 640K, reserved 1048576K
Event: 0,746 GC heap after
Heap after GC invocations=1 (full 0):
 PSYoungGen      total 27648K, used 3574K [0x00000000eab00000, 0x00000000ee100000, 0x0000000100000000)
  eden space 24064K, 0% used [0x00000000eab00000,0x00000000eab00000,0x00000000ec280000)
  from space 3584K, 99% used [0x00000000ec280000,0x00000000ec5fd988,0x00000000ec600000)
  to   space 3584K, 0% used [0x00000000edd80000,0x00000000edd80000,0x00000000ee100000)
 ParOldGen       total 62976K, used 2667K [0x00000000c0000000, 0x00000000c3d80000, 0x00000000eab00000)
  object space 62976K, 4% used [0x00000000c0000000,0x00000000c029af28,0x00000000c3d80000)
 Metaspace       used 5468K, capacity 6704K, committed 6784K, reserved 1056768K
  class space    used 568K, capacity 616K, committed 640K, reserved 1048576K
}
Event: 1,216 GC heap before
{Heap before GC invocations=2 (full 0):
 PSYoungGen      total 27648K, used 27638K [0x00000000eab00000, 0x00000000ee100000, 0x0000000100000000)
  eden space 24064K, 100% used [0x00000000eab00000,0x00000000ec280000,0x00000000ec280000)
  from space 3584K, 99% used [0x00000000ec280000,0x00000000ec5fd988,0x00000000ec600000)
  to   space 3584K, 0% used [0x00000000edd80000,0x00000000edd80000,0x00000000ee100000)
 ParOldGen       total 62976K, used 2667K [0x00000000c0000000, 0x00000000c3d80000, 0x00000000eab00000)
  object space 62976K, 4% used [0x00000000c0000000,0x00000000c029af28,0x00000000c3d80000)
 Metaspace       used 5577K, capacity 6768K, committed 7040K, reserved 1056768K
  class space    used 571K, capacity 616K, committed 640K, reserved 1048576K
Event: 1,236 GC heap after
Heap after GC invocations=2 (full 0):
 PSYoungGen      total 51712K, used 3568K [0x00000000eab00000, 0x00000000ee100000, 0x0000000100000000)
  eden space 48128K, 0% used [0x00000000eab00000,0x00000000eab00000,0x00000000eda00000)
  from space 3584K, 99% used [0x00000000edd80000,0x00000000ee0fc288,0x00000000ee100000)
  to   space 3584K, 0% used [0x00000000eda00000,0x00000000eda00000,0x00000000edd80000)
 ParOldGen       total 62976K, used 7527K [0x00000000c0000000, 0x00000000c3d80000, 0x00000000eab00000)
  object space 62976K, 11% used [0x00000000c0000000,0x00000000c0759d08,0x00000000c3d80000)
 Metaspace       used 5577K, capacity 6768K, committed 7040K, reserved 1056768K
  class space    used 571K, capacity 616K, committed 640K, reserved 1048576K
}
Event: 2,163 GC heap before
{Heap before GC invocations=3 (full 0):
 PSYoungGen      total 51712K, used 51696K [0x00000000eab00000, 0x00000000ee100000, 0x0000000100000000)
  eden space 48128K, 100% used [0x00000000eab00000,0x00000000eda00000,0x00000000eda00000)
  from space 3584K, 99% used [0x00000000edd80000,0x00000000ee0fc288,0x00000000ee100000)
  to   space 3584K, 0% used [0x00000000eda00000,0x00000000eda00000,0x00000000edd80000)
 ParOldGen       total 62976K, used 7527K [0x00000000c0000000, 0x00000000c3d80000, 0x00000000eab00000)
  object space 62976K, 11% used [0x00000000c0000000,0x00000000c0759d08,0x00000000c3d80000)
 Metaspace       used 5800K, capacity 6960K, committed 7040K, reserved 1056768K
  class space    used 576K, capacity 616K, committed 640K, reserved 1048576K

Deoptimization events (10 events):
Event: 0,794 Thread 0x00007f0a84184800 Uncommon trap: reason=class_check action=maybe_recompile pc=0x00007f0a7526a1a4 method=com.android.dx.ssa.NormalSsaInsn.accept(Lcom/android/dx/ssa/SsaInsn$Visitor;)V @ 9
Event: 0,808 Thread 0x00007f0a8400a000 Uncommon trap: reason=unstable_if action=reinterpret pc=0x00007f0a75239d34 method=com.android.dx.rop.code.RegisterSpec.equals(ILcom/android/dx/rop/type/TypeBearer;Lcom/android/dx/rop/code/LocalItem;)Z @ 16
Event: 0,984 Thread 0x00007f0a84172800 Uncommon trap: reason=class_check action=maybe_recompile pc=0x00007f0a7526a1a4 method=com.android.dx.ssa.NormalSsaInsn.accept(Lcom/android/dx/ssa/SsaInsn$Visitor;)V @ 9
Event: 1,087 Thread 0x00007f0a84184800 Uncommon trap: reason=class_check action=maybe_recompile pc=0x00007f0a7526a1a4 method=com.android.dx.ssa.NormalSsaInsn.accept(Lcom/android/dx/ssa/SsaInsn$Visitor;)V @ 9
Event: 1,102 Thread 0x00007f0a84172800 Uncommon trap: reason=unstable_if action=reinterpret pc=0x00007f0a752b6f58 method=com.android.dx.rop.code.RegisterSpecSet.put(Lcom/android/dx/rop/code/RegisterSpec;)V @ 77
Event: 1,208 Thread 0x00007f0a84172800 Uncommon trap: reason=class_check action=maybe_recompile pc=0x00007f0a7526a1a4 method=com.android.dx.ssa.NormalSsaInsn.accept(Lcom/android/dx/ssa/SsaInsn$Visitor;)V @ 9
Event: 1,723 Thread 0x00007f0a84184800 Uncommon trap: reason=unstable_if action=reinterpret pc=0x00007f0a7544ab90 method=com.android.dx.rop.code.LocalItem.hashCode()I @ 25
Event: 1,723 Thread 0x00007f0a84184800 Uncommon trap: reason=unstable_if action=reinterpret pc=0x00007f0a7540894c method=com.android.dx.rop.code.LocalItem.hashCode()I @ 25
Event: 1,729 Thread 0x00007f0a84184800 Uncommon trap: reason=unstable_if action=reinterpret pc=0x00007f0a751d3c70 method=java.util.HashMap.getNode(ILjava/lang/Object;)Ljava/util/HashMap$Node; @ 129
Event: 1,730 Thread 0x00007f0a84184800 Uncommon trap: reason=unstable_if action=reinterpret pc=0x00007f0a753df398 method=com.android.dx.rop.code.LocalItem.hashCode()I @ 25

Internal exceptions (2 events):
Event: 0,051 Thread 0x00007f0a8400a000 Exception <a 'java/lang/NoSuchMethodError': Method sun.misc.Unsafe.defineClass(Ljava/lang/String;[BII)Ljava/lang/Class; name or signature does not match> (0x00000000eab07cc0) thrown at [/HUDSON3/workspace/8-2-build-linux-amd64/jdk8u101/7261/hotspot/src/sh
Event: 0,051 Thread 0x00007f0a8400a000 Exception <a 'java/lang/NoSuchMethodError': Method sun.misc.Unsafe.prefetchRead(Ljava/lang/Object;J)V name or signature does not match> (0x00000000eab07fa8) thrown at [/HUDSON3/workspace/8-2-build-linux-amd64/jdk8u101/7261/hotspot/src/share/vm/prims/jni.c

Events (10 events):
Event: 2,128 Executing VM operation: Deoptimize done
Event: 2,137 Thread 0x00007f0a84186800 DEOPT PACKING pc=0x00007f0a754105fc sp=0x00007f0a6de25db0
Event: 2,137 Thread 0x00007f0a84186800 DEOPT UNPACKING pc=0x00007f0a75047633 sp=0x00007f0a6de25c18 mode 0
Event: 2,154 loading class com/android/dx/util/ListIntSet$1
Event: 2,154 loading class com/android/dx/util/ListIntSet$1 done
Event: 2,154 Executing VM operation: Deoptimize
Event: 2,154 Executing VM operation: Deoptimize done
Event: 2,155 Thread 0x00007f0a84186800 DEOPT PACKING pc=0x00007f0a75496e1c sp=0x00007f0a6de25d20
Event: 2,155 Thread 0x00007f0a84186800 DEOPT UNPACKING pc=0x00007f0a75047633 sp=0x00007f0a6de25c18 mode 0
Event: 2,161 Executing VM operation: ParallelGCFailedAllocation


Dynamic libraries:
00400000-00401000 r-xp 00000000 08:06 4991853                            /usr/lib/jvm/java-8-oracle/bin/java
00600000-00601000 rw-p 00000000 08:06 4991853                            /usr/lib/jvm/java-8-oracle/bin/java
01634000-01655000 rw-p 00000000 00:00 0                                  [heap]
c0000000-c3d80000 rw-p 00000000 00:00 0 
c3d80000-eab00000 ---p 00000000 00:00 0 
eab00000-ee100000 rw-p 00000000 00:00 0 
ee100000-100000000 ---p 00000000 00:00 0 
100000000-1000a0000 rw-p 00000000 00:00 0 
1000a0000-140000000 ---p 00000000 00:00 0 
7f0a28000000-7f0a28050000 rw-p 00000000 00:00 0 
7f0a28050000-7f0a2c000000 ---p 00000000 00:00 0 
7f0a2c000000-7f0a2c072000 rw-p 00000000 00:00 0 
7f0a2c072000-7f0a30000000 ---p 00000000 00:00 0 
7f0a30000000-7f0a30021000 rw-p 00000000 00:00 0 
7f0a30021000-7f0a34000000 ---p 00000000 00:00 0 
7f0a34000000-7f0a34065000 rw-p 00000000 00:00 0 
7f0a34065000-7f0a38000000 ---p 00000000 00:00 0 
7f0a38000000-7f0a38021000 rw-p 00000000 00:00 0 
7f0a38021000-7f0a3c000000 ---p 00000000 00:00 0 
7f0a3c000000-7f0a3c0af000 rw-p 00000000 00:00 0 
7f0a3c0af000-7f0a40000000 ---p 00000000 00:00 0 
7f0a40000000-7f0a407eb000 rw-p 00000000 00:00 0 
7f0a407eb000-7f0a44000000 ---p 00000000 00:00 0 
7f0a44000000-7f0a44021000 rw-p 00000000 00:00 0 
7f0a44021000-7f0a48000000 ---p 00000000 00:00 0 
7f0a48000000-7f0a48df1000 rw-p 00000000 00:00 0 
7f0a48df1000-7f0a4c000000 ---p 00000000 00:00 0 
7f0a4c000000-7f0a4c9fa000 rw-p 00000000 00:00 0 
7f0a4c9fa000-7f0a50000000 ---p 00000000 00:00 0 
7f0a50000000-7f0a50021000 rw-p 00000000 00:00 0 
7f0a50021000-7f0a54000000 ---p 00000000 00:00 0 
7f0a54000000-7f0a54021000 rw-p 00000000 00:00 0 
7f0a54021000-7f0a58000000 ---p 00000000 00:00 0 
7f0a58000000-7f0a58021000 rw-p 00000000 00:00 0 
7f0a58021000-7f0a5c000000 ---p 00000000 00:00 0 
7f0a5c000000-7f0a5c021000 rw-p 00000000 00:00 0 
7f0a5c021000-7f0a60000000 ---p 00000000 00:00 0 
7f0a60000000-7f0a60021000 rw-p 00000000 00:00 0 
7f0a60021000-7f0a64000000 ---p 00000000 00:00 0 
7f0a64000000-7f0a64294000 rw-p 00000000 00:00 0 
7f0a64294000-7f0a68000000 ---p 00000000 00:00 0 
7f0a68000000-7f0a68021000 rw-p 00000000 00:00 0 
7f0a68021000-7f0a6c000000 ---p 00000000 00:00 0 
7f0a6dd27000-7f0a6dd2a000 ---p 00000000 00:00 0 
7f0a6dd2a000-7f0a6de28000 rw-p 00000000 00:00 0 
7f0a6de28000-7f0a6de2b000 ---p 00000000 00:00 0 
7f0a6de2b000-7f0a6df29000 rw-p 00000000 00:00 0 
7f0a6df29000-7f0a6df2c000 ---p 00000000 00:00 0 
7f0a6df2c000-7f0a6e02a000 rw-p 00000000 00:00 0 
7f0a6e02a000-7f0a6e02d000 ---p 00000000 00:00 0 
7f0a6e02d000-7f0a6e12b000 rw-p 00000000 00:00 0 
7f0a6e12b000-7f0a6e12e000 ---p 00000000 00:00 0 
7f0a6e12e000-7f0a6e22c000 rw-p 00000000 00:00 0 
7f0a6e22c000-7f0a6e22d000 ---p 00000000 00:00 0 
7f0a6e22d000-7f0a6e32d000 rw-p 00000000 00:00 0 
7f0a6e32d000-7f0a6e330000 ---p 00000000 00:00 0 
7f0a6e330000-7f0a6e42e000 rw-p 00000000 00:00 0 
7f0a6e42e000-7f0a6e431000 ---p 00000000 00:00 0 
7f0a6e431000-7f0a6e52f000 rw-p 00000000 00:00 0 
7f0a6e52f000-7f0a6e532000 ---p 00000000 00:00 0 
7f0a6e532000-7f0a6e630000 rw-p 00000000 00:00 0 
7f0a6e630000-7f0a6e633000 ---p 00000000 00:00 0 
7f0a6e633000-7f0a6e731000 rw-p 00000000 00:00 0 
7f0a6e731000-7f0a6e734000 ---p 00000000 00:00 0 
7f0a6e734000-7f0a6e832000 rw-p 00000000 00:00 0 
7f0a6e832000-7f0a6f1f2000 r--p 00000000 08:06 2628587                    /usr/lib/locale/locale-archive
7f0a6f1f2000-7f0a6f1f5000 ---p 00000000 00:00 0 
7f0a6f1f5000-7f0a6f2f3000 rw-p 00000000 00:00 0 
7f0a6f2f3000-7f0a6f2f6000 ---p 00000000 00:00 0 
7f0a6f2f6000-7f0a6f3f4000 rw-p 00000000 00:00 0 
7f0a6f3f4000-7f0a6f3f5000 ---p 00000000 00:00 0 
7f0a6f3f5000-7f0a70000000 rw-p 00000000 00:00 0 
7f0a70000000-7f0a70021000 rw-p 00000000 00:00 0 
7f0a70021000-7f0a74000000 ---p 00000000 00:00 0 
7f0a74023000-7f0a74427000 rw-p 00000000 00:00 0 
7f0a74427000-7f0a74600000 r--s 03d29000 08:06 5119781                    /usr/lib/jvm/java-8-oracle/jre/lib/rt.jar
7f0a74600000-7f0a74c40000 rw-p 00000000 00:00 0 
7f0a74c40000-7f0a74e00000 ---p 00000000 00:00 0 
7f0a74e00000-7f0a75000000 rw-p 00000000 00:00 0 
7f0a75000000-7f0a754b0000 rwxp 00000000 00:00 0 
7f0a754b0000-7f0a84000000 ---p 00000000 00:00 0 
7f0a84000000-7f0a843a2000 rw-p 00000000 00:00 0 
7f0a843a2000-7f0a88000000 ---p 00000000 00:00 0 
7f0a88047000-7f0a88055000 r--s 000e0000 08:06 9570111                    /home/nur/Android/Sdk/build-tools/24.0.2/lib/dx.jar
7f0a88055000-7f0a8a170000 rw-p 00000000 00:00 0 
7f0a8a170000-7f0a8a171000 ---p 00000000 00:00 0 
7f0a8a171000-7f0a8a271000 rw-p 00000000 00:00 0 
7f0a8a271000-7f0a8a272000 ---p 00000000 00:00 0 
7f0a8a272000-7f0a8a372000 rw-p 00000000 00:00 0 
7f0a8a372000-7f0a8a373000 ---p 00000000 00:00 0 
7f0a8a373000-7f0a8a473000 rw-p 00000000 00:00 0 
7f0a8a473000-7f0a8a474000 ---p 00000000 00:00 0 
7f0a8a474000-7f0a8a593000 rw-p 00000000 00:00 0 
7f0a8a593000-7f0a8a6ca000 ---p 00000000 00:00 0 
7f0a8a6ca000-7f0a8a6e9000 rw-p 00000000 00:00 0 
7f0a8a6e9000-7f0a8a81f000 ---p 00000000 00:00 0 
7f0a8a81f000-7f0a8a83b000 rw-p 00000000 00:00 0 
7f0a8a83b000-7f0a8a8ca000 ---p 00000000 00:00 0 
7f0a8a8ca000-7f0a8a8de000 rw-p 00000000 00:00 0 
7f0a8a8de000-7f0a8ac8b000 ---p 00000000 00:00 0 
7f0a8ac8b000-7f0a8aca5000 r-xp 00000000 08:06 7213491                    /usr/lib/jvm/java-8-oracle/jre/lib/amd64/libzip.so
7f0a8aca5000-7f0a8aea5000 ---p 0001a000 08:06 7213491                    /usr/lib/jvm/java-8-oracle/jre/lib/amd64/libzip.so
7f0a8aea5000-7f0a8aea6000 rw-p 0001a000 08:06 7213491                    /usr/lib/jvm/java-8-oracle/jre/lib/amd64/libzip.so
7f0a8aea6000-7f0a8aeb1000 r-xp 00000000 08:06 791069                     /lib/x86_64-linux-gnu/libnss_files-2.23.so
7f0a8aeb1000-7f0a8b0b0000 ---p 0000b000 08:06 791069                     /lib/x86_64-linux-gnu/libnss_files-2.23.so
7f0a8b0b0000-7f0a8b0b1000 r--p 0000a000 08:06 791069                     /lib/x86_64-linux-gnu/libnss_files-2.23.so
7f0a8b0b1000-7f0a8b0b2000 rw-p 0000b000 08:06 791069                     /lib/x86_64-linux-gnu/libnss_files-2.23.so
7f0a8b0b2000-7f0a8b0b8000 rw-p 00000000 00:00 0 
7f0a8b0b8000-7f0a8b0c3000 r-xp 00000000 08:06 791079                     /lib/x86_64-linux-gnu/libnss_nis-2.23.so
7f0a8b0c3000-7f0a8b2c2000 ---p 0000b000 08:06 791079                     /lib/x86_64-linux-gnu/libnss_nis-2.23.so
7f0a8b2c2000-7f0a8b2c3000 r--p 0000a000 08:06 791079                     /lib/x86_64-linux-gnu/libnss_nis-2.23.so
7f0a8b2c3000-7f0a8b2c4000 rw-p 0000b000 08:06 791079                     /lib/x86_64-linux-gnu/libnss_nis-2.23.so
7f0a8b2c4000-7f0a8b2da000 r-xp 00000000 08:06 791063                     /lib/x86_64-linux-gnu/libnsl-2.23.so
7f0a8b2da000-7f0a8b4d9000 ---p 00016000 08:06 791063                     /lib/x86_64-linux-gnu/libnsl-2.23.so
7f0a8b4d9000-7f0a8b4da000 r--p 00015000 08:06 791063                     /lib/x86_64-linux-gnu/libnsl-2.23.so
7f0a8b4da000-7f0a8b4db000 rw-p 00016000 08:06 791063                     /lib/x86_64-linux-gnu/libnsl-2.23.so
7f0a8b4db000-7f0a8b4dd000 rw-p 00000000 00:00 0 
7f0a8b4dd000-7f0a8b4e5000 r-xp 00000000 08:06 791065                     /lib/x86_64-linux-gnu/libnss_compat-2.23.so
7f0a8b4e5000-7f0a8b6e4000 ---p 00008000 08:06 791065                     /lib/x86_64-linux-gnu/libnss_compat-2.23.so
7f0a8b6e4000-7f0a8b6e5000 r--p 00007000 08:06 791065                     /lib/x86_64-linux-gnu/libnss_compat-2.23.so
7f0a8b6e5000-7f0a8b6e6000 rw-p 00008000 08:06 791065                     /lib/x86_64-linux-gnu/libnss_compat-2.23.so
7f0a8b6e6000-7f0a8b710000 r-xp 00000000 08:06 7213517                    /usr/lib/jvm/java-8-oracle/jre/lib/amd64/libjava.so
7f0a8b710000-7f0a8b910000 ---p 0002a000 08:06 7213517                    /usr/lib/jvm/java-8-oracle/jre/lib/amd64/libjava.so
7f0a8b910000-7f0a8b912000 rw-p 0002a000 08:06 7213517                    /usr/lib/jvm/java-8-oracle/jre/lib/amd64/libjava.so
7f0a8b912000-7f0a8b91f000 r-xp 00000000 08:06 7213471                    /usr/lib/jvm/java-8-oracle/jre/lib/amd64/libverify.so
7f0a8b91f000-7f0a8bb1f000 ---p 0000d000 08:06 7213471                    /usr/lib/jvm/java-8-oracle/jre/lib/amd64/libverify.so
7f0a8bb1f000-7f0a8bb21000 rw-p 0000d000 08:06 7213471                    /usr/lib/jvm/java-8-oracle/jre/lib/amd64/libverify.so
7f0a8bb21000-7f0a8bb28000 r-xp 00000000 08:06 791124                     /lib/x86_64-linux-gnu/librt-2.23.so
7f0a8bb28000-7f0a8bd27000 ---p 00007000 08:06 791124                     /lib/x86_64-linux-gnu/librt-2.23.so
7f0a8bd27000-7f0a8bd28000 r--p 00006000 08:06 791124                     /lib/x86_64-linux-gnu/librt-2.23.so
7f0a8bd28000-7f0a8bd29000 rw-p 00007000 08:06 791124                     /lib/x86_64-linux-gnu/librt-2.23.so
7f0a8bd29000-7f0a8be31000 r-xp 00000000 08:06 791040                     /lib/x86_64-linux-gnu/libm-2.23.so
7f0a8be31000-7f0a8c030000 ---p 00108000 08:06 791040                     /lib/x86_64-linux-gnu/libm-2.23.so
7f0a8c030000-7f0a8c031000 r--p 00107000 08:06 791040                     /lib/x86_64-linux-gnu/libm-2.23.so
7f0a8c031000-7f0a8c032000 rw-p 00108000 08:06 791040                     /lib/x86_64-linux-gnu/libm-2.23.so
7f0a8c032000-7f0a8ccfd000 r-xp 00000000 08:06 7344163                    /usr/lib/jvm/java-8-oracle/jre/lib/amd64/server/libjvm.so
7f0a8ccfd000-7f0a8cefc000 ---p 00ccb000 08:06 7344163                    /usr/lib/jvm/java-8-oracle/jre/lib/amd64/server/libjvm.so
7f0a8cefc000-7f0a8cfd5000 rw-p 00cca000 08:06 7344163                    /usr/lib/jvm/java-8-oracle/jre/lib/amd64/server/libjvm.so
7f0a8cfd5000-7f0a8d020000 rw-p 00000000 00:00 0 
7f0a8d020000-7f0a8d1e0000 r-xp 00000000 08:06 790970                     /lib/x86_64-linux-gnu/libc-2.23.so
7f0a8d1e0000-7f0a8d3df000 ---p 001c0000 08:06 790970                     /lib/x86_64-linux-gnu/libc-2.23.so
7f0a8d3df000-7f0a8d3e3000 r--p 001bf000 08:06 790970                     /lib/x86_64-linux-gnu/libc-2.23.so
7f0a8d3e3000-7f0a8d3e5000 rw-p 001c3000 08:06 790970                     /lib/x86_64-linux-gnu/libc-2.23.so
7f0a8d3e5000-7f0a8d3e9000 rw-p 00000000 00:00 0 
7f0a8d3e9000-7f0a8d3ec000 r-xp 00000000 08:06 790994                     /lib/x86_64-linux-gnu/libdl-2.23.so
7f0a8d3ec000-7f0a8d5eb000 ---p 00003000 08:06 790994                     /lib/x86_64-linux-gnu/libdl-2.23.so
7f0a8d5eb000-7f0a8d5ec000 r--p 00002000 08:06 790994                     /lib/x86_64-linux-gnu/libdl-2.23.so
7f0a8d5ec000-7f0a8d5ed000 rw-p 00003000 08:06 790994                     /lib/x86_64-linux-gnu/libdl-2.23.so
7f0a8d5ed000-7f0a8d602000 r-xp 00000000 08:06 9183342                    /usr/lib/jvm/java-8-oracle/lib/amd64/jli/libjli.so
7f0a8d602000-7f0a8d802000 ---p 00015000 08:06 9183342                    /usr/lib/jvm/java-8-oracle/lib/amd64/jli/libjli.so
7f0a8d802000-7f0a8d803000 rw-p 00015000 08:06 9183342                    /usr/lib/jvm/java-8-oracle/lib/amd64/jli/libjli.so
7f0a8d803000-7f0a8d81b000 r-xp 00000000 08:06 791116                     /lib/x86_64-linux-gnu/libpthread-2.23.so
7f0a8d81b000-7f0a8da1a000 ---p 00018000 08:06 791116                     /lib/x86_64-linux-gnu/libpthread-2.23.so
7f0a8da1a000-7f0a8da1b000 r--p 00017000 08:06 791116                     /lib/x86_64-linux-gnu/libpthread-2.23.so
7f0a8da1b000-7f0a8da1c000 rw-p 00018000 08:06 791116                     /lib/x86_64-linux-gnu/libpthread-2.23.so
7f0a8da1c000-7f0a8da20000 rw-p 00000000 00:00 0 
7f0a8da20000-7f0a8da46000 r-xp 00000000 08:06 790942                     /lib/x86_64-linux-gnu/ld-2.23.so
7f0a8da4a000-7f0a8db1c000 rw-p 00000000 00:00 0 
7f0a8db1c000-7f0a8db1f000 ---p 00000000 00:00 0 
7f0a8db1f000-7f0a8dc21000 rw-p 00000000 00:00 0 
7f0a8dc25000-7f0a8dc39000 rw-p 00000000 00:00 0 
7f0a8dc39000-7f0a8dc41000 rw-s 00000000 08:06 5648282                    /tmp/hsperfdata_nur/13710
7f0a8dc41000-7f0a8dc42000 rw-p 00000000 00:00 0 
7f0a8dc42000-7f0a8dc43000 ---p 00000000 00:00 0 
7f0a8dc43000-7f0a8dc45000 rw-p 00000000 00:00 0 
7f0a8dc45000-7f0a8dc46000 r--p 00025000 08:06 790942                     /lib/x86_64-linux-gnu/ld-2.23.so
7f0a8dc46000-7f0a8dc47000 rw-p 00026000 08:06 790942                     /lib/x86_64-linux-gnu/ld-2.23.so
7f0a8dc47000-7f0a8dc48000 rw-p 00000000 00:00 0 
7fffdd140000-7fffdd162000 rw-p 00000000 00:00 0                          [stack]
7fffdd17a000-7fffdd17c000 r--p 00000000 00:00 0                          [vvar]
7fffdd17c000-7fffdd17e000 r-xp 00000000 00:00 0                          [vdso]
ffffffffff600000-ffffffffff601000 r-xp 00000000 00:00 0                  [vsyscall]

VM Arguments:
jvm_args: -Djava.awt.headless=true -Xmx1024M -Dfile.encoding=UTF-8 -Duser.country=US -Duser.language=en -Duser.variant 
java_command: com.android.dx.command.Main --dex --force-jumbo --num-threads=4 --multi-dex --output /home/nur/AndroidStudioProjects/CatetDuit/app/build/intermediates/transforms/dex/debug/folders/1000/5/slice_2 /home/nur/AndroidStudioProjects/CatetDuit/app/build/intermediates/transforms/instantRunSlicer/debug/folders/1/5/slice_2
java_class_path (initial): /home/nur/Android/Sdk/build-tools/24.0.2/lib/dx.jar
Launcher Type: SUN_STANDARD

Environment Variables:
PATH=/usr/local/heroku/bin:/usr/local/sbin:/usr/local/bin:/usr/sbin:/usr/bin:/sbin:/bin:/usr/games:/usr/local/games:/snap/bin
LD_LIBRARY_PATH=/home/nur/android-studio/bin:
SHELL=/bin/bash
DISPLAY=:0

Signal Handlers:
SIGSEGV: [libjvm.so+0xac4790], sa_mask[0]=11111111011111111101111111111110, sa_flags=SA_RESTART|SA_SIGINFO
SIGBUS: [libjvm.so+0xac4790], sa_mask[0]=11111111011111111101111111111110, sa_flags=SA_RESTART|SA_SIGINFO
SIGFPE: [libjvm.so+0x91f140], sa_mask[0]=11111111011111111101111111111110, sa_flags=SA_RESTART|SA_SIGINFO
SIGPIPE: [libjvm.so+0x91f140], sa_mask[0]=11111111011111111101111111111110, sa_flags=SA_RESTART|SA_SIGINFO
SIGXFSZ: [libjvm.so+0x91f140], sa_mask[0]=11111111011111111101111111111110, sa_flags=SA_RESTART|SA_SIGINFO
SIGILL: [libjvm.so+0x91f140], sa_mask[0]=11111111011111111101111111111110, sa_flags=SA_RESTART|SA_SIGINFO
SIGUSR1: SIG_DFL, sa_mask[0]=00000000000000000000000000000000, sa_flags=none
SIGUSR2: [libjvm.so+0x920770], sa_mask[0]=00100000000000000000000000000000, sa_flags=SA_RESTART|SA_SIGINFO
SIGHUP: [libjvm.so+0x921b70], sa_mask[0]=11111111011111111101111111111110, sa_flags=SA_RESTART|SA_SIGINFO
SIGINT: [libjvm.so+0x921b70], sa_mask[0]=11111111011111111101111111111110, sa_flags=SA_RESTART|SA_SIGINFO
SIGTERM: [libjvm.so+0x921b70], sa_mask[0]=11111111011111111101111111111110, sa_flags=SA_RESTART|SA_SIGINFO
SIGQUIT: [libjvm.so+0x921b70], sa_mask[0]=11111111011111111101111111111110, sa_flags=SA_RESTART|SA_SIGINFO


---------------  S Y S T E M  ---------------

OS:DISTRIB_ID=Ubuntu
DISTRIB_RELEASE=16.04
DISTRIB_CODENAME=xenial
DISTRIB_DESCRIPTION="Ubuntu 16.04.1 LTS"

uname:Linux 4.4.0-38-generic #57-Ubuntu SMP Tue Sep 6 15:42:33 UTC 2016 x86_64
libc:glibc 2.23 NPTL 2.23 
rlimit: STACK 8192k, CORE 0k, NPROC 22972, NOFILE 65536, AS infinity
load average:0,98 0,50 0,47

/proc/meminfo:
MemTotal:        5918860 kB
MemFree:          487804 kB
MemAvailable:    2114976 kB
Buffers:          429860 kB
Cached:          1199640 kB
SwapCached:         2148 kB
Active:          3720100 kB
Inactive:        1193960 kB
Active(anon):    2698380 kB
Inactive(anon):   619180 kB
Active(file):    1021720 kB
Inactive(file):   574780 kB
Unevictable:          32 kB
Mlocked:              32 kB
SwapTotal:       1953788 kB
SwapFree:        1946848 kB
Dirty:             14192 kB
Writeback:          1320 kB
AnonPages:       3293216 kB
Mapped:           334316 kB
Shmem:             33136 kB
Slab:             367160 kB
SReclaimable:     326940 kB
SUnreclaim:        40220 kB
KernelStack:       10256 kB
PageTables:        37560 kB
NFS_Unstable:          0 kB
Bounce:                0 kB
WritebackTmp:          0 kB
CommitLimit:     4913216 kB
Committed_AS:    6771616 kB
VmallocTotal:   34359738367 kB
VmallocUsed:           0 kB
VmallocChunk:          0 kB
HardwareCorrupted:     0 kB
AnonHugePages:   2076672 kB
CmaTotal:              0 kB
CmaFree:               0 kB
HugePages_Total:       0
HugePages_Free:        0
HugePages_Rsvd:        0
HugePages_Surp:        0
Hugepagesize:       2048 kB
DirectMap4k:      222800 kB
DirectMap2M:     5875712 kB


CPU:total 4 (2 cores per cpu, 2 threads per core) family 6 model 42 stepping 7, cmov, cx8, fxsr, mmx, sse, sse2, sse3, ssse3, sse4.1, sse4.2, popcnt, avx, aes, clmul, ht, tsc, tscinvbit

/proc/cpuinfo:
processor	: 0
vendor_id	: GenuineIntel
cpu family	: 6
model		: 42
model name	: Intel(R) Core(TM) i5-2450M CPU @ 2.50GHz
stepping	: 7
microcode	: 0x23
cpu MHz		: 2499.902
cache size	: 3072 KB
physical id	: 0
siblings	: 4
core id		: 0
cpu cores	: 2
apicid		: 0
initial apicid	: 0
fpu		: yes
fpu_exception	: yes
cpuid level	: 13
wp		: yes
flags		: fpu vme de pse tsc msr pae mce cx8 apic sep mtrr pge mca cmov pat pse36 clflush dts acpi mmx fxsr sse sse2 ss ht tm pbe syscall nx rdtscp lm constant_tsc arch_perfmon pebs bts nopl xtopology nonstop_tsc aperfmperf eagerfpu pni pclmulqdq dtes64 monitor ds_cpl vmx est tm2 ssse3 cx16 xtpr pdcm pcid sse4_1 sse4_2 x2apic popcnt tsc_deadline_timer aes xsave avx lahf_lm epb tpr_shadow vnmi flexpriority ept vpid xsaveopt dtherm ida arat pln pts
bugs		:
bogomips	: 4988.68
clflush size	: 64
cache_alignment	: 64
address sizes	: 36 bits physical, 48 bits virtual
power management:

processor	: 1
vendor_id	: GenuineIntel
cpu family	: 6
model		: 42
model name	: Intel(R) Core(TM) i5-2450M CPU @ 2.50GHz
stepping	: 7
microcode	: 0x23
cpu MHz		: 2500.000
cache size	: 3072 KB
physical id	: 0
siblings	: 4
core id		: 0
cpu cores	: 2
apicid		: 1
initial apicid	: 1
fpu		: yes
fpu_exception	: yes
cpuid level	: 13
wp		: yes
flags		: fpu vme de pse tsc msr pae mce cx8 apic sep mtrr pge mca cmov pat pse36 clflush dts acpi mmx fxsr sse sse2 ss ht tm pbe syscall nx rdtscp lm constant_tsc arch_perfmon pebs bts nopl xtopology nonstop_tsc aperfmperf eagerfpu pni pclmulqdq dtes64 monitor ds_cpl vmx est tm2 ssse3 cx16 xtpr pdcm pcid sse4_1 sse4_2 x2apic popcnt tsc_deadline_timer aes xsave avx lahf_lm epb tpr_shadow vnmi flexpriority ept vpid xsaveopt dtherm arat pln pts
bugs		:
bogomips	: 4988.68
clflush size	: 64
cache_alignment	: 64
address sizes	: 36 bits physical, 48 bits virtual
power management:

processor	: 2
vendor_id	: GenuineIntel
cpu family	: 6
model		: 42
model name	: Intel(R) Core(TM) i5-2450M CPU @ 2.50GHz
stepping	: 7
microcode	: 0x23
cpu MHz		: 2499.902
cache size	: 3072 KB
physical id	: 0
siblings	: 4
core id		: 1
cpu cores	: 2
apicid		: 2
initial apicid	: 2
fpu		: yes
fpu_exception	: yes
cpuid level	: 13
wp		: yes
flags		: fpu vme de pse tsc msr pae mce cx8 apic sep mtrr pge mca cmov pat pse36 clflush dts acpi mmx fxsr sse sse2 ss ht tm pbe syscall nx rdtscp lm constant_tsc arch_perfmon pebs bts nopl xtopology nonstop_tsc aperfmperf eagerfpu pni pclmulqdq dtes64 monitor ds_cpl vmx est tm2 ssse3 cx16 xtpr pdcm pcid sse4_1 sse4_2 x2apic popcnt tsc_deadline_timer aes xsave avx lahf_lm epb tpr_shadow vnmi flexpriority ept vpid xsaveopt dtherm arat pln pts
bugs		:
bogomips	: 4988.68
clflush size	: 64
cache_alignment	: 64
address sizes	: 36 bits physical, 48 bits virtual
power management:

processor	: 3
vendor_id	: GenuineIntel
cpu family	: 6
model		: 42
model name	: Intel(R) Core(TM) i5-2450M CPU @ 2.50GHz
stepping	: 7
microcode	: 0x23
cpu MHz		: 2500.000
cache size	: 3072 KB
physical id	: 0
siblings	: 4
core id		: 1
cpu cores	: 2
apicid		: 3
initial apicid	: 3
fpu		: yes
fpu_exception	: yes
cpuid level	: 13
wp		: yes
flags		: fpu vme de pse tsc msr pae mce cx8 apic sep mtrr pge mca cmov pat pse36 clflush dts acpi mmx fxsr sse sse2 ss ht tm pbe syscall nx rdtscp lm constant_tsc arch_perfmon pebs bts nopl xtopology nonstop_tsc aperfmperf eagerfpu pni pclmulqdq dtes64 monitor ds_cpl vmx est tm2 ssse3 cx16 xtpr pdcm pcid sse4_1 sse4_2 x2apic popcnt tsc_deadline_timer aes xsave avx lahf_lm epb tpr_shadow vnmi flexpriority ept vpid xsaveopt dtherm arat pln pts
bugs		:
bogomips	: 4988.68
clflush size	: 64
cache_alignment	: 64
address sizes	: 36 bits physical, 48 bits virtual
power management:



Memory: 4k page, physical 5918860k(487804k free), swap 1953788k(1946848k free)

vm_info: Java HotSpot(TM) 64-Bit Server VM (25.101-b13) for linux-amd64 JRE (1.8.0_101-b13), built on Jun 22 2016 02:59:44 by "java_re" with gcc 4.3.0 20080428 (Red Hat 4.3.0-8)

time: Thu Sep 29 12:41:52 2016
elapsed time: 2 seconds (0d 0h 0m 2s)

