#
# A fatal error has been detected by the Java Runtime Environment:
#
#  SIGSEGV (0xb) at pc=0x00007f72b16ee948, pid=8813, tid=0x00007f729323b700
#
# JRE version: Java(TM) SE Runtime Environment (8.0_101-b13) (build 1.8.0_101-b13)
# Java VM: Java HotSpot(TM) 64-Bit Server VM (25.101-b13 mixed mode linux-amd64 compressed oops)
# Problematic frame:
# J 1841 C1 com.android.dx.dex.code.OutputFinisher.align64bits([Lcom/android/dx/dex/code/Dop;)V (247 bytes) @ 0x00007f72b16ee948 [0x00007f72b16ee3e0+0x568]
#
# Failed to write core dump. Core dumps have been disabled. To enable core dumping, try "ulimit -c unlimited" before starting Java again
#
# If you would like to submit a bug report, please visit:
#   http://bugreport.java.com/bugreport/crash.jsp
#

---------------  T H R E A D  ---------------

Current thread (0x00007f72c0178800):  JavaThread "pool-1-thread-1" [_thread_in_Java, id=8838, stack(0x00007f729313b000,0x00007f729323c000)]

siginfo: si_signo: 11 (SIGSEGV), si_code: 2 (SEGV_ACCERR), si_addr: 0x00000000d0e17cb8

Registers:
RAX=0x00000000c047f228, RBX=0x000000010008c420, RCX=0x0000000000000000, RDX=0x00000000c047f228
RSP=0x00007f7293239f20, RBP=0x00007f729323a048, RSI=0x000000010008c420, RDI=0x00000000d0e17cb8
R8 =0x0000000000000000, R9 =0x00000000c0456c00, R10=0x00000000c047f228, R11=0x0000000000000cb2
R12=0x0000000000000000, R13=0x00007f72a9e551c0, R14=0x00007f729323a060, R15=0x00007f72c0178800
RIP=0x00007f72b16ee948, EFLAGS=0x0000000000010206, CSGSFS=0x0000000000000033, ERR=0x0000000000000004
  TRAPNO=0x000000000000000e

Top of Stack: (sp=0x00007f7293239f20)
0x00007f7293239f20:   00000000000000a5 00007f72a9d91458
0x00007f7293239f30:   00000000c0eb39d8 00000000c0eb39d8
0x00007f7293239f40:   00000000c0455078 0000000000000ee4
0x00007f7293239f50:   00000000ffffffff 0000000000000ee4
0x00007f7293239f60:   00000000ef42c510 00000000c0455038
0x00007f7293239f70:   00007f7293239f70 00007f72a9d9047c
0x00007f7293239f80:   00007f729323a000 00007f72a9d92028
0x00007f7293239f90:   00007f72a9e56590 00000000ef4300b0
0x00007f7293239fa0:   0000000000000000 0000000000000004
0x00007f7293239fb0:   0000000000000009 00000000c0455038
0x00007f7293239fc0:   00000000ef42c510 00000000d0e17cb8
0x00007f7293239fd0:   00000000c047f0c0 0000000000000000
0x00007f7293239fe0:   00007f729323a048 00007f72b10082bd
0x00007f7293239ff0:   00007f72b10082bd 00000000ef42c510
0x00007f729323a000:   00000000c0455038 00007f729323a008
0x00007f729323a010:   00007f72a9d90268 00007f729323a060
0x00007f729323a020:   00007f72a9d92028 0000000000000000
0x00007f729323a030:   00007f72a9d902b8 00007f7293239ff8
0x00007f729323a040:   00007f729323a060 00007f729323a0b0
0x00007f729323a050:   00007f72b1008040 00000000ef42c510
0x00007f729323a060:   00000000c0455038 00000000c0455010
0x00007f729323a070:   00007f729323a070 00007f72a9da1b6d
0x00007f729323a080:   00007f729323a0c0 00007f72a9da2338
0x00007f729323a090:   0000000000000000 00007f72a9da1bc0
0x00007f729323a0a0:   00007f729323a060 00007f729323a0c0
0x00007f729323a0b0:   00007f729323a108 00007f72b10082bd
0x00007f729323a0c0:   00000000c0455010 00007f729323a0c8
0x00007f729323a0d0:   00007f72a9da20b1 00007f729323a118
0x00007f729323a0e0:   00007f72a9da2338 0000000000000000
0x00007f729323a0f0:   00007f72a9da20d0 00007f729323a0c0
0x00007f729323a100:   00007f729323a118 00007f729323a160
0x00007f729323a110:   00007f72b1008040 00000000c0455010 

Instructions: (pc=0x00007f72b16ee948)
0x00007f72b16ee928:   00 00 48 83 87 e8 01 00 00 01 8b 7a 18 48 89 bc
0x00007f72b16ee938:   24 a8 00 00 00 41 b8 00 00 00 00 0f 1f 44 00 00
0x00007f72b16ee948:   48 3b 07 48 8b f7 49 bb c0 51 e5 a9 72 7f 00 00
0x00007f72b16ee958:   8b 76 08 48 c1 e6 03 49 3b b3 20 02 00 00 75 0d 

Register to memory mapping:

RAX=0x00000000c047f228 is an oop
com.android.dx.dex.code.CodeAddress 
 - klass: 'com/android/dx/dex/code/CodeAddress'
RBX=0x000000010008c420 is pointing into metadata
RCX=0x0000000000000000 is an unknown value
RDX=0x00000000c047f228 is an oop
com.android.dx.dex.code.CodeAddress 
 - klass: 'com/android/dx/dex/code/CodeAddress'
RSP=0x00007f7293239f20 is pointing into the stack for thread: 0x00007f72c0178800
RBP=0x00007f729323a048 is pointing into the stack for thread: 0x00007f72c0178800
RSI=0x000000010008c420 is pointing into metadata
RDI=0x00000000d0e17cb8 is an unallocated location in the heap
R8 =0x0000000000000000 is an unknown value
R9 =0x00000000c0456c00 is an oop
[Ljava.lang.Object; 
 - klass: 'java/lang/Object'[]
 - length: 4758
R10=0x00000000c047f228 is an oop
com.android.dx.dex.code.CodeAddress 
 - klass: 'com/android/dx/dex/code/CodeAddress'
R11=0x0000000000000cb2 is an unknown value
R12=0x0000000000000000 is an unknown value
R13=0x00007f72a9e551c0 is pointing into metadata
R14=0x00007f729323a060 is pointing into the stack for thread: 0x00007f72c0178800
R15=0x00007f72c0178800 is a thread


Stack: [0x00007f729313b000,0x00007f729323c000],  sp=0x00007f7293239f20,  free space=1019k
Native frames: (J=compiled Java code, j=interpreted, Vv=VM code, C=native code)
J 1841 C1 com.android.dx.dex.code.OutputFinisher.align64bits([Lcom/android/dx/dex/code/Dop;)V (247 bytes) @ 0x00007f72b16ee948 [0x00007f72b16ee3e0+0x568]
j  com.android.dx.dex.code.OutputFinisher.finishProcessingAndGetList()Lcom/android/dx/dex/code/DalvInsnList;+40
j  com.android.dx.dex.code.DalvCode.finishProcessingIfNecessary()V+13
j  com.android.dx.dex.code.DalvCode.getInsns()Lcom/android/dx/dex/code/DalvInsnList;+1
j  com.android.dx.dex.file.CodeItem.place0(Lcom/android/dx/dex/file/Section;I)V+55
j  com.android.dx.dex.file.OffsettedItem.place(Lcom/android/dx/dex/file/Section;I)I+73
j  com.android.dx.dex.file.MixedItemSection.placeItems()V+94
j  com.android.dx.dex.file.DexFile.toDex0(ZZ)Lcom/android/dx/util/ByteArrayAnnotatedOutput;+195
j  com.android.dx.dex.file.DexFile.toDex(Ljava/io/Writer;Z)[B+13
j  com.android.dx.command.dexer.Main.writeDex(Lcom/android/dx/dex/file/DexFile;)[B+44
j  com.android.dx.command.dexer.Main.access$3000(Lcom/android/dx/dex/file/DexFile;)[B+1
j  com.android.dx.command.dexer.Main$DexWriter.call()[B+4
j  com.android.dx.command.dexer.Main$DexWriter.call()Ljava/lang/Object;+1
j  java.util.concurrent.FutureTask.run()V+42
j  java.util.concurrent.ThreadPoolExecutor.runWorker(Ljava/util/concurrent/ThreadPoolExecutor$Worker;)V+95
j  java.util.concurrent.ThreadPoolExecutor$Worker.run()V+5
j  java.lang.Thread.run()V+11
v  ~StubRoutines::call_stub
V  [libjvm.so+0x68f6b6]  JavaCalls::call_helper(JavaValue*, methodHandle*, JavaCallArguments*, Thread*)+0x1056
V  [libjvm.so+0x68fbc1]  JavaCalls::call_virtual(JavaValue*, KlassHandle, Symbol*, Symbol*, JavaCallArguments*, Thread*)+0x321
V  [libjvm.so+0x690067]  JavaCalls::call_virtual(JavaValue*, Handle, KlassHandle, Symbol*, Symbol*, Thread*)+0x47
V  [libjvm.so+0x726fc0]  thread_entry(JavaThread*, Thread*)+0xa0
V  [libjvm.so+0xa7343f]  JavaThread::thread_main_inner()+0xdf
V  [libjvm.so+0xa7356c]  JavaThread::run()+0x11c
V  [libjvm.so+0x924698]  java_start(Thread*)+0x108
C  [libpthread.so.0+0x76fa]  start_thread+0xca


---------------  P R O C E S S  ---------------

Java Threads: ( => current thread )
=>0x00007f72c0178800 JavaThread "pool-1-thread-1" [_thread_in_Java, id=8838, stack(0x00007f729313b000,0x00007f729323c000)]
  0x00007f72c00c9000 JavaThread "Service Thread" daemon [_thread_blocked, id=8831, stack(0x00007f72a81a8000,0x00007f72a82a9000)]
  0x00007f72c00be000 JavaThread "C1 CompilerThread2" daemon [_thread_blocked, id=8830, stack(0x00007f72a82a9000,0x00007f72a83aa000)]
  0x00007f72c00bc000 JavaThread "C2 CompilerThread1" daemon [_thread_blocked, id=8829, stack(0x00007f72a83aa000,0x00007f72a84ab000)]
  0x00007f72c00b9800 JavaThread "C2 CompilerThread0" daemon [_thread_blocked, id=8828, stack(0x00007f72a84ab000,0x00007f72a85ac000)]
  0x00007f72c00b8000 JavaThread "Signal Dispatcher" daemon [_thread_blocked, id=8827, stack(0x00007f72a85ac000,0x00007f72a86ad000)]
  0x00007f72c0084000 JavaThread "Finalizer" daemon [_thread_blocked, id=8826, stack(0x00007f72a86ad000,0x00007f72a87ae000)]
  0x00007f72c007f800 JavaThread "Reference Handler" daemon [_thread_blocked, id=8825, stack(0x00007f72a87ae000,0x00007f72a88af000)]
  0x00007f72c000a000 JavaThread "main" [_thread_blocked, id=8819, stack(0x00007f72c6f77000,0x00007f72c7078000)]

Other Threads:
  0x00007f72c0078000 VMThread [stack: 0x00007f72a88af000,0x00007f72a89b0000] [id=8824]
  0x00007f72c00cc000 WatcherThread [stack: 0x00007f72a80a7000,0x00007f72a81a8000] [id=8832]

VM state:not at safepoint (normal execution)

VM Mutex/Monitor currently owned by a thread: None

Heap:
 PSYoungGen      total 99840K, used 75193K [0x00000000eab00000, 0x00000000f1000000, 0x0000000100000000)
  eden space 96256K, 78% used [0x00000000eab00000,0x00000000ef46e6f8,0x00000000f0900000)
  from space 3584K, 0% used [0x00000000f0c80000,0x00000000f0c80000,0x00000000f1000000)
  to   space 3584K, 0% used [0x00000000f0900000,0x00000000f0900000,0x00000000f0c80000)
 ParOldGen       total 74752K, used 15956K [0x00000000c0000000, 0x00000000c4900000, 0x00000000eab00000)
  object space 74752K, 21% used [0x00000000c0000000,0x00000000c0f95320,0x00000000c4900000)
 Metaspace       used 6055K, capacity 7152K, committed 7296K, reserved 1056768K
  class space    used 591K, capacity 616K, committed 640K, reserved 1048576K

Card table byte_map: [0x00007f72b0a3f000,0x00007f72b0c40000] byte_map_base: 0x00007f72b043f000

Marking Bits: (ParMarkBitMap*) 0x00007f72c644e120
 Begin Bits: [0x00007f72aa000000, 0x00007f72ab000000)
 End Bits:   [0x00007f72ab000000, 0x00007f72ac000000)

Polling page: 0x00007f72c709d000

CodeCache: size=245760Kb used=7090Kb max_used=7104Kb free=238669Kb
 bounds [0x00007f72b1000000, 0x00007f72b1700000, 0x00007f72c0000000]
 total_blobs=1994 nmethods=1733 adapters=175
 compilation: enabled

Compilation events (10 events):
Event: 3,572 Thread 0x00007f72c00be000 nmethod 1833 0x00007f72b16c9090 code [0x00007f72b16c9280, 0x00007f72b16c9ad8]
Event: 3,572 Thread 0x00007f72c00be000 1841       3       com.android.dx.dex.code.OutputFinisher::align64bits (247 bytes)
Event: 3,573 Thread 0x00007f72c00b9800 nmethod 1839 0x00007f72b16edb90 code [0x00007f72b16edd00, 0x00007f72b16ede78]
Event: 3,574 Thread 0x00007f72c00be000 nmethod 1841 0x00007f72b16ee110 code [0x00007f72b16ee3e0, 0x00007f72b16efbf8]
Event: 3,574 Thread 0x00007f72c00be000 1842       3       com.android.dx.rop.cst.CstFieldRef::compareTo0 (43 bytes)
Event: 3,574 Thread 0x00007f72c00be000 nmethod 1842 0x00007f72b16cef10 code [0x00007f72b16cf100, 0x00007f72b16cfd68]
Event: 3,574 Thread 0x00007f72c00be000 1843       3       com.android.dx.dex.code.CstInsn::withOpcode (53 bytes)
Event: 3,575 Thread 0x00007f72c00be000 nmethod 1843 0x00007f72b16ed410 code [0x00007f72b16ed5a0, 0x00007f72b16edaa8]
Event: 3,575 Thread 0x00007f72c00be000 1844       3       com.android.dx.dex.file.MethodIdsSection::get (49 bytes)
Event: 3,576 Thread 0x00007f72c00be000 nmethod 1844 0x00007f72b16ec6d0 code [0x00007f72b16ec8c0, 0x00007f72b16ed118]

GC Heap History (10 events):
Event: 0,737 GC heap before
{Heap before GC invocations=1 (full 0):
 PSYoungGen      total 27648K, used 24064K [0x00000000eab00000, 0x00000000ec980000, 0x0000000100000000)
  eden space 24064K, 100% used [0x00000000eab00000,0x00000000ec280000,0x00000000ec280000)
  from space 3584K, 0% used [0x00000000ec600000,0x00000000ec600000,0x00000000ec980000)
  to   space 3584K, 0% used [0x00000000ec280000,0x00000000ec280000,0x00000000ec600000)
 ParOldGen       total 62976K, used 0K [0x00000000c0000000, 0x00000000c3d80000, 0x00000000eab00000)
  object space 62976K, 0% used [0x00000000c0000000,0x00000000c0000000,0x00000000c3d80000)
 Metaspace       used 5478K, capacity 6640K, committed 6784K, reserved 1056768K
  class space    used 567K, capacity 616K, committed 640K, reserved 1048576K
Event: 0,751 GC heap after
Heap after GC invocations=1 (full 0):
 PSYoungGen      total 27648K, used 3580K [0x00000000eab00000, 0x00000000ee100000, 0x0000000100000000)
  eden space 24064K, 0% used [0x00000000eab00000,0x00000000eab00000,0x00000000ec280000)
  from space 3584K, 99% used [0x00000000ec280000,0x00000000ec5ff1b0,0x00000000ec600000)
  to   space 3584K, 0% used [0x00000000edd80000,0x00000000edd80000,0x00000000ee100000)
 ParOldGen       total 62976K, used 2486K [0x00000000c0000000, 0x00000000c3d80000, 0x00000000eab00000)
  object space 62976K, 3% used [0x00000000c0000000,0x00000000c026da30,0x00000000c3d80000)
 Metaspace       used 5478K, capacity 6640K, committed 6784K, reserved 1056768K
  class space    used 567K, capacity 616K, committed 640K, reserved 1048576K
}
Event: 1,253 GC heap before
{Heap before GC invocations=2 (full 0):
 PSYoungGen      total 27648K, used 27644K [0x00000000eab00000, 0x00000000ee100000, 0x0000000100000000)
  eden space 24064K, 100% used [0x00000000eab00000,0x00000000ec280000,0x00000000ec280000)
  from space 3584K, 99% used [0x00000000ec280000,0x00000000ec5ff1b0,0x00000000ec600000)
  to   space 3584K, 0% used [0x00000000edd80000,0x00000000edd80000,0x00000000ee100000)
 ParOldGen       total 62976K, used 2486K [0x00000000c0000000, 0x00000000c3d80000, 0x00000000eab00000)
  object space 62976K, 3% used [0x00000000c0000000,0x00000000c026da30,0x00000000c3d80000)
 Metaspace       used 5638K, capacity 6832K, committed 7040K, reserved 1056768K
  class space    used 574K, capacity 616K, committed 640K, reserved 1048576K
Event: 1,276 GC heap after
Heap after GC invocations=2 (full 0):
 PSYoungGen      total 51712K, used 3573K [0x00000000eab00000, 0x00000000ee100000, 0x0000000100000000)
  eden space 48128K, 0% used [0x00000000eab00000,0x00000000eab00000,0x00000000eda00000)
  from space 3584K, 99% used [0x00000000edd80000,0x00000000ee0fd580,0x00000000ee100000)
  to   space 3584K, 0% used [0x00000000eda00000,0x00000000eda00000,0x00000000edd80000)
 ParOldGen       total 62976K, used 8213K [0x00000000c0000000, 0x00000000c3d80000, 0x00000000eab00000)
  object space 62976K, 13% used [0x00000000c0000000,0x00000000c08054d8,0x00000000c3d80000)
 Metaspace       used 5638K, capacity 6832K, committed 7040K, reserved 1056768K
  class space    used 574K, capacity 616K, committed 640K, reserved 1048576K
}
Event: 2,183 GC heap before
{Heap before GC invocations=3 (full 0):
 PSYoungGen      total 51712K, used 51701K [0x00000000eab00000, 0x00000000ee100000, 0x0000000100000000)
  eden space 48128K, 100% used [0x00000000eab00000,0x00000000eda00000,0x00000000eda00000)
  from space 3584K, 99% used [0x00000000edd80000,0x00000000ee0fd580,0x00000000ee100000)
  to   space 3584K, 0% used [0x00000000eda00000,0x00000000eda00000,0x00000000edd80000)
 ParOldGen       total 62976K, used 8213K [0x00000000c0000000, 0x00000000c3d80000, 0x00000000eab00000)
  object space 62976K, 13% used [0x00000000c0000000,0x00000000c08054d8,0x00000000c3d80000)
 Metaspace       used 5718K, capacity 6896K, committed 7040K, reserved 1056768K
  class space    used 576K, capacity 616K, committed 640K, reserved 1048576K
Event: 2,220 GC heap after
Heap after GC invocations=3 (full 0):
 PSYoungGen      total 51712K, used 3557K [0x00000000eab00000, 0x00000000f1000000, 0x0000000100000000)
  eden space 48128K, 0% used [0x00000000eab00000,0x00000000eab00000,0x00000000eda00000)
  from space 3584K, 99% used [0x00000000eda00000,0x00000000edd797a0,0x00000000edd80000)
  to   space 3584K, 0% used [0x00000000f0c80000,0x00000000f0c80000,0x00000000f1000000)
 ParOldGen       total 62976K, used 25941K [0x00000000c0000000, 0x00000000c3d80000, 0x00000000eab00000)
  object space 62976K, 41% used [0x00000000c0000000,0x00000000c1955508,0x00000000c3d80000)
 Metaspace       used 5718K, capacity 6896K, committed 7040K, reserved 1056768K
  class space    used 576K, capacity 616K, committed 640K, reserved 1048576K
}
Event: 2,531 GC heap before
{Heap before GC invocations=4 (full 0):
 PSYoungGen      total 51712K, used 51685K [0x00000000eab00000, 0x00000000f1000000, 0x0000000100000000)
  eden space 48128K, 100% used [0x00000000eab00000,0x00000000eda00000,0x00000000eda00000)
  from space 3584K, 99% used [0x00000000eda00000,0x00000000edd797a0,0x00000000edd80000)
  to   space 3584K, 0% used [0x00000000f0c80000,0x00000000f0c80000,0x00000000f1000000)
 ParOldGen       total 62976K, used 25941K [0x00000000c0000000, 0x00000000c3d80000, 0x00000000eab00000)
  object space 62976K, 41% used [0x00000000c0000000,0x00000000c1955508,0x00000000c3d80000)
 Metaspace       used 5775K, capacity 6896K, committed 7040K, reserved 1056768K
  class space    used 576K, capacity 616K, committed 640K, reserved 1048576K
Event: 2,566 GC heap after
Heap after GC invocations=4 (full 0):
 PSYoungGen      total 99840K, used 3573K [0x00000000eab00000, 0x00000000f1000000, 0x0000000100000000)
  eden space 96256K, 0% used [0x00000000eab00000,0x00000000eab00000,0x00000000f0900000)
  from space 3584K, 99% used [0x00000000f0c80000,0x00000000f0ffd770,0x00000000f1000000)
  to   space 3584K, 0% used [0x00000000f0900000,0x00000000f0900000,0x00000000f0c80000)
 ParOldGen       total 62976K, used 42856K [0x00000000c0000000, 0x00000000c3d80000, 0x00000000eab00000)
  object space 62976K, 68% used [0x00000000c0000000,0x00000000c29da248,0x00000000c3d80000)
 Metaspace       used 5775K, capacity 6896K, committed 7040K, reserved 1056768K
  class space    used 576K, capacity 616K, committed 640K, reserved 1048576K
}
Event: 2,566 GC heap before
{Heap before GC invocations=5 (full 1):
 PSYoungGen      total 99840K, used 3573K [0x00000000eab00000, 0x00000000f1000000, 0x0000000100000000)
  eden space 96256K, 0% used [0x00000000eab00000,0x00000000eab00000,0x00000000f0900000)
  from space 3584K, 99% used [0x00000000f0c80000,0x00000000f0ffd770,0x00000000f1000000)
  to   space 3584K, 0% used [0x00000000f0900000,0x00000000f0900000,0x00000000f0c80000)
 ParOldGen       total 62976K, used 42856K [0x00000000c0000000, 0x00000000c3d80000, 0x00000000eab00000)
  object space 62976K, 68% used [0x00000000c0000000,0x00000000c29da248,0x00000000c3d80000)
 Metaspace       used 5775K, capacity 6896K, committed 7040K, reserved 1056768K
  class space    used 576K, capacity 616K, committed 640K, reserved 1048576K
Event: 2,677 GC heap after
Heap after GC invocations=5 (full 1):
 PSYoungGen      total 99840K, used 0K [0x00000000eab00000, 0x00000000f1000000, 0x0000000100000000)
  eden space 96256K, 0% used [0x00000000eab00000,0x00000000eab00000,0x00000000f0900000)
  from space 3584K, 0% used [0x00000000f0c80000,0x00000000f0c80000,0x00000000f1000000)
  to   space 3584K, 0% used [0x00000000f0900000,0x00000000f0900000,0x00000000f0c80000)
 ParOldGen       total 74752K, used 15956K [0x00000000c0000000, 0x00000000c4900000, 0x00000000eab00000)
  object space 74752K, 21% used [0x00000000c0000000,0x00000000c0f95320,0x00000000c4900000)
 Metaspace       used 5775K, capacity 6896K, committed 7040K, reserved 1056768K
  class space    used 576K, capacity 616K, committed 640K, reserved 1048576K
}

Deoptimization events (10 events):
Event: 3,354 Thread 0x00007f72c0178800 Uncommon trap: reason=class_check action=maybe_recompile pc=0x00007f72b14f1528 method=java.util.Arrays.hashCode([Ljava/lang/Object;)I @ 43
Event: 3,364 Thread 0x00007f72c0178800 Uncommon trap: reason=bimorphic action=maybe_recompile pc=0x00007f72b1288e2c method=java.util.HashMap.getNode(ILjava/lang/Object;)Ljava/util/HashMap$Node; @ 126
Event: 3,364 Thread 0x00007f72c0178800 Uncommon trap: reason=class_check action=maybe_recompile pc=0x00007f72b14790a4 method=java.util.HashMap.putVal(ILjava/lang/Object;Ljava/lang/Object;ZZ)Ljava/lang/Object; @ 203
Event: 3,364 Thread 0x00007f72c0178800 Uncommon trap: reason=bimorphic action=maybe_recompile pc=0x00007f72b1288e2c method=java.util.HashMap.getNode(ILjava/lang/Object;)Ljava/util/HashMap$Node; @ 126
Event: 3,364 Thread 0x00007f72c0178800 Uncommon trap: reason=class_check action=maybe_recompile pc=0x00007f72b14790a4 method=java.util.HashMap.putVal(ILjava/lang/Object;Ljava/lang/Object;ZZ)Ljava/lang/Object; @ 203
Event: 3,364 Thread 0x00007f72c0178800 Uncommon trap: reason=bimorphic action=maybe_recompile pc=0x00007f72b1288e2c method=java.util.HashMap.getNode(ILjava/lang/Object;)Ljava/util/HashMap$Node; @ 126
Event: 3,365 Thread 0x00007f72c0178800 Uncommon trap: reason=class_check action=maybe_recompile pc=0x00007f72b14790a4 method=java.util.HashMap.putVal(ILjava/lang/Object;Ljava/lang/Object;ZZ)Ljava/lang/Object; @ 203
Event: 3,365 Thread 0x00007f72c0178800 Uncommon trap: reason=bimorphic action=maybe_recompile pc=0x00007f72b1288e2c method=java.util.HashMap.getNode(ILjava/lang/Object;)Ljava/util/HashMap$Node; @ 126
Event: 3,365 Thread 0x00007f72c0178800 Uncommon trap: reason=class_check action=maybe_recompile pc=0x00007f72b14790a4 method=java.util.HashMap.putVal(ILjava/lang/Object;Ljava/lang/Object;ZZ)Ljava/lang/Object; @ 203
Event: 3,556 Thread 0x00007f72c0178800 Uncommon trap: reason=unstable_if action=reinterpret pc=0x00007f72b16c6824 method=com.android.dx.dex.code.LocalList$MakeState.aboutToProcess(II)V @ 4

Internal exceptions (4 events):
Event: 0,081 Thread 0x00007f72c000a000 Exception <a 'java/lang/NoSuchMethodError': Method sun.misc.Unsafe.defineClass(Ljava/lang/String;[BII)Ljava/lang/Class; name or signature does not match> (0x00000000eab07cc0) thrown at [/HUDSON3/workspace/8-2-build-linux-amd64/jdk8u101/7261/hotspot/src/sh
Event: 0,081 Thread 0x00007f72c000a000 Exception <a 'java/lang/NoSuchMethodError': Method sun.misc.Unsafe.prefetchRead(Ljava/lang/Object;J)V name or signature does not match> (0x00000000eab07fa8) thrown at [/HUDSON3/workspace/8-2-build-linux-amd64/jdk8u101/7261/hotspot/src/share/vm/prims/jni.c
Event: 0,733 Thread 0x00007f72c0160800 Implicit null exception at 0x00007f72b128d46c to 0x00007f72b128faf1
Event: 3,556 Thread 0x00007f72c0178800 Implicit null exception at 0x00007f72b16c6062 to 0x00007f72b16c67fd

Events (10 events):
Event: 3,444 loading class com/android/dx/dex/code/LocalList$Entry done
Event: 3,445 loading class com/android/dx/dex/code/CatchHandlerList
Event: 3,445 loading class com/android/dx/dex/code/CatchHandlerList done
Event: 3,446 loading class com/android/dx/dex/code/CatchTable
Event: 3,446 loading class com/android/dx/dex/code/CatchTable done
Event: 3,496 Thread 0x00007f72c0178800 DEOPT PACKING pc=0x00007f72b16a09ee sp=0x00007f7293239ee0
Event: 3,496 Thread 0x00007f72c0178800 DEOPT UNPACKING pc=0x00007f72b1047633 sp=0x00007f7293239cb0 mode 0
Event: 3,556 Thread 0x00007f72c0178800 Uncommon trap: trap_request=0xffffff65 fr.pc=0x00007f72b16c6824
Event: 3,556 Thread 0x00007f72c0178800 DEOPT PACKING pc=0x00007f72b16c6824 sp=0x00007f7293239f50
Event: 3,556 Thread 0x00007f72c0178800 DEOPT UNPACKING pc=0x00007f72b1005229 sp=0x00007f7293239eb0 mode 2


Dynamic libraries:
00400000-00401000 r-xp 00000000 08:06 4991853                            /usr/lib/jvm/java-8-oracle/bin/java
00600000-00601000 rw-p 00000000 08:06 4991853                            /usr/lib/jvm/java-8-oracle/bin/java
01d70000-01d91000 rw-p 00000000 00:00 0                                  [heap]
c0000000-c4900000 rw-p 00000000 00:00 0 
c4900000-eab00000 ---p 00000000 00:00 0 
eab00000-f1000000 rw-p 00000000 00:00 0 
f1000000-100000000 ---p 00000000 00:00 0 
100000000-1000a0000 rw-p 00000000 00:00 0 
1000a0000-140000000 ---p 00000000 00:00 0 
7f7260000000-7f726002b000 rw-p 00000000 00:00 0 
7f726002b000-7f7264000000 ---p 00000000 00:00 0 
7f7264000000-7f72642f1000 rw-p 00000000 00:00 0 
7f72642f1000-7f7268000000 ---p 00000000 00:00 0 
7f7268000000-7f7268021000 rw-p 00000000 00:00 0 
7f7268021000-7f726c000000 ---p 00000000 00:00 0 
7f726c000000-7f726c048000 rw-p 00000000 00:00 0 
7f726c048000-7f7270000000 ---p 00000000 00:00 0 
7f7270000000-7f7270021000 rw-p 00000000 00:00 0 
7f7270021000-7f7274000000 ---p 00000000 00:00 0 
7f7274000000-7f72740b9000 rw-p 00000000 00:00 0 
7f72740b9000-7f7278000000 ---p 00000000 00:00 0 
7f7278000000-7f7278819000 rw-p 00000000 00:00 0 
7f7278819000-7f727c000000 ---p 00000000 00:00 0 
7f727c000000-7f727c021000 rw-p 00000000 00:00 0 
7f727c021000-7f7280000000 ---p 00000000 00:00 0 
7f7280000000-7f7280b42000 rw-p 00000000 00:00 0 
7f7280b42000-7f7284000000 ---p 00000000 00:00 0 
7f7284000000-7f728490a000 rw-p 00000000 00:00 0 
7f728490a000-7f7288000000 ---p 00000000 00:00 0 
7f7288000000-7f7288021000 rw-p 00000000 00:00 0 
7f7288021000-7f728c000000 ---p 00000000 00:00 0 
7f728c000000-7f728c021000 rw-p 00000000 00:00 0 
7f728c021000-7f7290000000 ---p 00000000 00:00 0 
7f729313b000-7f729313e000 ---p 00000000 00:00 0 
7f729313e000-7f729323c000 rw-p 00000000 00:00 0 
7f729323c000-7f729323f000 ---p 00000000 00:00 0 
7f729323f000-7f729333d000 rw-p 00000000 00:00 0 
7f729333d000-7f7293340000 ---p 00000000 00:00 0 
7f7293340000-7f729343e000 rw-p 00000000 00:00 0 
7f729343e000-7f7293441000 ---p 00000000 00:00 0 
7f7293441000-7f729353f000 rw-p 00000000 00:00 0 
7f729353f000-7f7293542000 ---p 00000000 00:00 0 
7f7293542000-7f7293640000 rw-p 00000000 00:00 0 
7f7293640000-7f7294000000 r--p 00000000 08:06 2628587                    /usr/lib/locale/locale-archive
7f7294000000-7f7294021000 rw-p 00000000 00:00 0 
7f7294021000-7f7298000000 ---p 00000000 00:00 0 
7f7298000000-7f7298021000 rw-p 00000000 00:00 0 
7f7298021000-7f729c000000 ---p 00000000 00:00 0 
7f729c000000-7f729c021000 rw-p 00000000 00:00 0 
7f729c021000-7f72a0000000 ---p 00000000 00:00 0 
7f72a0000000-7f72a0021000 rw-p 00000000 00:00 0 
7f72a0021000-7f72a4000000 ---p 00000000 00:00 0 
7f72a4000000-7f72a4021000 rw-p 00000000 00:00 0 
7f72a4021000-7f72a8000000 ---p 00000000 00:00 0 
7f72a8099000-7f72a80a7000 r--s 000e0000 08:06 9570111                    /home/nur/Android/Sdk/build-tools/24.0.2/lib/dx.jar
7f72a80a7000-7f72a80a8000 ---p 00000000 00:00 0 
7f72a80a8000-7f72a81a8000 rw-p 00000000 00:00 0 
7f72a81a8000-7f72a81ab000 ---p 00000000 00:00 0 
7f72a81ab000-7f72a82a9000 rw-p 00000000 00:00 0 
7f72a82a9000-7f72a82ac000 ---p 00000000 00:00 0 
7f72a82ac000-7f72a83aa000 rw-p 00000000 00:00 0 
7f72a83aa000-7f72a83ad000 ---p 00000000 00:00 0 
7f72a83ad000-7f72a84ab000 rw-p 00000000 00:00 0 
7f72a84ab000-7f72a84ae000 ---p 00000000 00:00 0 
7f72a84ae000-7f72a85ac000 rw-p 00000000 00:00 0 
7f72a85ac000-7f72a85af000 ---p 00000000 00:00 0 
7f72a85af000-7f72a86ad000 rw-p 00000000 00:00 0 
7f72a86ad000-7f72a86b0000 ---p 00000000 00:00 0 
7f72a86b0000-7f72a87ae000 rw-p 00000000 00:00 0 
7f72a87ae000-7f72a87b1000 ---p 00000000 00:00 0 
7f72a87b1000-7f72a88af000 rw-p 00000000 00:00 0 
7f72a88af000-7f72a88b0000 ---p 00000000 00:00 0 
7f72a88b0000-7f72a9e80000 rw-p 00000000 00:00 0 
7f72a9e80000-7f72aa000000 ---p 00000000 00:00 0 
7f72aa000000-7f72ac000000 rw-p 00000000 00:00 0 
7f72ac000000-7f72ac021000 rw-p 00000000 00:00 0 
7f72ac021000-7f72b0000000 ---p 00000000 00:00 0 
7f72b000b000-7f72b010c000 rw-p 00000000 00:00 0 
7f72b010c000-7f72b02e5000 r--s 03d29000 08:06 5119781                    /usr/lib/jvm/java-8-oracle/jre/lib/rt.jar
7f72b02e5000-7f72b04e5000 rw-p 00000000 00:00 0 
7f72b04e5000-7f72b04e6000 ---p 00000000 00:00 0 
7f72b04e6000-7f72b05e6000 rw-p 00000000 00:00 0 
7f72b05e6000-7f72b05e7000 ---p 00000000 00:00 0 
7f72b05e7000-7f72b06e7000 rw-p 00000000 00:00 0 
7f72b06e7000-7f72b06e8000 ---p 00000000 00:00 0 
7f72b06e8000-7f72b07e8000 rw-p 00000000 00:00 0 
7f72b07e8000-7f72b07e9000 ---p 00000000 00:00 0 
7f72b07e9000-7f72b090e000 rw-p 00000000 00:00 0 
7f72b090e000-7f72b0a3f000 ---p 00000000 00:00 0 
7f72b0a3f000-7f72b0a64000 rw-p 00000000 00:00 0 
7f72b0a64000-7f72b0b94000 ---p 00000000 00:00 0 
7f72b0b94000-7f72b0bc7000 rw-p 00000000 00:00 0 
7f72b0bc7000-7f72b0c3f000 ---p 00000000 00:00 0 
7f72b0c3f000-7f72b0c5c000 rw-p 00000000 00:00 0 
7f72b0c5c000-7f72b1000000 ---p 00000000 00:00 0 
7f72b1000000-7f72b1700000 rwxp 00000000 00:00 0 
7f72b1700000-7f72c0000000 ---p 00000000 00:00 0 
7f72c0000000-7f72c03aa000 rw-p 00000000 00:00 0 
7f72c03aa000-7f72c4000000 ---p 00000000 00:00 0 
7f72c400d000-7f72c40e6000 rw-p 00000000 00:00 0 
7f72c40e6000-7f72c4100000 r-xp 00000000 08:06 7213491                    /usr/lib/jvm/java-8-oracle/jre/lib/amd64/libzip.so
7f72c4100000-7f72c4300000 ---p 0001a000 08:06 7213491                    /usr/lib/jvm/java-8-oracle/jre/lib/amd64/libzip.so
7f72c4300000-7f72c4301000 rw-p 0001a000 08:06 7213491                    /usr/lib/jvm/java-8-oracle/jre/lib/amd64/libzip.so
7f72c4301000-7f72c430c000 r-xp 00000000 08:06 791069                     /lib/x86_64-linux-gnu/libnss_files-2.23.so
7f72c430c000-7f72c450b000 ---p 0000b000 08:06 791069                     /lib/x86_64-linux-gnu/libnss_files-2.23.so
7f72c450b000-7f72c450c000 r--p 0000a000 08:06 791069                     /lib/x86_64-linux-gnu/libnss_files-2.23.so
7f72c450c000-7f72c450d000 rw-p 0000b000 08:06 791069                     /lib/x86_64-linux-gnu/libnss_files-2.23.so
7f72c450d000-7f72c4513000 rw-p 00000000 00:00 0 
7f72c4513000-7f72c451e000 r-xp 00000000 08:06 791079                     /lib/x86_64-linux-gnu/libnss_nis-2.23.so
7f72c451e000-7f72c471d000 ---p 0000b000 08:06 791079                     /lib/x86_64-linux-gnu/libnss_nis-2.23.so
7f72c471d000-7f72c471e000 r--p 0000a000 08:06 791079                     /lib/x86_64-linux-gnu/libnss_nis-2.23.so
7f72c471e000-7f72c471f000 rw-p 0000b000 08:06 791079                     /lib/x86_64-linux-gnu/libnss_nis-2.23.so
7f72c471f000-7f72c4735000 r-xp 00000000 08:06 791063                     /lib/x86_64-linux-gnu/libnsl-2.23.so
7f72c4735000-7f72c4934000 ---p 00016000 08:06 791063                     /lib/x86_64-linux-gnu/libnsl-2.23.so
7f72c4934000-7f72c4935000 r--p 00015000 08:06 791063                     /lib/x86_64-linux-gnu/libnsl-2.23.so
7f72c4935000-7f72c4936000 rw-p 00016000 08:06 791063                     /lib/x86_64-linux-gnu/libnsl-2.23.so
7f72c4936000-7f72c4938000 rw-p 00000000 00:00 0 
7f72c4938000-7f72c4940000 r-xp 00000000 08:06 791065                     /lib/x86_64-linux-gnu/libnss_compat-2.23.so
7f72c4940000-7f72c4b3f000 ---p 00008000 08:06 791065                     /lib/x86_64-linux-gnu/libnss_compat-2.23.so
7f72c4b3f000-7f72c4b40000 r--p 00007000 08:06 791065                     /lib/x86_64-linux-gnu/libnss_compat-2.23.so
7f72c4b40000-7f72c4b41000 rw-p 00008000 08:06 791065                     /lib/x86_64-linux-gnu/libnss_compat-2.23.so
7f72c4b41000-7f72c4b6b000 r-xp 00000000 08:06 7213517                    /usr/lib/jvm/java-8-oracle/jre/lib/amd64/libjava.so
7f72c4b6b000-7f72c4d6b000 ---p 0002a000 08:06 7213517                    /usr/lib/jvm/java-8-oracle/jre/lib/amd64/libjava.so
7f72c4d6b000-7f72c4d6d000 rw-p 0002a000 08:06 7213517                    /usr/lib/jvm/java-8-oracle/jre/lib/amd64/libjava.so
7f72c4d6d000-7f72c4d7a000 r-xp 00000000 08:06 7213471                    /usr/lib/jvm/java-8-oracle/jre/lib/amd64/libverify.so
7f72c4d7a000-7f72c4f7a000 ---p 0000d000 08:06 7213471                    /usr/lib/jvm/java-8-oracle/jre/lib/amd64/libverify.so
7f72c4f7a000-7f72c4f7c000 rw-p 0000d000 08:06 7213471                    /usr/lib/jvm/java-8-oracle/jre/lib/amd64/libverify.so
7f72c4f7c000-7f72c4f83000 r-xp 00000000 08:06 791124                     /lib/x86_64-linux-gnu/librt-2.23.so
7f72c4f83000-7f72c5182000 ---p 00007000 08:06 791124                     /lib/x86_64-linux-gnu/librt-2.23.so
7f72c5182000-7f72c5183000 r--p 00006000 08:06 791124                     /lib/x86_64-linux-gnu/librt-2.23.so
7f72c5183000-7f72c5184000 rw-p 00007000 08:06 791124                     /lib/x86_64-linux-gnu/librt-2.23.so
7f72c5184000-7f72c528c000 r-xp 00000000 08:06 791040                     /lib/x86_64-linux-gnu/libm-2.23.so
7f72c528c000-7f72c548b000 ---p 00108000 08:06 791040                     /lib/x86_64-linux-gnu/libm-2.23.so
7f72c548b000-7f72c548c000 r--p 00107000 08:06 791040                     /lib/x86_64-linux-gnu/libm-2.23.so
7f72c548c000-7f72c548d000 rw-p 00108000 08:06 791040                     /lib/x86_64-linux-gnu/libm-2.23.so
7f72c548d000-7f72c6158000 r-xp 00000000 08:06 7344163                    /usr/lib/jvm/java-8-oracle/jre/lib/amd64/server/libjvm.so
7f72c6158000-7f72c6357000 ---p 00ccb000 08:06 7344163                    /usr/lib/jvm/java-8-oracle/jre/lib/amd64/server/libjvm.so
7f72c6357000-7f72c6430000 rw-p 00cca000 08:06 7344163                    /usr/lib/jvm/java-8-oracle/jre/lib/amd64/server/libjvm.so
7f72c6430000-7f72c647b000 rw-p 00000000 00:00 0 
7f72c647b000-7f72c663b000 r-xp 00000000 08:06 790970                     /lib/x86_64-linux-gnu/libc-2.23.so
7f72c663b000-7f72c683a000 ---p 001c0000 08:06 790970                     /lib/x86_64-linux-gnu/libc-2.23.so
7f72c683a000-7f72c683e000 r--p 001bf000 08:06 790970                     /lib/x86_64-linux-gnu/libc-2.23.so
7f72c683e000-7f72c6840000 rw-p 001c3000 08:06 790970                     /lib/x86_64-linux-gnu/libc-2.23.so
7f72c6840000-7f72c6844000 rw-p 00000000 00:00 0 
7f72c6844000-7f72c6847000 r-xp 00000000 08:06 790994                     /lib/x86_64-linux-gnu/libdl-2.23.so
7f72c6847000-7f72c6a46000 ---p 00003000 08:06 790994                     /lib/x86_64-linux-gnu/libdl-2.23.so
7f72c6a46000-7f72c6a47000 r--p 00002000 08:06 790994                     /lib/x86_64-linux-gnu/libdl-2.23.so
7f72c6a47000-7f72c6a48000 rw-p 00003000 08:06 790994                     /lib/x86_64-linux-gnu/libdl-2.23.so
7f72c6a48000-7f72c6a5d000 r-xp 00000000 08:06 9183342                    /usr/lib/jvm/java-8-oracle/lib/amd64/jli/libjli.so
7f72c6a5d000-7f72c6c5d000 ---p 00015000 08:06 9183342                    /usr/lib/jvm/java-8-oracle/lib/amd64/jli/libjli.so
7f72c6c5d000-7f72c6c5e000 rw-p 00015000 08:06 9183342                    /usr/lib/jvm/java-8-oracle/lib/amd64/jli/libjli.so
7f72c6c5e000-7f72c6c76000 r-xp 00000000 08:06 791116                     /lib/x86_64-linux-gnu/libpthread-2.23.so
7f72c6c76000-7f72c6e75000 ---p 00018000 08:06 791116                     /lib/x86_64-linux-gnu/libpthread-2.23.so
7f72c6e75000-7f72c6e76000 r--p 00017000 08:06 791116                     /lib/x86_64-linux-gnu/libpthread-2.23.so
7f72c6e76000-7f72c6e77000 rw-p 00018000 08:06 791116                     /lib/x86_64-linux-gnu/libpthread-2.23.so
7f72c6e77000-7f72c6e7b000 rw-p 00000000 00:00 0 
7f72c6e7b000-7f72c6ea1000 r-xp 00000000 08:06 790942                     /lib/x86_64-linux-gnu/ld-2.23.so
7f72c6ea5000-7f72c6f77000 rw-p 00000000 00:00 0 
7f72c6f77000-7f72c6f7a000 ---p 00000000 00:00 0 
7f72c6f7a000-7f72c707c000 rw-p 00000000 00:00 0 
7f72c7080000-7f72c7094000 rw-p 00000000 00:00 0 
7f72c7094000-7f72c709c000 rw-s 00000000 08:06 5648276                    /tmp/hsperfdata_nur/8813
7f72c709c000-7f72c709d000 rw-p 00000000 00:00 0 
7f72c709d000-7f72c709e000 r--p 00000000 00:00 0 
7f72c709e000-7f72c70a0000 rw-p 00000000 00:00 0 
7f72c70a0000-7f72c70a1000 r--p 00025000 08:06 790942                     /lib/x86_64-linux-gnu/ld-2.23.so
7f72c70a1000-7f72c70a2000 rw-p 00026000 08:06 790942                     /lib/x86_64-linux-gnu/ld-2.23.so
7f72c70a2000-7f72c70a3000 rw-p 00000000 00:00 0 
7fff004fc000-7fff0051e000 rw-p 00000000 00:00 0                          [stack]
7fff005e6000-7fff005e8000 r--p 00000000 00:00 0                          [vvar]
7fff005e8000-7fff005ea000 r-xp 00000000 00:00 0                          [vdso]
ffffffffff600000-ffffffffff601000 r-xp 00000000 00:00 0                  [vsyscall]

VM Arguments:
jvm_args: -Djava.awt.headless=true -Xmx1024M -Dfile.encoding=UTF-8 -Duser.country=US -Duser.language=en -Duser.variant 
java_command: com.android.dx.command.Main --dex --force-jumbo --num-threads=4 --multi-dex --output /home/nur/AndroidStudioProjects/CatetDuit/app/build/intermediates/transforms/dex/debug/folders/1000/5/slice_2 /home/nur/AndroidStudioProjects/CatetDuit/app/build/intermediates/transforms/instantRunSlicer/debug/folders/1/5/slice_2
java_class_path (initial): /home/nur/Android/Sdk/build-tools/24.0.2/lib/dx.jar
Launcher Type: SUN_STANDARD

Environment Variables:
PATH=/usr/local/heroku/bin:/usr/local/sbin:/usr/local/bin:/usr/sbin:/usr/bin:/sbin:/bin:/usr/games:/usr/local/games:/snap/bin
LD_LIBRARY_PATH=/home/nur/android-studio/bin:
SHELL=/bin/bash
DISPLAY=:0

Signal Handlers:
SIGSEGV: [libjvm.so+0xac4790], sa_mask[0]=11111111011111111101111111111110, sa_flags=SA_RESTART|SA_SIGINFO
SIGBUS: [libjvm.so+0xac4790], sa_mask[0]=11111111011111111101111111111110, sa_flags=SA_RESTART|SA_SIGINFO
SIGFPE: [libjvm.so+0x91f140], sa_mask[0]=11111111011111111101111111111110, sa_flags=SA_RESTART|SA_SIGINFO
SIGPIPE: [libjvm.so+0x91f140], sa_mask[0]=11111111011111111101111111111110, sa_flags=SA_RESTART|SA_SIGINFO
SIGXFSZ: [libjvm.so+0x91f140], sa_mask[0]=11111111011111111101111111111110, sa_flags=SA_RESTART|SA_SIGINFO
SIGILL: [libjvm.so+0x91f140], sa_mask[0]=11111111011111111101111111111110, sa_flags=SA_RESTART|SA_SIGINFO
SIGUSR1: SIG_DFL, sa_mask[0]=00000000000000000000000000000000, sa_flags=none
SIGUSR2: [libjvm.so+0x920770], sa_mask[0]=00100000000000000000000000000000, sa_flags=SA_RESTART|SA_SIGINFO
SIGHUP: [libjvm.so+0x921b70], sa_mask[0]=11111111011111111101111111111110, sa_flags=SA_RESTART|SA_SIGINFO
SIGINT: [libjvm.so+0x921b70], sa_mask[0]=11111111011111111101111111111110, sa_flags=SA_RESTART|SA_SIGINFO
SIGTERM: [libjvm.so+0x921b70], sa_mask[0]=11111111011111111101111111111110, sa_flags=SA_RESTART|SA_SIGINFO
SIGQUIT: [libjvm.so+0x921b70], sa_mask[0]=11111111011111111101111111111110, sa_flags=SA_RESTART|SA_SIGINFO


---------------  S Y S T E M  ---------------

OS:DISTRIB_ID=Ubuntu
DISTRIB_RELEASE=16.04
DISTRIB_CODENAME=xenial
DISTRIB_DESCRIPTION="Ubuntu 16.04.1 LTS"

uname:Linux 4.4.0-38-generic #57-Ubuntu SMP Tue Sep 6 15:42:33 UTC 2016 x86_64
libc:glibc 2.23 NPTL 2.23 
rlimit: STACK 8192k, CORE 0k, NPROC 22972, NOFILE 65536, AS infinity
load average:1,07 0,96 0,92

/proc/meminfo:
MemTotal:        5918860 kB
MemFree:          110496 kB
MemAvailable:    1837744 kB
Buffers:          430252 kB
Cached:          1328180 kB
SwapCached:         1172 kB
Active:          4091524 kB
Inactive:        1233388 kB
Active(anon):    3074640 kB
Inactive(anon):   530280 kB
Active(file):    1016884 kB
Inactive(file):   703108 kB
Unevictable:          32 kB
Mlocked:              32 kB
SwapTotal:       1953788 kB
SwapFree:        1952568 kB
Dirty:             28820 kB
Writeback:             0 kB
AnonPages:       3565380 kB
Mapped:           348856 kB
Shmem:             38444 kB
Slab:             342284 kB
SReclaimable:     303524 kB
SUnreclaim:        38760 kB
KernelStack:       10832 kB
PageTables:        38596 kB
NFS_Unstable:          0 kB
Bounce:                0 kB
WritebackTmp:          0 kB
CommitLimit:     4913216 kB
Committed_AS:    7062004 kB
VmallocTotal:   34359738367 kB
VmallocUsed:           0 kB
VmallocChunk:          0 kB
HardwareCorrupted:     0 kB
AnonHugePages:   2142208 kB
CmaTotal:              0 kB
CmaFree:               0 kB
HugePages_Total:       0
HugePages_Free:        0
HugePages_Rsvd:        0
HugePages_Surp:        0
Hugepagesize:       2048 kB
DirectMap4k:      222800 kB
DirectMap2M:     5875712 kB


CPU:total 4 (2 cores per cpu, 2 threads per core) family 6 model 42 stepping 7, cmov, cx8, fxsr, mmx, sse, sse2, sse3, ssse3, sse4.1, sse4.2, popcnt, avx, aes, clmul, ht, tsc, tscinvbit

/proc/cpuinfo:
processor	: 0
vendor_id	: GenuineIntel
cpu family	: 6
model		: 42
model name	: Intel(R) Core(TM) i5-2450M CPU @ 2.50GHz
stepping	: 7
microcode	: 0x23
cpu MHz		: 2500.000
cache size	: 3072 KB
physical id	: 0
siblings	: 4
core id		: 0
cpu cores	: 2
apicid		: 0
initial apicid	: 0
fpu		: yes
fpu_exception	: yes
cpuid level	: 13
wp		: yes
flags		: fpu vme de pse tsc msr pae mce cx8 apic sep mtrr pge mca cmov pat pse36 clflush dts acpi mmx fxsr sse sse2 ss ht tm pbe syscall nx rdtscp lm constant_tsc arch_perfmon pebs bts nopl xtopology nonstop_tsc aperfmperf eagerfpu pni pclmulqdq dtes64 monitor ds_cpl vmx est tm2 ssse3 cx16 xtpr pdcm pcid sse4_1 sse4_2 x2apic popcnt tsc_deadline_timer aes xsave avx lahf_lm epb tpr_shadow vnmi flexpriority ept vpid xsaveopt dtherm ida arat pln pts
bugs		:
bogomips	: 4988.68
clflush size	: 64
cache_alignment	: 64
address sizes	: 36 bits physical, 48 bits virtual
power management:

processor	: 1
vendor_id	: GenuineIntel
cpu family	: 6
model		: 42
model name	: Intel(R) Core(TM) i5-2450M CPU @ 2.50GHz
stepping	: 7
microcode	: 0x23
cpu MHz		: 2499.902
cache size	: 3072 KB
physical id	: 0
siblings	: 4
core id		: 0
cpu cores	: 2
apicid		: 1
initial apicid	: 1
fpu		: yes
fpu_exception	: yes
cpuid level	: 13
wp		: yes
flags		: fpu vme de pse tsc msr pae mce cx8 apic sep mtrr pge mca cmov pat pse36 clflush dts acpi mmx fxsr sse sse2 ss ht tm pbe syscall nx rdtscp lm constant_tsc arch_perfmon pebs bts nopl xtopology nonstop_tsc aperfmperf eagerfpu pni pclmulqdq dtes64 monitor ds_cpl vmx est tm2 ssse3 cx16 xtpr pdcm pcid sse4_1 sse4_2 x2apic popcnt tsc_deadline_timer aes xsave avx lahf_lm epb tpr_shadow vnmi flexpriority ept vpid xsaveopt dtherm arat pln pts
bugs		:
bogomips	: 4988.68
clflush size	: 64
cache_alignment	: 64
address sizes	: 36 bits physical, 48 bits virtual
power management:

processor	: 2
vendor_id	: GenuineIntel
cpu family	: 6
model		: 42
model name	: Intel(R) Core(TM) i5-2450M CPU @ 2.50GHz
stepping	: 7
microcode	: 0x23
cpu MHz		: 2500.000
cache size	: 3072 KB
physical id	: 0
siblings	: 4
core id		: 1
cpu cores	: 2
apicid		: 2
initial apicid	: 2
fpu		: yes
fpu_exception	: yes
cpuid level	: 13
wp		: yes
flags		: fpu vme de pse tsc msr pae mce cx8 apic sep mtrr pge mca cmov pat pse36 clflush dts acpi mmx fxsr sse sse2 ss ht tm pbe syscall nx rdtscp lm constant_tsc arch_perfmon pebs bts nopl xtopology nonstop_tsc aperfmperf eagerfpu pni pclmulqdq dtes64 monitor ds_cpl vmx est tm2 ssse3 cx16 xtpr pdcm pcid sse4_1 sse4_2 x2apic popcnt tsc_deadline_timer aes xsave avx lahf_lm epb tpr_shadow vnmi flexpriority ept vpid xsaveopt dtherm arat pln pts
bugs		:
bogomips	: 4988.68
clflush size	: 64
cache_alignment	: 64
address sizes	: 36 bits physical, 48 bits virtual
power management:

processor	: 3
vendor_id	: GenuineIntel
cpu family	: 6
model		: 42
model name	: Intel(R) Core(TM) i5-2450M CPU @ 2.50GHz
stepping	: 7
microcode	: 0x23
cpu MHz		: 2500.000
cache size	: 3072 KB
physical id	: 0
siblings	: 4
core id		: 1
cpu cores	: 2
apicid		: 3
initial apicid	: 3
fpu		: yes
fpu_exception	: yes
cpuid level	: 13
wp		: yes
flags		: fpu vme de pse tsc msr pae mce cx8 apic sep mtrr pge mca cmov pat pse36 clflush dts acpi mmx fxsr sse sse2 ss ht tm pbe syscall nx rdtscp lm constant_tsc arch_perfmon pebs bts nopl xtopology nonstop_tsc aperfmperf eagerfpu pni pclmulqdq dtes64 monitor ds_cpl vmx est tm2 ssse3 cx16 xtpr pdcm pcid sse4_1 sse4_2 x2apic popcnt tsc_deadline_timer aes xsave avx lahf_lm epb tpr_shadow vnmi flexpriority ept vpid xsaveopt dtherm arat pln pts
bugs		:
bogomips	: 4988.68
clflush size	: 64
cache_alignment	: 64
address sizes	: 36 bits physical, 48 bits virtual
power management:



Memory: 4k page, physical 5918860k(110496k free), swap 1953788k(1952568k free)

vm_info: Java HotSpot(TM) 64-Bit Server VM (25.101-b13) for linux-amd64 JRE (1.8.0_101-b13), built on Jun 22 2016 02:59:44 by "java_re" with gcc 4.3.0 20080428 (Red Hat 4.3.0-8)

time: Thu Sep 29 11:33:42 2016
elapsed time: 3 seconds (0d 0h 0m 3s)

