#
# A fatal error has been detected by the Java Runtime Environment:
#
#  SIGSEGV (0xb) at pc=0x00007f9121f6ac9c, pid=8215, tid=0x00007f910c9e8700
#
# JRE version: Java(TM) SE Runtime Environment (8.0_101-b13) (build 1.8.0_101-b13)
# Java VM: Java HotSpot(TM) 64-Bit Server VM (25.101-b13 mixed mode linux-amd64 compressed oops)
# Problematic frame:
# V  [libjvm.so+0x979c9c]  ParCompactionManager::follow_marking_stacks()+0x3ac
#
# Failed to write core dump. Core dumps have been disabled. To enable core dumping, try "ulimit -c unlimited" before starting Java again
#
# If you would like to submit a bug report, please visit:
#   http://bugreport.java.com/bugreport/crash.jsp
#

---------------  T H R E A D  ---------------

Current thread (0x00007f911c021000):  GCTaskThread [stack: 0x00007f910c8e8000,0x00007f910c9e9000] [id=8222]

siginfo: si_signo: 11 (SIGSEGV), si_code: 128 (SI_KERNEL), si_addr: 0x0000000000000000

Registers:
RAX=0x00007f9106000000, RBX=0x0000000010000000, RCX=0x0000000000000000, RDX=0x007fffffffa80000
RSP=0x00007f910c9e7830, RBP=0x00007f910c9e79b0, RSI=0x0000000000000001, RDI=0x00007f911c074b70
R8 =0x00000000f0d47678, R9 =0x0000000000020000, R10=0x00007f9106c340d0, R11=0x00007f91225ae100
R12=0x00007f911c074ae0, R13=0x00007f91225b2120, R14=0x00000000f0d47240, R15=0x00000000c0b547f4
RIP=0x00007f9121f6ac9c, EFLAGS=0x0000000000010206, CSGSFS=0x0000000000000033, ERR=0x0000000000000000
  TRAPNO=0x000000000000000d

Top of Stack: (sp=0x00007f910c9e7830)
0x00007f910c9e7830:   000000010008c468 00000000c0b5373c
0x00007f910c9e7840:   00007f911c074af0 00007f910c9e7960
0x00007f910c9e7850:   00007f910c9e7930 00007f910c9e7910
0x00007f910c9e7860:   00007f910c9e7900 00007f910c9e78f0
0x00007f910c9e7870:   00007f910c9e78e0 00007f910c9e78d0
0x00007f910c9e7880:   00007f91225a3059 00007f911c074ba0
0x00007f910c9e7890:   00000000f0d09668 00000000c248ed34
0x00007f910c9e78a0:   00007f911c074af0 00007f910c9e79c0
0x00007f910c9e78b0:   0000000000010001 000000000000f800
0x00007f910c9e78c0:   00007f911c074b20 00007f910c9e7978
0x00007f910c9e78d0:   00000000f0d04ab8 00007f91225b2120
0x00007f910c9e78e0:   00007f910c9e7950 00007f9121c3864c
0x00007f910c9e78f0:   00000000f0d04a94 00000000f0d04c00
0x00007f910c9e7900:   00000000f0d09668 000000010000f600
0x00007f910c9e7910:   00000000f0d09668 00007f910000f600
0x00007f910c9e7920:   00007f91225b2120 00000000f0d03488
0x00007f910c9e7930:   000000e600000006 00007f9121ef1d64
0x00007f910c9e7940:   000000e700000006 00000000f0d09e78
0x00007f910c9e7950:   0000000000010001 00007f9121c4c5ba
0x00007f910c9e7960:   0000018800000015 00007f911c074b20
0x00007f910c9e7970:   0000018900000015 00000000f0d03b88
0x00007f910c9e7980:   00000000f0d09668 0000000000000000
0x00007f910c9e7990:   00007f911c0748d0 0000000000000001
0x00007f910c9e79a0:   00007f911c074ae0 00000000c0b547f4
0x00007f910c9e79b0:   00007f910c9e7af0 00007f9121f50985
0x00007f910c9e79c0:   0000000800000000 00000000c0b547f4
0x00007f910c9e79d0:   00007f910c9e7a90 00007f910c9e7a80
0x00007f910c9e79e0:   00007f910c9e7a70 00007f910c9e7a60
0x00007f910c9e79f0:   00007f910c9e7aa0 00007f910c9e7ab0
0x00007f910c9e7a00:   00007f910c9e7abc 00007f91225a3059
0x00007f910c9e7a10:   00007f90dca9b5f0 00000000c0b53740
0x00007f910c9e7a20:   00007f910c9e7a60 00007f911c0215c0 

Instructions: (pc=0x00007f9121f6ac9c)
0x00007f9121f6ac7c:   c1 49 8b 45 30 48 c1 ee 03 48 d3 ee 48 89 f2 89
0x00007f9121f6ac8c:   f1 be 01 00 00 00 83 e1 3f 48 c1 ea 06 48 d3 e6
0x00007f9121f6ac9c:   48 85 34 d0 75 96 48 8b 85 d0 fe ff ff 0f b6 10
0x00007f9121f6acac:   84 d2 0f 84 7c 05 00 00 48 8b 05 cd 4d 5f 00 8b 

Register to memory mapping:

RAX=0x00007f9106000000 is an unknown value
RBX=0x0000000010000000 is an unknown value
RCX=0x0000000000000000 is an unknown value
RDX=0x007fffffffa80000 is an unknown value
RSP=0x00007f910c9e7830 is an unknown value
RBP=0x00007f910c9e79b0 is an unknown value
RSI=0x0000000000000001 is an unknown value
RDI=0x00007f911c074b70 is an unknown value
R8 =0x00000000f0d47678 is an unknown value
R9 =0x0000000000020000 is an unknown value
R10=0x00007f9106c340d0 is an unknown value
R11=0x00007f91225ae100: <offset 0xfbd100> in /usr/lib/jvm/java-8-oracle/jre/lib/amd64/server/libjvm.so at 0x00007f91215f1000
R12=0x00007f911c074ae0 is an unknown value
R13=0x00007f91225b2120: <offset 0xfc1120> in /usr/lib/jvm/java-8-oracle/jre/lib/amd64/server/libjvm.so at 0x00007f91215f1000
R14=0x00000000f0d47240 is an oop

[error occurred during error reporting (printing register info), id 0xb]

Stack: [0x00007f910c8e8000,0x00007f910c9e9000],  sp=0x00007f910c9e7830,  free space=1022k
Native frames: (J=compiled Java code, j=interpreted, Vv=VM code, C=native code)
V  [libjvm.so+0x979c9c]  ParCompactionManager::follow_marking_stacks()+0x3ac
V  [libjvm.so+0x95f985]  StealMarkingTask::do_it(GCTaskManager*, unsigned int)+0x325
V  [libjvm.so+0x5d6b5f]  GCTaskThread::run()+0x12f
V  [libjvm.so+0x924698]  java_start(Thread*)+0x108


---------------  P R O C E S S  ---------------

Java Threads: ( => current thread )
  0x00007f911c168000 JavaThread "pool-2-thread-4" [_thread_blocked, id=8238, stack(0x00007f90ef23c000,0x00007f90ef33d000)]
  0x00007f911c166800 JavaThread "pool-2-thread-3" [_thread_blocked, id=8237, stack(0x00007f90ef33d000,0x00007f90ef43e000)]
  0x00007f911c165000 JavaThread "pool-2-thread-2" [_thread_blocked, id=8236, stack(0x00007f90ef43e000,0x00007f90ef53f000)]
  0x00007f911c155800 JavaThread "pool-3-thread-1" [_thread_blocked, id=8235, stack(0x00007f90ef53f000,0x00007f90ef640000)]
  0x00007f911c142800 JavaThread "pool-2-thread-1" [_thread_blocked, id=8234, stack(0x00007f91040e9000,0x00007f91041ea000)]
  0x00007f911c0c1000 JavaThread "Service Thread" daemon [_thread_blocked, id=8232, stack(0x00007f91042eb000,0x00007f91043ec000)]
  0x00007f911c0be000 JavaThread "C1 CompilerThread2" daemon [_thread_blocked, id=8231, stack(0x00007f91043ec000,0x00007f91044ed000)]
  0x00007f911c0bc000 JavaThread "C2 CompilerThread1" daemon [_thread_blocked, id=8230, stack(0x00007f91044ed000,0x00007f91045ee000)]
  0x00007f911c0b9800 JavaThread "C2 CompilerThread0" daemon [_thread_blocked, id=8229, stack(0x00007f91045ee000,0x00007f91046ef000)]
  0x00007f911c0b8000 JavaThread "Signal Dispatcher" daemon [_thread_blocked, id=8228, stack(0x00007f91046ef000,0x00007f91047f0000)]
  0x00007f911c084000 JavaThread "Finalizer" daemon [_thread_blocked, id=8227, stack(0x00007f91047f0000,0x00007f91048f1000)]
  0x00007f911c07f800 JavaThread "Reference Handler" daemon [_thread_blocked, id=8226, stack(0x00007f91048f1000,0x00007f91049f2000)]
  0x00007f911c00a000 JavaThread "main" [_thread_blocked, id=8220, stack(0x00007f91230db000,0x00007f91231dc000)]

Other Threads:
  0x00007f911c078000 VMThread [stack: 0x00007f91049f2000,0x00007f9104af3000] [id=8225]
  0x00007f911c0c4000 WatcherThread [stack: 0x00007f91041ea000,0x00007f91042eb000] [id=8233]

=>0x00007f911c021000 (exited) GCTaskThread [stack: 0x00007f910c8e8000,0x00007f910c9e9000] [id=8222]

VM state:at safepoint (normal execution)

VM Mutex/Monitor currently owned by a thread:  ([mutex/lock_event])
[0x00007f911c006490] Threads_lock - owner thread: 0x00007f911c078000
[0x00007f911c006990] Heap_lock - owner thread: 0x00007f911c166800

Heap:
 PSYoungGen      total 99840K, used 3575K [0x00000000eab00000, 0x00000000f1000000, 0x0000000100000000)
  eden space 96256K, 0% used [0x00000000eab00000,0x00000000eab00000,0x00000000f0900000)
  from space 3584K, 99% used [0x00000000f0c80000,0x00000000f0ffdfa8,0x00000000f1000000)
  to   space 3584K, 0% used [0x00000000f0900000,0x00000000f0900000,0x00000000f0c80000)
 ParOldGen       total 62976K, used 46435K [0x00000000c0000000, 0x00000000c3d80000, 0x00000000eab00000)
  object space 62976K, 73% used [0x00000000c0000000,0x00000000c2d58de0,0x00000000c3d80000)
 Metaspace       used 5702K, capacity 6896K, committed 7040K, reserved 1056768K
  class space    used 575K, capacity 616K, committed 640K, reserved 1048576K

Card table byte_map: [0x00007f9120049000,0x00007f912024a000] byte_map_base: 0x00007f911fa49000

Marking Bits: (ParMarkBitMap*) 0x00007f91225b2120
 Begin Bits: [0x00007f9106000000, 0x00007f9107000000)
 End Bits:   [0x00007f9107000000, 0x00007f9108000000)

Polling page: 0x00007f9123201000

CodeCache: size=245760Kb used=4617Kb max_used=4629Kb free=241142Kb
 bounds [0x00007f910d000000, 0x00007f910d490000, 0x00007f911c000000]
 total_blobs=1371 nmethods=1110 adapters=175
 compilation: enabled

Compilation events (10 events):
Event: 1,991 Thread 0x00007f911c0be000 nmethod 1185 0x00007f910d486410 code [0x00007f910d486580, 0x00007f910d4866e8]
Event: 1,991 Thread 0x00007f911c0be000 1224       2       com.android.dx.rop.type.Type::isCategory2 (36 bytes)
Event: 1,991 Thread 0x00007f911c0be000 nmethod 1224 0x00007f910d486790 code [0x00007f910d4868e0, 0x00007f910d486a50]
Event: 1,991 Thread 0x00007f911c0be000 1207       2       com.android.dx.dex.file.Section::throwIfPrepared (18 bytes)
Event: 1,991 Thread 0x00007f911c0be000 nmethod 1207 0x00007f910d486ad0 code [0x00007f910d486c40, 0x00007f910d486e48]
Event: 1,991 Thread 0x00007f911c0be000 1208       2       com.android.dx.dex.file.Item::<init> (5 bytes)
Event: 1,991 Thread 0x00007f911c0be000 nmethod 1208 0x00007f910d486f10 code [0x00007f910d487060, 0x00007f910d4871b0]
Event: 1,991 Thread 0x00007f911c0be000 1256       2       com.android.dx.cf.code.Simulator::requiredArrayTypeFor (74 bytes)
Event: 1,991 Thread 0x00007f911c0bc000 nmethod 1055 0x00007f910d487250 code [0x00007f910d4873c0, 0x00007f910d487758]
Event: 1,991 Thread 0x00007f911c0bc000 1257       4       java.util.ArrayList$Itr::<init> (6 bytes)

GC Heap History (9 events):
Event: 0,906 GC heap before
{Heap before GC invocations=1 (full 0):
 PSYoungGen      total 27648K, used 24064K [0x00000000eab00000, 0x00000000ec980000, 0x0000000100000000)
  eden space 24064K, 100% used [0x00000000eab00000,0x00000000ec280000,0x00000000ec280000)
  from space 3584K, 0% used [0x00000000ec600000,0x00000000ec600000,0x00000000ec980000)
  to   space 3584K, 0% used [0x00000000ec280000,0x00000000ec280000,0x00000000ec600000)
 ParOldGen       total 62976K, used 0K [0x00000000c0000000, 0x00000000c3d80000, 0x00000000eab00000)
  object space 62976K, 0% used [0x00000000c0000000,0x00000000c0000000,0x00000000c3d80000)
 Metaspace       used 5470K, capacity 6704K, committed 6784K, reserved 1056768K
  class space    used 567K, capacity 616K, committed 640K, reserved 1048576K
Event: 0,918 GC heap after
Heap after GC invocations=1 (full 0):
 PSYoungGen      total 27648K, used 3558K [0x00000000eab00000, 0x00000000ee100000, 0x0000000100000000)
  eden space 24064K, 0% used [0x00000000eab00000,0x00000000eab00000,0x00000000ec280000)
  from space 3584K, 99% used [0x00000000ec280000,0x00000000ec5f9880,0x00000000ec600000)
  to   space 3584K, 0% used [0x00000000edd80000,0x00000000edd80000,0x00000000ee100000)
 ParOldGen       total 62976K, used 2591K [0x00000000c0000000, 0x00000000c3d80000, 0x00000000eab00000)
  object space 62976K, 4% used [0x00000000c0000000,0x00000000c0287ef8,0x00000000c3d80000)
 Metaspace       used 5470K, capacity 6704K, committed 6784K, reserved 1056768K
  class space    used 567K, capacity 616K, committed 640K, reserved 1048576K
}
Event: 1,262 GC heap before
{Heap before GC invocations=2 (full 0):
 PSYoungGen      total 27648K, used 27622K [0x00000000eab00000, 0x00000000ee100000, 0x0000000100000000)
  eden space 24064K, 100% used [0x00000000eab00000,0x00000000ec280000,0x00000000ec280000)
  from space 3584K, 99% used [0x00000000ec280000,0x00000000ec5f9880,0x00000000ec600000)
  to   space 3584K, 0% used [0x00000000edd80000,0x00000000edd80000,0x00000000ee100000)
 ParOldGen       total 62976K, used 2591K [0x00000000c0000000, 0x00000000c3d80000, 0x00000000eab00000)
  object space 62976K, 4% used [0x00000000c0000000,0x00000000c0287ef8,0x00000000c3d80000)
 Metaspace       used 5600K, capacity 6832K, committed 7040K, reserved 1056768K
  class space    used 574K, capacity 616K, committed 640K, reserved 1048576K
Event: 1,291 GC heap after
Heap after GC invocations=2 (full 0):
 PSYoungGen      total 51712K, used 3568K [0x00000000eab00000, 0x00000000ee100000, 0x0000000100000000)
  eden space 48128K, 0% used [0x00000000eab00000,0x00000000eab00000,0x00000000eda00000)
  from space 3584K, 99% used [0x00000000edd80000,0x00000000ee0fc0a0,0x00000000ee100000)
  to   space 3584K, 0% used [0x00000000eda00000,0x00000000eda00000,0x00000000edd80000)
 ParOldGen       total 62976K, used 9766K [0x00000000c0000000, 0x00000000c3d80000, 0x00000000eab00000)
  object space 62976K, 15% used [0x00000000c0000000,0x00000000c0989b20,0x00000000c3d80000)
 Metaspace       used 5600K, capacity 6832K, committed 7040K, reserved 1056768K
  class space    used 574K, capacity 616K, committed 640K, reserved 1048576K
}
Event: 1,546 GC heap before
{Heap before GC invocations=3 (full 0):
 PSYoungGen      total 51712K, used 51696K [0x00000000eab00000, 0x00000000ee100000, 0x0000000100000000)
  eden space 48128K, 100% used [0x00000000eab00000,0x00000000eda00000,0x00000000eda00000)
  from space 3584K, 99% used [0x00000000edd80000,0x00000000ee0fc0a0,0x00000000ee100000)
  to   space 3584K, 0% used [0x00000000eda00000,0x00000000eda00000,0x00000000edd80000)
 ParOldGen       total 62976K, used 9766K [0x00000000c0000000, 0x00000000c3d80000, 0x00000000eab00000)
  object space 62976K, 15% used [0x00000000c0000000,0x00000000c0989b20,0x00000000c3d80000)
 Metaspace       used 5614K, capacity 6832K, committed 7040K, reserved 1056768K
  class space    used 575K, capacity 616K, committed 640K, reserved 1048576K
Event: 1,593 GC heap after
Heap after GC invocations=3 (full 0):
 PSYoungGen      total 51712K, used 3552K [0x00000000eab00000, 0x00000000f1000000, 0x0000000100000000)
  eden space 48128K, 0% used [0x00000000eab00000,0x00000000eab00000,0x00000000eda00000)
  from space 3584K, 99% used [0x00000000eda00000,0x00000000edd78090,0x00000000edd80000)
  to   space 3584K, 0% used [0x00000000f0c80000,0x00000000f0c80000,0x00000000f1000000)
 ParOldGen       total 62976K, used 31146K [0x00000000c0000000, 0x00000000c3d80000, 0x00000000eab00000)
  object space 62976K, 49% used [0x00000000c0000000,0x00000000c1e6ab58,0x00000000c3d80000)
 Metaspace       used 5614K, capacity 6832K, committed 7040K, reserved 1056768K
  class space    used 575K, capacity 616K, committed 640K, reserved 1048576K
}
Event: 1,993 GC heap before
{Heap before GC invocations=4 (full 0):
 PSYoungGen      total 51712K, used 51680K [0x00000000eab00000, 0x00000000f1000000, 0x0000000100000000)
  eden space 48128K, 100% used [0x00000000eab00000,0x00000000eda00000,0x00000000eda00000)
  from space 3584K, 99% used [0x00000000eda00000,0x00000000edd78090,0x00000000edd80000)
  to   space 3584K, 0% used [0x00000000f0c80000,0x00000000f0c80000,0x00000000f1000000)
 ParOldGen       total 62976K, used 31146K [0x00000000c0000000, 0x00000000c3d80000, 0x00000000eab00000)
  object space 62976K, 49% used [0x00000000c0000000,0x00000000c1e6ab58,0x00000000c3d80000)
 Metaspace       used 5702K, capacity 6896K, committed 7040K, reserved 1056768K
  class space    used 575K, capacity 616K, committed 640K, reserved 1048576K
Event: 2,031 GC heap after
Heap after GC invocations=4 (full 0):
 PSYoungGen      total 99840K, used 3575K [0x00000000eab00000, 0x00000000f1000000, 0x0000000100000000)
  eden space 96256K, 0% used [0x00000000eab00000,0x00000000eab00000,0x00000000f0900000)
  from space 3584K, 99% used [0x00000000f0c80000,0x00000000f0ffdfa8,0x00000000f1000000)
  to   space 3584K, 0% used [0x00000000f0900000,0x00000000f0900000,0x00000000f0c80000)
 ParOldGen       total 62976K, used 46435K [0x00000000c0000000, 0x00000000c3d80000, 0x00000000eab00000)
  object space 62976K, 73% used [0x00000000c0000000,0x00000000c2d58de0,0x00000000c3d80000)
 Metaspace       used 5702K, capacity 6896K, committed 7040K, reserved 1056768K
  class space    used 575K, capacity 616K, committed 640K, reserved 1048576K
}
Event: 2,031 GC heap before
{Heap before GC invocations=5 (full 1):
 PSYoungGen      total 99840K, used 3575K [0x00000000eab00000, 0x00000000f1000000, 0x0000000100000000)
  eden space 96256K, 0% used [0x00000000eab00000,0x00000000eab00000,0x00000000f0900000)
  from space 3584K, 99% used [0x00000000f0c80000,0x00000000f0ffdfa8,0x00000000f1000000)
  to   space 3584K, 0% used [0x00000000f0900000,0x00000000f0900000,0x00000000f0c80000)
 ParOldGen       total 62976K, used 46435K [0x00000000c0000000, 0x00000000c3d80000, 0x00000000eab00000)
  object space 62976K, 73% used [0x00000000c0000000,0x00000000c2d58de0,0x00000000c3d80000)
 Metaspace       used 5702K, capacity 6896K, committed 7040K, reserved 1056768K
  class space    used 575K, capacity 616K, committed 640K, reserved 1048576K

Deoptimization events (3 events):
Event: 0,236 Thread 0x00007f911c00a000 Uncommon trap: reason=unstable_if action=reinterpret pc=0x00007f910d13cac4 method=java.lang.String.indexOf(II)I @ 49
Event: 0,585 Thread 0x00007f911c165000 Uncommon trap: reason=unstable_if action=reinterpret pc=0x00007f910d1d7220 method=java.util.HashMap.getNode(ILjava/lang/Object;)Ljava/util/HashMap$Node; @ 129
Event: 0,893 Thread 0x00007f911c142800 Uncommon trap: reason=null_check action=make_not_entrant pc=0x00007f910d290b68 method=com.android.dx.ssa.SsaRenamer.getLocalForNewReg(I)Lcom/android/dx/rop/code/LocalItem; @ 19

Internal exceptions (3 events):
Event: 0,038 Thread 0x00007f911c00a000 Exception <a 'java/lang/NoSuchMethodError': Method sun.misc.Unsafe.defineClass(Ljava/lang/String;[BII)Ljava/lang/Class; name or signature does not match> (0x00000000eab07cc0) thrown at [/HUDSON3/workspace/8-2-build-linux-amd64/jdk8u101/7261/hotspot/src/sh
Event: 0,038 Thread 0x00007f911c00a000 Exception <a 'java/lang/NoSuchMethodError': Method sun.misc.Unsafe.prefetchRead(Ljava/lang/Object;J)V name or signature does not match> (0x00000000eab07fa8) thrown at [/HUDSON3/workspace/8-2-build-linux-amd64/jdk8u101/7261/hotspot/src/share/vm/prims/jni.c
Event: 0,893 Thread 0x00007f911c142800 Implicit null exception at 0x00007f910d28e4ac to 0x00007f910d290b49

Events (10 events):
Event: 1,775 Thread 0x00007f911c165000 DEOPT UNPACKING pc=0x00007f910d047633 sp=0x00007f90ef53ce90 mode 0
Event: 1,779 Thread 0x00007f911c165000 DEOPT PACKING pc=0x00007f910d201af4 sp=0x00007f90ef53d140
Event: 1,779 Thread 0x00007f911c165000 DEOPT UNPACKING pc=0x00007f910d047633 sp=0x00007f90ef53ce90 mode 0
Event: 1,780 Thread 0x00007f911c165000 DEOPT PACKING pc=0x00007f910d201af4 sp=0x00007f90ef53d140
Event: 1,780 Thread 0x00007f911c165000 DEOPT UNPACKING pc=0x00007f910d047633 sp=0x00007f90ef53ce90 mode 0
Event: 1,848 Thread 0x00007f911c168000 DEOPT PACKING pc=0x00007f910d3f4483 sp=0x00007f90ef33aef0
Event: 1,848 Thread 0x00007f911c168000 DEOPT UNPACKING pc=0x00007f910d047633 sp=0x00007f90ef33aca0 mode 0
Event: 1,987 loading class java/util/ArrayList$1
Event: 1,987 loading class java/util/ArrayList$1 done
Event: 1,992 Executing VM operation: ParallelGCFailedAllocation


Dynamic libraries:
00400000-00401000 r-xp 00000000 08:06 4991853                            /usr/lib/jvm/java-8-oracle/bin/java
00600000-00601000 rw-p 00000000 08:06 4991853                            /usr/lib/jvm/java-8-oracle/bin/java
01ef2000-01f13000 rw-p 00000000 00:00 0                                  [heap]
c0000000-c3d80000 rw-p 00000000 00:00 0 
c3d80000-eab00000 ---p 00000000 00:00 0 
eab00000-f1000000 rw-p 00000000 00:00 0 
f1000000-100000000 ---p 00000000 00:00 0 
100000000-1000a0000 rw-p 00000000 00:00 0 
1000a0000-140000000 ---p 00000000 00:00 0 
7f90bc000000-7f90bc05c000 rw-p 00000000 00:00 0 
7f90bc05c000-7f90c0000000 ---p 00000000 00:00 0 
7f90c0000000-7f90c0074000 rw-p 00000000 00:00 0 
7f90c0074000-7f90c4000000 ---p 00000000 00:00 0 
7f90c4000000-7f90c4021000 rw-p 00000000 00:00 0 
7f90c4021000-7f90c8000000 ---p 00000000 00:00 0 
7f90c8000000-7f90c8139000 rw-p 00000000 00:00 0 
7f90c8139000-7f90cc000000 ---p 00000000 00:00 0 
7f90cc000000-7f90cc021000 rw-p 00000000 00:00 0 
7f90cc021000-7f90d0000000 ---p 00000000 00:00 0 
7f90d0000000-7f90d0080000 rw-p 00000000 00:00 0 
7f90d0080000-7f90d4000000 ---p 00000000 00:00 0 
7f90d4000000-7f90d4e0d000 rw-p 00000000 00:00 0 
7f90d4e0d000-7f90d8000000 ---p 00000000 00:00 0 
7f90d8000000-7f90d8021000 rw-p 00000000 00:00 0 
7f90d8021000-7f90dc000000 ---p 00000000 00:00 0 
7f90dc000000-7f90dd0cf000 rw-p 00000000 00:00 0 
7f90dd0cf000-7f90e0000000 ---p 00000000 00:00 0 
7f90e0000000-7f90e0885000 rw-p 00000000 00:00 0 
7f90e0885000-7f90e4000000 ---p 00000000 00:00 0 
7f90e4000000-7f90e4021000 rw-p 00000000 00:00 0 
7f90e4021000-7f90e8000000 ---p 00000000 00:00 0 
7f90e8000000-7f90e8021000 rw-p 00000000 00:00 0 
7f90e8021000-7f90ec000000 ---p 00000000 00:00 0 
7f90ef23c000-7f90ef23f000 ---p 00000000 00:00 0 
7f90ef23f000-7f90ef33d000 rw-p 00000000 00:00 0 
7f90ef33d000-7f90ef340000 ---p 00000000 00:00 0 
7f90ef340000-7f90ef43e000 rw-p 00000000 00:00 0 
7f90ef43e000-7f90ef441000 ---p 00000000 00:00 0 
7f90ef441000-7f90ef53f000 rw-p 00000000 00:00 0 
7f90ef53f000-7f90ef542000 ---p 00000000 00:00 0 
7f90ef542000-7f90ef640000 rw-p 00000000 00:00 0 
7f90ef640000-7f90f0000000 r--p 00000000 08:06 2628587                    /usr/lib/locale/locale-archive
7f90f0000000-7f90f0021000 rw-p 00000000 00:00 0 
7f90f0021000-7f90f4000000 ---p 00000000 00:00 0 
7f90f4000000-7f90f4021000 rw-p 00000000 00:00 0 
7f90f4021000-7f90f8000000 ---p 00000000 00:00 0 
7f90f8000000-7f90f8290000 rw-p 00000000 00:00 0 
7f90f8290000-7f90fc000000 ---p 00000000 00:00 0 
7f90fc000000-7f90fc021000 rw-p 00000000 00:00 0 
7f90fc021000-7f9100000000 ---p 00000000 00:00 0 
7f9100000000-7f9100021000 rw-p 00000000 00:00 0 
7f9100021000-7f9104000000 ---p 00000000 00:00 0 
7f91040e9000-7f91040ec000 ---p 00000000 00:00 0 
7f91040ec000-7f91041ea000 rw-p 00000000 00:00 0 
7f91041ea000-7f91041eb000 ---p 00000000 00:00 0 
7f91041eb000-7f91042eb000 rw-p 00000000 00:00 0 
7f91042eb000-7f91042ee000 ---p 00000000 00:00 0 
7f91042ee000-7f91043ec000 rw-p 00000000 00:00 0 
7f91043ec000-7f91043ef000 ---p 00000000 00:00 0 
7f91043ef000-7f91044ed000 rw-p 00000000 00:00 0 
7f91044ed000-7f91044f0000 ---p 00000000 00:00 0 
7f91044f0000-7f91045ee000 rw-p 00000000 00:00 0 
7f91045ee000-7f91045f1000 ---p 00000000 00:00 0 
7f91045f1000-7f91046ef000 rw-p 00000000 00:00 0 
7f91046ef000-7f91046f2000 ---p 00000000 00:00 0 
7f91046f2000-7f91047f0000 rw-p 00000000 00:00 0 
7f91047f0000-7f91047f3000 ---p 00000000 00:00 0 
7f91047f3000-7f91048f1000 rw-p 00000000 00:00 0 
7f91048f1000-7f91048f4000 ---p 00000000 00:00 0 
7f91048f4000-7f91049f2000 rw-p 00000000 00:00 0 
7f91049f2000-7f91049f3000 ---p 00000000 00:00 0 
7f91049f3000-7f9105e40000 rw-p 00000000 00:00 0 
7f9105e40000-7f9106000000 ---p 00000000 00:00 0 
7f9106000000-7f9108000000 rw-p 00000000 00:00 0 
7f9108000000-7f9108021000 rw-p 00000000 00:00 0 
7f9108021000-7f910c000000 ---p 00000000 00:00 0 
7f910c024000-7f910c032000 r--s 000e0000 08:06 9570111                    /home/nur/Android/Sdk/build-tools/24.0.2/lib/dx.jar
7f910c032000-7f910c297000 rw-p 00000000 00:00 0 
7f910c297000-7f910c470000 r--s 03d29000 08:06 5119781                    /usr/lib/jvm/java-8-oracle/jre/lib/rt.jar
7f910c470000-7f910c6e6000 rw-p 00000000 00:00 0 
7f910c6e6000-7f910c6e7000 ---p 00000000 00:00 0 
7f910c6e7000-7f910c7e7000 rw-p 00000000 00:00 0 
7f910c7e7000-7f910c7e8000 ---p 00000000 00:00 0 
7f910c7e8000-7f910c8e8000 rw-p 00000000 00:00 0 
7f910c8e8000-7f910c8e9000 ---p 00000000 00:00 0 
7f910c8e9000-7f910c9e9000 rw-p 00000000 00:00 0 
7f910c9e9000-7f910c9ea000 ---p 00000000 00:00 0 
7f910c9ea000-7f910cb09000 rw-p 00000000 00:00 0 
7f910cb09000-7f910cc40000 ---p 00000000 00:00 0 
7f910cc40000-7f910cc53000 rw-p 00000000 00:00 0 
7f910cc53000-7f910d000000 ---p 00000000 00:00 0 
7f910d000000-7f910d490000 rwxp 00000000 00:00 0 
7f910d490000-7f911c000000 ---p 00000000 00:00 0 
7f911c000000-7f911c3bf000 rw-p 00000000 00:00 0 
7f911c3bf000-7f9120000000 ---p 00000000 00:00 0 
7f9120007000-7f9120068000 rw-p 00000000 00:00 0 
7f9120068000-7f912019e000 ---p 00000000 00:00 0 
7f912019e000-7f91201d1000 rw-p 00000000 00:00 0 
7f91201d1000-7f9120249000 ---p 00000000 00:00 0 
7f9120249000-7f912024a000 rw-p 00000000 00:00 0 
7f912024a000-7f9120264000 r-xp 00000000 08:06 7213491                    /usr/lib/jvm/java-8-oracle/jre/lib/amd64/libzip.so
7f9120264000-7f9120464000 ---p 0001a000 08:06 7213491                    /usr/lib/jvm/java-8-oracle/jre/lib/amd64/libzip.so
7f9120464000-7f9120465000 rw-p 0001a000 08:06 7213491                    /usr/lib/jvm/java-8-oracle/jre/lib/amd64/libzip.so
7f9120465000-7f9120470000 r-xp 00000000 08:06 791069                     /lib/x86_64-linux-gnu/libnss_files-2.23.so
7f9120470000-7f912066f000 ---p 0000b000 08:06 791069                     /lib/x86_64-linux-gnu/libnss_files-2.23.so
7f912066f000-7f9120670000 r--p 0000a000 08:06 791069                     /lib/x86_64-linux-gnu/libnss_files-2.23.so
7f9120670000-7f9120671000 rw-p 0000b000 08:06 791069                     /lib/x86_64-linux-gnu/libnss_files-2.23.so
7f9120671000-7f9120677000 rw-p 00000000 00:00 0 
7f9120677000-7f9120682000 r-xp 00000000 08:06 791079                     /lib/x86_64-linux-gnu/libnss_nis-2.23.so
7f9120682000-7f9120881000 ---p 0000b000 08:06 791079                     /lib/x86_64-linux-gnu/libnss_nis-2.23.so
7f9120881000-7f9120882000 r--p 0000a000 08:06 791079                     /lib/x86_64-linux-gnu/libnss_nis-2.23.so
7f9120882000-7f9120883000 rw-p 0000b000 08:06 791079                     /lib/x86_64-linux-gnu/libnss_nis-2.23.so
7f9120883000-7f9120899000 r-xp 00000000 08:06 791063                     /lib/x86_64-linux-gnu/libnsl-2.23.so
7f9120899000-7f9120a98000 ---p 00016000 08:06 791063                     /lib/x86_64-linux-gnu/libnsl-2.23.so
7f9120a98000-7f9120a99000 r--p 00015000 08:06 791063                     /lib/x86_64-linux-gnu/libnsl-2.23.so
7f9120a99000-7f9120a9a000 rw-p 00016000 08:06 791063                     /lib/x86_64-linux-gnu/libnsl-2.23.so
7f9120a9a000-7f9120a9c000 rw-p 00000000 00:00 0 
7f9120a9c000-7f9120aa4000 r-xp 00000000 08:06 791065                     /lib/x86_64-linux-gnu/libnss_compat-2.23.so
7f9120aa4000-7f9120ca3000 ---p 00008000 08:06 791065                     /lib/x86_64-linux-gnu/libnss_compat-2.23.so
7f9120ca3000-7f9120ca4000 r--p 00007000 08:06 791065                     /lib/x86_64-linux-gnu/libnss_compat-2.23.so
7f9120ca4000-7f9120ca5000 rw-p 00008000 08:06 791065                     /lib/x86_64-linux-gnu/libnss_compat-2.23.so
7f9120ca5000-7f9120ccf000 r-xp 00000000 08:06 7213517                    /usr/lib/jvm/java-8-oracle/jre/lib/amd64/libjava.so
7f9120ccf000-7f9120ecf000 ---p 0002a000 08:06 7213517                    /usr/lib/jvm/java-8-oracle/jre/lib/amd64/libjava.so
7f9120ecf000-7f9120ed1000 rw-p 0002a000 08:06 7213517                    /usr/lib/jvm/java-8-oracle/jre/lib/amd64/libjava.so
7f9120ed1000-7f9120ede000 r-xp 00000000 08:06 7213471                    /usr/lib/jvm/java-8-oracle/jre/lib/amd64/libverify.so
7f9120ede000-7f91210de000 ---p 0000d000 08:06 7213471                    /usr/lib/jvm/java-8-oracle/jre/lib/amd64/libverify.so
7f91210de000-7f91210e0000 rw-p 0000d000 08:06 7213471                    /usr/lib/jvm/java-8-oracle/jre/lib/amd64/libverify.so
7f91210e0000-7f91210e7000 r-xp 00000000 08:06 791124                     /lib/x86_64-linux-gnu/librt-2.23.so
7f91210e7000-7f91212e6000 ---p 00007000 08:06 791124                     /lib/x86_64-linux-gnu/librt-2.23.so
7f91212e6000-7f91212e7000 r--p 00006000 08:06 791124                     /lib/x86_64-linux-gnu/librt-2.23.so
7f91212e7000-7f91212e8000 rw-p 00007000 08:06 791124                     /lib/x86_64-linux-gnu/librt-2.23.so
7f91212e8000-7f91213f0000 r-xp 00000000 08:06 791040                     /lib/x86_64-linux-gnu/libm-2.23.so
7f91213f0000-7f91215ef000 ---p 00108000 08:06 791040                     /lib/x86_64-linux-gnu/libm-2.23.so
7f91215ef000-7f91215f0000 r--p 00107000 08:06 791040                     /lib/x86_64-linux-gnu/libm-2.23.so
7f91215f0000-7f91215f1000 rw-p 00108000 08:06 791040                     /lib/x86_64-linux-gnu/libm-2.23.so
7f91215f1000-7f91222bc000 r-xp 00000000 08:06 7344163                    /usr/lib/jvm/java-8-oracle/jre/lib/amd64/server/libjvm.so
7f91222bc000-7f91224bb000 ---p 00ccb000 08:06 7344163                    /usr/lib/jvm/java-8-oracle/jre/lib/amd64/server/libjvm.so
7f91224bb000-7f9122594000 rw-p 00cca000 08:06 7344163                    /usr/lib/jvm/java-8-oracle/jre/lib/amd64/server/libjvm.so
7f9122594000-7f91225df000 rw-p 00000000 00:00 0 
7f91225df000-7f912279f000 r-xp 00000000 08:06 790970                     /lib/x86_64-linux-gnu/libc-2.23.so
7f912279f000-7f912299e000 ---p 001c0000 08:06 790970                     /lib/x86_64-linux-gnu/libc-2.23.so
7f912299e000-7f91229a2000 r--p 001bf000 08:06 790970                     /lib/x86_64-linux-gnu/libc-2.23.so
7f91229a2000-7f91229a4000 rw-p 001c3000 08:06 790970                     /lib/x86_64-linux-gnu/libc-2.23.so
7f91229a4000-7f91229a8000 rw-p 00000000 00:00 0 
7f91229a8000-7f91229ab000 r-xp 00000000 08:06 790994                     /lib/x86_64-linux-gnu/libdl-2.23.so
7f91229ab000-7f9122baa000 ---p 00003000 08:06 790994                     /lib/x86_64-linux-gnu/libdl-2.23.so
7f9122baa000-7f9122bab000 r--p 00002000 08:06 790994                     /lib/x86_64-linux-gnu/libdl-2.23.so
7f9122bab000-7f9122bac000 rw-p 00003000 08:06 790994                     /lib/x86_64-linux-gnu/libdl-2.23.so
7f9122bac000-7f9122bc1000 r-xp 00000000 08:06 9183342                    /usr/lib/jvm/java-8-oracle/lib/amd64/jli/libjli.so
7f9122bc1000-7f9122dc1000 ---p 00015000 08:06 9183342                    /usr/lib/jvm/java-8-oracle/lib/amd64/jli/libjli.so
7f9122dc1000-7f9122dc2000 rw-p 00015000 08:06 9183342                    /usr/lib/jvm/java-8-oracle/lib/amd64/jli/libjli.so
7f9122dc2000-7f9122dda000 r-xp 00000000 08:06 791116                     /lib/x86_64-linux-gnu/libpthread-2.23.so
7f9122dda000-7f9122fd9000 ---p 00018000 08:06 791116                     /lib/x86_64-linux-gnu/libpthread-2.23.so
7f9122fd9000-7f9122fda000 r--p 00017000 08:06 791116                     /lib/x86_64-linux-gnu/libpthread-2.23.so
7f9122fda000-7f9122fdb000 rw-p 00018000 08:06 791116                     /lib/x86_64-linux-gnu/libpthread-2.23.so
7f9122fdb000-7f9122fdf000 rw-p 00000000 00:00 0 
7f9122fdf000-7f9123005000 r-xp 00000000 08:06 790942                     /lib/x86_64-linux-gnu/ld-2.23.so
7f9123009000-7f91230db000 rw-p 00000000 00:00 0 
7f91230db000-7f91230de000 ---p 00000000 00:00 0 
7f91230de000-7f91231e0000 rw-p 00000000 00:00 0 
7f91231e4000-7f91231f8000 rw-p 00000000 00:00 0 
7f91231f8000-7f9123200000 rw-s 00000000 08:06 5648318                    /tmp/hsperfdata_nur/8215
7f9123200000-7f9123201000 rw-p 00000000 00:00 0 
7f9123201000-7f9123202000 ---p 00000000 00:00 0 
7f9123202000-7f9123204000 rw-p 00000000 00:00 0 
7f9123204000-7f9123205000 r--p 00025000 08:06 790942                     /lib/x86_64-linux-gnu/ld-2.23.so
7f9123205000-7f9123206000 rw-p 00026000 08:06 790942                     /lib/x86_64-linux-gnu/ld-2.23.so
7f9123206000-7f9123207000 rw-p 00000000 00:00 0 
7fff923a9000-7fff923cb000 rw-p 00000000 00:00 0                          [stack]
7fff923f0000-7fff923f2000 r--p 00000000 00:00 0                          [vvar]
7fff923f2000-7fff923f4000 r-xp 00000000 00:00 0                          [vdso]
ffffffffff600000-ffffffffff601000 r-xp 00000000 00:00 0                  [vsyscall]

VM Arguments:
jvm_args: -Djava.awt.headless=true -Xmx1024M -Dfile.encoding=UTF-8 -Duser.country=US -Duser.language=en -Duser.variant 
java_command: com.android.dx.command.Main --dex --force-jumbo --num-threads=4 --multi-dex --output /home/nur/AndroidStudioProjects/CatetDuit/app/build/intermediates/transforms/dex/debug/folders/1000/5/slice_2 /home/nur/AndroidStudioProjects/CatetDuit/app/build/intermediates/transforms/instantRunSlicer/debug/folders/1/5/slice_2
java_class_path (initial): /home/nur/Android/Sdk/build-tools/24.0.2/lib/dx.jar
Launcher Type: SUN_STANDARD

Environment Variables:
PATH=/usr/local/heroku/bin:/usr/local/sbin:/usr/local/bin:/usr/sbin:/usr/bin:/sbin:/bin:/usr/games:/usr/local/games:/snap/bin
LD_LIBRARY_PATH=/home/nur/android-studio/bin:
SHELL=/bin/bash
DISPLAY=:0

Signal Handlers:
SIGSEGV: [libjvm.so+0xac4790], sa_mask[0]=11111111011111111101111111111110, sa_flags=SA_RESTART|SA_SIGINFO
SIGBUS: [libjvm.so+0xac4790], sa_mask[0]=11111111011111111101111111111110, sa_flags=SA_RESTART|SA_SIGINFO
SIGFPE: [libjvm.so+0x91f140], sa_mask[0]=11111111011111111101111111111110, sa_flags=SA_RESTART|SA_SIGINFO
SIGPIPE: [libjvm.so+0x91f140], sa_mask[0]=11111111011111111101111111111110, sa_flags=SA_RESTART|SA_SIGINFO
SIGXFSZ: [libjvm.so+0x91f140], sa_mask[0]=11111111011111111101111111111110, sa_flags=SA_RESTART|SA_SIGINFO
SIGILL: [libjvm.so+0x91f140], sa_mask[0]=11111111011111111101111111111110, sa_flags=SA_RESTART|SA_SIGINFO
SIGUSR1: SIG_DFL, sa_mask[0]=00000000000000000000000000000000, sa_flags=none
SIGUSR2: [libjvm.so+0x920770], sa_mask[0]=00100000000000000000000000000000, sa_flags=SA_RESTART|SA_SIGINFO
SIGHUP: [libjvm.so+0x921b70], sa_mask[0]=11111111011111111101111111111110, sa_flags=SA_RESTART|SA_SIGINFO
SIGINT: [libjvm.so+0x921b70], sa_mask[0]=11111111011111111101111111111110, sa_flags=SA_RESTART|SA_SIGINFO
SIGTERM: [libjvm.so+0x921b70], sa_mask[0]=11111111011111111101111111111110, sa_flags=SA_RESTART|SA_SIGINFO
SIGQUIT: [libjvm.so+0x921b70], sa_mask[0]=11111111011111111101111111111110, sa_flags=SA_RESTART|SA_SIGINFO


---------------  S Y S T E M  ---------------

OS:DISTRIB_ID=Ubuntu
DISTRIB_RELEASE=16.04
DISTRIB_CODENAME=xenial
DISTRIB_DESCRIPTION="Ubuntu 16.04.1 LTS"

uname:Linux 4.4.0-38-generic #57-Ubuntu SMP Tue Sep 6 15:42:33 UTC 2016 x86_64
libc:glibc 2.23 NPTL 2.23 
rlimit: STACK 8192k, CORE 0k, NPROC 22972, NOFILE 65536, AS infinity
load average:1,02 0,90 0,98

/proc/meminfo:
MemTotal:        5918860 kB
MemFree:          886748 kB
MemAvailable:    2242444 kB
Buffers:          171432 kB
Cached:          1378492 kB
SwapCached:            0 kB
Active:          4026420 kB
Inactive:         716964 kB
Active(anon):    3197388 kB
Inactive(anon):    35408 kB
Active(file):     829032 kB
Inactive(file):   681556 kB
Unevictable:          32 kB
Mlocked:              32 kB
SwapTotal:       1953788 kB
SwapFree:        1953788 kB
Dirty:              9276 kB
Writeback:             0 kB
AnonPages:       3195536 kB
Mapped:           336576 kB
Shmem:             39340 kB
Slab:             151100 kB
SReclaimable:     113816 kB
SUnreclaim:        37284 kB
KernelStack:        9968 kB
PageTables:        36520 kB
NFS_Unstable:          0 kB
Bounce:                0 kB
WritebackTmp:          0 kB
CommitLimit:     4913216 kB
Committed_AS:    6633488 kB
VmallocTotal:   34359738367 kB
VmallocUsed:           0 kB
VmallocChunk:          0 kB
HardwareCorrupted:     0 kB
AnonHugePages:   1804288 kB
CmaTotal:              0 kB
CmaFree:               0 kB
HugePages_Total:       0
HugePages_Free:        0
HugePages_Rsvd:        0
HugePages_Surp:        0
Hugepagesize:       2048 kB
DirectMap4k:      204368 kB
DirectMap2M:     5894144 kB


CPU:total 4 (2 cores per cpu, 2 threads per core) family 6 model 42 stepping 7, cmov, cx8, fxsr, mmx, sse, sse2, sse3, ssse3, sse4.1, sse4.2, popcnt, avx, aes, clmul, ht, tsc, tscinvbit

/proc/cpuinfo:
processor	: 0
vendor_id	: GenuineIntel
cpu family	: 6
model		: 42
model name	: Intel(R) Core(TM) i5-2450M CPU @ 2.50GHz
stepping	: 7
microcode	: 0x23
cpu MHz		: 2499.902
cache size	: 3072 KB
physical id	: 0
siblings	: 4
core id		: 0
cpu cores	: 2
apicid		: 0
initial apicid	: 0
fpu		: yes
fpu_exception	: yes
cpuid level	: 13
wp		: yes
flags		: fpu vme de pse tsc msr pae mce cx8 apic sep mtrr pge mca cmov pat pse36 clflush dts acpi mmx fxsr sse sse2 ss ht tm pbe syscall nx rdtscp lm constant_tsc arch_perfmon pebs bts nopl xtopology nonstop_tsc aperfmperf eagerfpu pni pclmulqdq dtes64 monitor ds_cpl vmx est tm2 ssse3 cx16 xtpr pdcm pcid sse4_1 sse4_2 x2apic popcnt tsc_deadline_timer aes xsave avx lahf_lm epb tpr_shadow vnmi flexpriority ept vpid xsaveopt dtherm ida arat pln pts
bugs		:
bogomips	: 4988.31
clflush size	: 64
cache_alignment	: 64
address sizes	: 36 bits physical, 48 bits virtual
power management:

processor	: 1
vendor_id	: GenuineIntel
cpu family	: 6
model		: 42
model name	: Intel(R) Core(TM) i5-2450M CPU @ 2.50GHz
stepping	: 7
microcode	: 0x23
cpu MHz		: 2500.000
cache size	: 3072 KB
physical id	: 0
siblings	: 4
core id		: 0
cpu cores	: 2
apicid		: 1
initial apicid	: 1
fpu		: yes
fpu_exception	: yes
cpuid level	: 13
wp		: yes
flags		: fpu vme de pse tsc msr pae mce cx8 apic sep mtrr pge mca cmov pat pse36 clflush dts acpi mmx fxsr sse sse2 ss ht tm pbe syscall nx rdtscp lm constant_tsc arch_perfmon pebs bts nopl xtopology nonstop_tsc aperfmperf eagerfpu pni pclmulqdq dtes64 monitor ds_cpl vmx est tm2 ssse3 cx16 xtpr pdcm pcid sse4_1 sse4_2 x2apic popcnt tsc_deadline_timer aes xsave avx lahf_lm epb tpr_shadow vnmi flexpriority ept vpid xsaveopt dtherm arat pln pts
bugs		:
bogomips	: 4988.31
clflush size	: 64
cache_alignment	: 64
address sizes	: 36 bits physical, 48 bits virtual
power management:

processor	: 2
vendor_id	: GenuineIntel
cpu family	: 6
model		: 42
model name	: Intel(R) Core(TM) i5-2450M CPU @ 2.50GHz
stepping	: 7
microcode	: 0x23
cpu MHz		: 2499.902
cache size	: 3072 KB
physical id	: 0
siblings	: 4
core id		: 1
cpu cores	: 2
apicid		: 2
initial apicid	: 2
fpu		: yes
fpu_exception	: yes
cpuid level	: 13
wp		: yes
flags		: fpu vme de pse tsc msr pae mce cx8 apic sep mtrr pge mca cmov pat pse36 clflush dts acpi mmx fxsr sse sse2 ss ht tm pbe syscall nx rdtscp lm constant_tsc arch_perfmon pebs bts nopl xtopology nonstop_tsc aperfmperf eagerfpu pni pclmulqdq dtes64 monitor ds_cpl vmx est tm2 ssse3 cx16 xtpr pdcm pcid sse4_1 sse4_2 x2apic popcnt tsc_deadline_timer aes xsave avx lahf_lm epb tpr_shadow vnmi flexpriority ept vpid xsaveopt dtherm arat pln pts
bugs		:
bogomips	: 4988.31
clflush size	: 64
cache_alignment	: 64
address sizes	: 36 bits physical, 48 bits virtual
power management:

processor	: 3
vendor_id	: GenuineIntel
cpu family	: 6
model		: 42
model name	: Intel(R) Core(TM) i5-2450M CPU @ 2.50GHz
stepping	: 7
microcode	: 0x23
cpu MHz		: 2499.902
cache size	: 3072 KB
physical id	: 0
siblings	: 4
core id		: 1
cpu cores	: 2
apicid		: 3
initial apicid	: 3
fpu		: yes
fpu_exception	: yes
cpuid level	: 13
wp		: yes
flags		: fpu vme de pse tsc msr pae mce cx8 apic sep mtrr pge mca cmov pat pse36 clflush dts acpi mmx fxsr sse sse2 ss ht tm pbe syscall nx rdtscp lm constant_tsc arch_perfmon pebs bts nopl xtopology nonstop_tsc aperfmperf eagerfpu pni pclmulqdq dtes64 monitor ds_cpl vmx est tm2 ssse3 cx16 xtpr pdcm pcid sse4_1 sse4_2 x2apic popcnt tsc_deadline_timer aes xsave avx lahf_lm epb tpr_shadow vnmi flexpriority ept vpid xsaveopt dtherm arat pln pts
bugs		:
bogomips	: 4988.31
clflush size	: 64
cache_alignment	: 64
address sizes	: 36 bits physical, 48 bits virtual
power management:



Memory: 4k page, physical 5918860k(886748k free), swap 1953788k(1953788k free)

vm_info: Java HotSpot(TM) 64-Bit Server VM (25.101-b13) for linux-amd64 JRE (1.8.0_101-b13), built on Jun 22 2016 02:59:44 by "java_re" with gcc 4.3.0 20080428 (Red Hat 4.3.0-8)

time: Sat Oct  1 23:01:20 2016
elapsed time: 2 seconds (0d 0h 0m 2s)

