#
# A fatal error has been detected by the Java Runtime Environment:
#
#  SIGSEGV (0xb) at pc=0x00007f5ca0d749e2, pid=7809, tid=0x00007f5cb6a06700
#
# JRE version: Java(TM) SE Runtime Environment (8.0_101-b13) (build 1.8.0_101-b13)
# Java VM: Java HotSpot(TM) 64-Bit Server VM (25.101-b13 mixed mode linux-amd64 compressed oops)
# Problematic frame:
# J 1119 C2 com.android.dx.rop.code.BasicBlockList$RegCountVisitor.visitPlainInsn(Lcom/android/dx/rop/code/PlainInsn;)V (6 bytes) @ 0x00007f5ca0d749e2 [0x00007f5ca0d749a0+0x42]
#
# Failed to write core dump. Core dumps have been disabled. To enable core dumping, try "ulimit -c unlimited" before starting Java again
#
# If you would like to submit a bug report, please visit:
#   http://bugreport.java.com/bugreport/crash.jsp
#

---------------  T H R E A D  ---------------

Current thread (0x00007f5cb000a000):  JavaThread "main" [_thread_in_Java, id=7811, stack(0x00007f5cb6906000,0x00007f5cb6a07000)]

siginfo: si_signo: 11 (SIGSEGV), si_code: 2 (SEGV_ACCERR), si_addr: 0x00000000fdd81cb8

Registers:
RAX=0x0000000100082480, RBX=0x00007f5c9d9bb848, RCX=0x00000000eab4fad0, RDX=0x00000000c0afcbc8
RSP=0x00007f5cb6a04820, RBP=0x00007f5cb6a049e0, RSI=0x00000000eab51918, RDI=0x000000010007b1b8
R8 =0x00000000fdd81cb0, R9 =0x00000000eab51918, R10=0x00000001000839b0, R11=0x00000000c087f230
R12=0x0000000000000000, R13=0x00007f5cb6a04990, R14=0x00007f5cb6a04a08, R15=0x00007f5cb000a000
RIP=0x00007f5ca0d749e2, EFLAGS=0x0000000000010286, CSGSFS=0x0000000000000033, ERR=0x0000000000000004
  TRAPNO=0x000000000000000e

Top of Stack: (sp=0x00007f5cb6a04820)
0x00007f5cb6a04820:   00000000eab51918 00000000c0afcbc8
0x00007f5cb6a04830:   0afa00070009f900 c79b6caf7e9238df
0x00007f5cb6a04840:   00007f5cb6a049e0 00007f5ca0cbc134
0x00007f5cb6a04850:   00007f5cb000a000 0000000000000001
0x00007f5cb6a04860:   00007f5cb6a049e0 00007f5ca0cf6ea4
0x00007f5cb6a04870:   00007f5cb6a048f0 00007f5cb545b30d
0x00007f5cb6a04880:   00007f5cb6a049e0 00007f5ca0d2b97c
0x00007f5cb6a04890:   00000000ec250d30 000000010007d4f8
0x00007f5cb6a048a0:   00000000c0aff478 00000000eab4f6c8
0x00007f5cb6a048b0:   00000000c0ada898 00000000c0afcef8
0x00007f5cb6a048c0:   00000000edd845e0 00000000c0ada910
0x00007f5cb6a048d0:   00000000eab4f8e8 00000000eab51918
0x00007f5cb6a048e0:   0000009c00000001 00000000eab4fad0
0x00007f5cb6a048f0:   0000000200000000 00000000c0afcb78
0x00007f5cb6a04900:   00007f5cb6a04a98 00007f5ca0c34384
0x00007f5cb6a04910:   00007f5cb6a049e0 00007f5ca0d8777c
0x00007f5cb6a04920:   00007f5cb6a049e0 00007f5ca0cbf75c
0x00007f5cb6a04930:   0000000000000000 0000016600000000
0x00007f5cb6a04940:   00000000edd8a238 00007f5ca0ada4d9
0x00007f5cb6a04950:   00000000eab4f9d8 00000000eab51918
0x00007f5cb6a04960:   00000000eab4fad0 00007f5ca0ae3311
0x00007f5cb6a04970:   00007f5cb6a049e0 00007f5ca09ced00
0x00007f5cb6a04980:   00007f5cb6a049e0 00007f5ca09ced00
0x00007f5cb6a04990:   00000000eab4fad0 00000000eab518d8
0x00007f5cb6a049a0:   00007f5cb6a049a0 00007f5c9d9b41ab
0x00007f5cb6a049b0:   00007f5cb6a04a08 00007f5c9d9ba500
0x00007f5cb6a049c0:   0000000000000000 00007f5c9d9b41f8
0x00007f5cb6a049d0:   00007f5cb6a04990 00007f5cb6a049f0
0x00007f5cb6a049e0:   00007f5cb6a04a58 00007f5ca09cf2bd
0x00007f5cb6a049f0:   0000000000000000 0000000000000002
0x00007f5cb6a04a00:   00000000eab512e8 00000000eab518d8
0x00007f5cb6a04a10:   00000000eab518d8 00007f5cb6a04a18 

Instructions: (pc=0x00007f5ca0d749e2)
0x00007f5ca0d749c2:   24 00 c0 fe ff 55 48 83 ec 40 48 89 34 24 48 89
0x00007f5ca0d749d2:   54 24 08 44 8b 5a 14 45 85 db 74 56 45 8b 43 10
0x00007f5ca0d749e2:   45 8b 50 08 41 8b 6b 0c 49 8b f0 41 81 fa e8 d7
0x00007f5ca0d749f2:   00 20 0f 85 2f 01 00 00 4c 8b 0c 24 45 8b 59 0c 

Register to memory mapping:

RAX=0x0000000100082480 is pointing into metadata
RBX={method} {0x00007f5c9d9bb848} 'visitPlainInsn' '(Lcom/android/dx/rop/code/PlainInsn;)V' in 'com/android/dx/rop/code/BasicBlockList$RegCountVisitor'
RCX=0x00000000eab4fad0 is an oop
com.android.dx.rop.code.BasicBlockList 
 - klass: 'com/android/dx/rop/code/BasicBlockList'
RDX=0x00000000c0afcbc8 is an oop
com.android.dx.rop.code.PlainInsn 
 - klass: 'com/android/dx/rop/code/PlainInsn'
RSP=0x00007f5cb6a04820 is pointing into the stack for thread: 0x00007f5cb000a000
RBP=0x00007f5cb6a049e0 is pointing into the stack for thread: 0x00007f5cb000a000
RSI=0x00000000eab51918 is an oop
com.android.dx.rop.code.BasicBlockList$RegCountVisitor 
 - klass: 'com/android/dx/rop/code/BasicBlockList$RegCountVisitor'
RDI=0x000000010007b1b8 is pointing into metadata
R8 =0x00000000fdd81cb0 is an unallocated location in the heap
R9 =0x00000000eab51918 is an oop
com.android.dx.rop.code.BasicBlockList$RegCountVisitor 
 - klass: 'com/android/dx/rop/code/BasicBlockList$RegCountVisitor'
R10=0x00000001000839b0 is pointing into metadata
R11=0x00000000c087f230 is an oop
com.android.dx.rop.code.RegisterSpec 
 - klass: 'com/android/dx/rop/code/RegisterSpec'
R12=0x0000000000000000 is an unknown value
R13=0x00007f5cb6a04990 is pointing into the stack for thread: 0x00007f5cb000a000
R14=0x00007f5cb6a04a08 is pointing into the stack for thread: 0x00007f5cb000a000
R15=0x00007f5cb000a000 is a thread


Stack: [0x00007f5cb6906000,0x00007f5cb6a07000],  sp=0x00007f5cb6a04820,  free space=1018k
Native frames: (J=compiled Java code, j=interpreted, Vv=VM code, C=native code)
J 1119 C2 com.android.dx.rop.code.BasicBlockList$RegCountVisitor.visitPlainInsn(Lcom/android/dx/rop/code/PlainInsn;)V (6 bytes) @ 0x00007f5ca0d749e2 [0x00007f5ca0d749a0+0x42]
J 1235 C2 com.android.dx.rop.code.PlainInsn.accept(Lcom/android/dx/rop/code/Insn$Visitor;)V (8 bytes) @ 0x00007f5ca0cf6ea4 [0x00007f5ca0cf6e60+0x44]
J 1228 C1 com.android.dx.rop.code.BasicBlockList.forEachInsn(Lcom/android/dx/rop/code/Insn$Visitor;)V (39 bytes) @ 0x00007f5ca0d2b97c [0x00007f5ca0d2b840+0x13c]
J 1398 C1 com.android.dx.rop.code.BasicBlockList.getRegCount()I (34 bytes) @ 0x00007f5ca0d8777c [0x00007f5ca0d876c0+0xbc]
j  com.android.dx.ssa.SsaMethod.<init>(Lcom/android/dx/rop/code/RopMethod;IZ)V+35
j  com.android.dx.ssa.SsaMethod.newFromRopMethod(Lcom/android/dx/rop/code/RopMethod;IZ)Lcom/android/dx/ssa/SsaMethod;+7
j  com.android.dx.ssa.SsaConverter.convertToSsaMethod(Lcom/android/dx/rop/code/RopMethod;IZ)Lcom/android/dx/ssa/SsaMethod;+3
j  com.android.dx.ssa.Optimizer.optimize(Lcom/android/dx/rop/code/RopMethod;IZZLcom/android/dx/rop/code/TranslationAdvice;Ljava/util/EnumSet;)Lcom/android/dx/rop/code/RopMethod;+15
j  com.android.dx.ssa.Optimizer.optimize(Lcom/android/dx/rop/code/RopMethod;IZZLcom/android/dx/rop/code/TranslationAdvice;)Lcom/android/dx/rop/code/RopMethod;+11
j  com.android.dx.dex.cf.CfTranslator.processMethods(Lcom/android/dx/cf/direct/DirectClassFile;Lcom/android/dx/dex/cf/CfOptions;Lcom/android/dx/dex/DexOptions;Lcom/android/dx/dex/file/ClassDefItem;Lcom/android/dx/dex/file/DexFile;)V+265
j  com.android.dx.dex.cf.CfTranslator.translate0(Lcom/android/dx/cf/direct/DirectClassFile;[BLcom/android/dx/dex/cf/CfOptions;Lcom/android/dx/dex/DexOptions;Lcom/android/dx/dex/file/DexFile;)Lcom/android/dx/dex/file/ClassDefItem;+120
j  com.android.dx.dex.cf.CfTranslator.translate(Lcom/android/dx/cf/direct/DirectClassFile;[BLcom/android/dx/dex/cf/CfOptions;Lcom/android/dx/dex/DexOptions;Lcom/android/dx/dex/file/DexFile;)Lcom/android/dx/dex/file/ClassDefItem;+6
j  com.android.dx.command.dexer.Main.translateClass([BLcom/android/dx/cf/direct/DirectClassFile;)Lcom/android/dx/dex/file/ClassDefItem;+17
j  com.android.dx.command.dexer.Main.access$2700([BLcom/android/dx/cf/direct/DirectClassFile;)Lcom/android/dx/dex/file/ClassDefItem;+2
j  com.android.dx.command.dexer.Main$ClassTranslatorTask.call()Lcom/android/dx/dex/file/ClassDefItem;+8
j  com.android.dx.command.dexer.Main$ClassTranslatorTask.call()Ljava/lang/Object;+1
j  java.util.concurrent.FutureTask.run()V+42
j  java.util.concurrent.ThreadPoolExecutor$CallerRunsPolicy.rejectedExecution(Ljava/lang/Runnable;Ljava/util/concurrent/ThreadPoolExecutor;)V+8
j  java.util.concurrent.ThreadPoolExecutor.reject(Ljava/lang/Runnable;)V+6
j  java.util.concurrent.ThreadPoolExecutor.execute(Ljava/lang/Runnable;)V+128
j  java.util.concurrent.AbstractExecutorService.submit(Ljava/util/concurrent/Callable;)Ljava/util/concurrent/Future;+20
j  com.android.dx.command.dexer.Main$DirectClassFileConsumer.call(Lcom/android/dx/cf/direct/DirectClassFile;)Ljava/lang/Boolean;+303
j  com.android.dx.command.dexer.Main$DirectClassFileConsumer.access$700(Lcom/android/dx/command/dexer/Main$DirectClassFileConsumer;Lcom/android/dx/cf/direct/DirectClassFile;)Ljava/lang/Boolean;+2
j  com.android.dx.command.dexer.Main.processClass(Ljava/lang/String;[B)Z+37
j  com.android.dx.command.dexer.Main.processFileBytes(Ljava/lang/String;J[B)Z+188
j  com.android.dx.command.dexer.Main.access$1200(Ljava/lang/String;J[B)Z+3
j  com.android.dx.command.dexer.Main$FileBytesConsumer.processFileBytes(Ljava/lang/String;J[B)Z+4
j  com.android.dx.cf.direct.ClassPathOpener.processArchive(Ljava/io/File;)Z+203
j  com.android.dx.cf.direct.ClassPathOpener.processOne(Ljava/io/File;Z)Z+48
j  com.android.dx.cf.direct.ClassPathOpener.process()Z+15
j  com.android.dx.command.dexer.Main.processOne(Ljava/lang/String;Lcom/android/dx/cf/direct/ClassPathOpener$FileNameFilter;)V+20
j  com.android.dx.command.dexer.Main.processAllFiles()Z+272
j  com.android.dx.command.dexer.Main.runMultiDex()I+66
j  com.android.dx.command.dexer.Main.run(Lcom/android/dx/command/dexer/Main$Arguments;)I+66
j  com.android.dx.command.dexer.Main.main([Ljava/lang/String;)V+14
j  com.android.dx.command.Main.main([Ljava/lang/String;)V+61
v  ~StubRoutines::call_stub
V  [libjvm.so+0x68f6b6]  JavaCalls::call_helper(JavaValue*, methodHandle*, JavaCallArguments*, Thread*)+0x1056
V  [libjvm.so+0x6d0d42]  jni_invoke_static(JNIEnv_*, JavaValue*, _jobject*, JNICallType, _jmethodID*, JNI_ArgumentPusher*, Thread*)+0x362
V  [libjvm.so+0x6ed5aa]  jni_CallStaticVoidMethod+0x17a
C  [libjli.so+0x7bdf]  JavaMain+0x81f
C  [libpthread.so.0+0x76fa]  start_thread+0xca


---------------  P R O C E S S  ---------------

Java Threads: ( => current thread )
  0x00007f5cb0140800 JavaThread "pool-2-thread-4" [_thread_blocked, id=7832, stack(0x00007f5c86b35000,0x00007f5c86c36000)]
  0x00007f5cb013f000 JavaThread "pool-2-thread-3" [_thread_in_vm, id=7831, stack(0x00007f5c86c36000,0x00007f5c86d37000)]
  0x00007f5cb013e000 JavaThread "pool-2-thread-2" [_thread_in_vm, id=7830, stack(0x00007f5c86d37000,0x00007f5c86e38000)]
  0x00007f5cb013c000 JavaThread "pool-3-thread-1" [_thread_blocked, id=7829, stack(0x00007f5c86e38000,0x00007f5c86f39000)]
  0x00007f5cb0139800 JavaThread "pool-2-thread-1" [_thread_in_vm, id=7828, stack(0x00007f5c86f39000,0x00007f5c8703a000)]
  0x00007f5cb00c1000 JavaThread "Service Thread" daemon [_thread_blocked, id=7825, stack(0x00007f5c8713b000,0x00007f5c8723c000)]
  0x00007f5cb00be000 JavaThread "C1 CompilerThread2" daemon [_thread_in_native, id=7824, stack(0x00007f5c8723c000,0x00007f5c8733d000)]
  0x00007f5cb00bc800 JavaThread "C2 CompilerThread1" daemon [_thread_in_native, id=7823, stack(0x00007f5c8733d000,0x00007f5c8743e000)]
  0x00007f5cb00b9800 JavaThread "C2 CompilerThread0" daemon [_thread_in_native, id=7822, stack(0x00007f5c8743e000,0x00007f5c8753f000)]
  0x00007f5cb00b8000 JavaThread "Signal Dispatcher" daemon [_thread_blocked, id=7821, stack(0x00007f5c8753f000,0x00007f5c87640000)]
  0x00007f5cb0084000 JavaThread "Finalizer" daemon [_thread_blocked, id=7820, stack(0x00007f5c9c03d000,0x00007f5c9c13e000)]
  0x00007f5cb007f800 JavaThread "Reference Handler" daemon [_thread_blocked, id=7819, stack(0x00007f5c9c13e000,0x00007f5c9c23f000)]
=>0x00007f5cb000a000 JavaThread "main" [_thread_in_Java, id=7811, stack(0x00007f5cb6906000,0x00007f5cb6a07000)]

Other Threads:
  0x00007f5cb0078000 VMThread [stack: 0x00007f5c9c23f000,0x00007f5c9c340000] [id=7818]
  0x00007f5cb00c4000 WatcherThread [stack: 0x00007f5c8703a000,0x00007f5c8713b000] [id=7826]

VM state:not at safepoint (normal execution)

VM Mutex/Monitor currently owned by a thread: None

Heap:
 PSYoungGen      total 51712K, used 5722K [0x00000000eab00000, 0x00000000ee100000, 0x0000000100000000)
  eden space 48128K, 4% used [0x00000000eab00000,0x00000000ead1bef8,0x00000000eda00000)
  from space 3584K, 99% used [0x00000000edd80000,0x00000000ee0fab58,0x00000000ee100000)
  to   space 3584K, 0% used [0x00000000eda00000,0x00000000eda00000,0x00000000edd80000)
 ParOldGen       total 62976K, used 12044K [0x00000000c0000000, 0x00000000c3d80000, 0x00000000eab00000)
  object space 62976K, 19% used [0x00000000c0000000,0x00000000c0bc33c8,0x00000000c3d80000)
 Metaspace       used 5895K, capacity 6832K, committed 7040K, reserved 1056768K
  class space    used 593K, capacity 616K, committed 640K, reserved 1048576K

Card table byte_map: [0x00007f5ca0406000,0x00007f5ca0607000] byte_map_base: 0x00007f5c9fe06000

Marking Bits: (ParMarkBitMap*) 0x00007f5cb5ddd120
 Begin Bits: [0x00007f5c9deac000, 0x00007f5c9eeac000)
 End Bits:   [0x00007f5c9eeac000, 0x00007f5c9feac000)

Polling page: 0x00007f5cb6a2c000

CodeCache: size=245760Kb used=3946Kb max_used=3946Kb free=241813Kb
 bounds [0x00007f5ca09c7000, 0x00007f5ca0da7000, 0x00007f5caf9c7000]
 total_blobs=1373 nmethods=1104 adapters=182
 compilation: enabled

Compilation events (10 events):
Event: 7,913 Thread 0x00007f5cb00be000 nmethod 1233 0x00007f5ca0d9f850 code [0x00007f5ca0d9f9e0, 0x00007f5ca0d9fd88]
Event: 7,913 Thread 0x00007f5cb00be000 1429       2       com.android.dx.rop.cst.CstNat::isInstanceInit (13 bytes)
Event: 7,914 Thread 0x00007f5cb00be000 nmethod 1429 0x00007f5ca0da0050 code [0x00007f5ca0da01c0, 0x00007f5ca0da0348]
Event: 7,914 Thread 0x00007f5cb00be000 1449       2       com.android.dx.cf.code.Ropper::getSpecialLabel (20 bytes)
Event: 7,915 Thread 0x00007f5cb00be000 nmethod 1449 0x00007f5ca0da0410 code [0x00007f5ca0da0580, 0x00007f5ca0da06f0]
Event: 7,915 Thread 0x00007f5cb00be000 1395       2       com.android.dx.rop.code.AccessFlags::isPrivate (12 bytes)
Event: 7,915 Thread 0x00007f5cb00be000 nmethod 1395 0x00007f5ca0da0850 code [0x00007f5ca0da09a0, 0x00007f5ca0da0af0]
Event: 7,915 Thread 0x00007f5cb00be000 1400       2       com.android.dx.cf.iface.StdMethodList::get (9 bytes)
Event: 7,916 Thread 0x00007f5cb00be000 nmethod 1400 0x00007f5ca0da0b90 code [0x00007f5ca0da0d00, 0x00007f5ca0da0ec8]
Event: 7,916 Thread 0x00007f5cb00be000 1433       2       com.android.dx.rop.cst.CstBaseMethodRef::<init> (31 bytes)

GC Heap History (8 events):
Event: 2,743 GC heap before
{Heap before GC invocations=1 (full 0):
 PSYoungGen      total 27648K, used 24064K [0x00000000eab00000, 0x00000000ec980000, 0x0000000100000000)
  eden space 24064K, 100% used [0x00000000eab00000,0x00000000ec280000,0x00000000ec280000)
  from space 3584K, 0% used [0x00000000ec600000,0x00000000ec600000,0x00000000ec980000)
  to   space 3584K, 0% used [0x00000000ec280000,0x00000000ec280000,0x00000000ec600000)
 ParOldGen       total 62976K, used 0K [0x00000000c0000000, 0x00000000c3d80000, 0x00000000eab00000)
  object space 62976K, 0% used [0x00000000c0000000,0x00000000c0000000,0x00000000c3d80000)
 Metaspace       used 5703K, capacity 6704K, committed 6784K, reserved 1056768K
  class space    used 591K, capacity 616K, committed 640K, reserved 1048576K
Event: 2,765 GC heap after
Heap after GC invocations=1 (full 0):
 PSYoungGen      total 27648K, used 3577K [0x00000000eab00000, 0x00000000ec980000, 0x0000000100000000)
  eden space 24064K, 0% used [0x00000000eab00000,0x00000000eab00000,0x00000000ec280000)
  from space 3584K, 99% used [0x00000000ec280000,0x00000000ec5fe7b8,0x00000000ec600000)
  to   space 3584K, 0% used [0x00000000ec600000,0x00000000ec600000,0x00000000ec980000)
 ParOldGen       total 62976K, used 1207K [0x00000000c0000000, 0x00000000c3d80000, 0x00000000eab00000)
  object space 62976K, 1% used [0x00000000c0000000,0x00000000c012df70,0x00000000c3d80000)
 Metaspace       used 5703K, capacity 6704K, committed 6784K, reserved 1056768K
  class space    used 591K, capacity 616K, committed 640K, reserved 1048576K
}
Event: 3,869 GC heap before
{Heap before GC invocations=2 (full 0):
 PSYoungGen      total 27648K, used 27641K [0x00000000eab00000, 0x00000000ec980000, 0x0000000100000000)
  eden space 24064K, 100% used [0x00000000eab00000,0x00000000ec280000,0x00000000ec280000)
  from space 3584K, 99% used [0x00000000ec280000,0x00000000ec5fe7b8,0x00000000ec600000)
  to   space 3584K, 0% used [0x00000000ec600000,0x00000000ec600000,0x00000000ec980000)
 ParOldGen       total 62976K, used 1207K [0x00000000c0000000, 0x00000000c3d80000, 0x00000000eab00000)
  object space 62976K, 1% used [0x00000000c0000000,0x00000000c012df70,0x00000000c3d80000)
 Metaspace       used 5817K, capacity 6768K, committed 7040K, reserved 1056768K
  class space    used 593K, capacity 616K, committed 640K, reserved 1048576K
Event: 3,910 GC heap after
Heap after GC invocations=2 (full 0):
 PSYoungGen      total 27648K, used 3579K [0x00000000eab00000, 0x00000000ee100000, 0x0000000100000000)
  eden space 24064K, 0% used [0x00000000eab00000,0x00000000eab00000,0x00000000ec280000)
  from space 3584K, 99% used [0x00000000ec600000,0x00000000ec97ecd0,0x00000000ec980000)
  to   space 3584K, 0% used [0x00000000ec280000,0x00000000ec280000,0x00000000ec600000)
 ParOldGen       total 62976K, used 4608K [0x00000000c0000000, 0x00000000c3d80000, 0x00000000eab00000)
  object space 62976K, 7% used [0x00000000c0000000,0x00000000c04800b8,0x00000000c3d80000)
 Metaspace       used 5817K, capacity 6768K, committed 7040K, reserved 1056768K
  class space    used 593K, capacity 616K, committed 640K, reserved 1048576K
}
Event: 6,313 GC heap before
{Heap before GC invocations=3 (full 0):
 PSYoungGen      total 27648K, used 27643K [0x00000000eab00000, 0x00000000ee100000, 0x0000000100000000)
  eden space 24064K, 100% used [0x00000000eab00000,0x00000000ec280000,0x00000000ec280000)
  from space 3584K, 99% used [0x00000000ec600000,0x00000000ec97ecd0,0x00000000ec980000)
  to   space 3584K, 0% used [0x00000000ec280000,0x00000000ec280000,0x00000000ec600000)
 ParOldGen       total 62976K, used 4608K [0x00000000c0000000, 0x00000000c3d80000, 0x00000000eab00000)
  object space 62976K, 7% used [0x00000000c0000000,0x00000000c04800b8,0x00000000c3d80000)
 Metaspace       used 5880K, capacity 6832K, committed 7040K, reserved 1056768K
  class space    used 593K, capacity 616K, committed 640K, reserved 1048576K
Event: 6,474 GC heap after
Heap after GC invocations=3 (full 0):
 PSYoungGen      total 27648K, used 3578K [0x00000000eab00000, 0x00000000ee100000, 0x0000000100000000)
  eden space 24064K, 0% used [0x00000000eab00000,0x00000000eab00000,0x00000000ec280000)
  from space 3584K, 99% used [0x00000000ec280000,0x00000000ec5fe960,0x00000000ec600000)
  to   space 3584K, 0% used [0x00000000edd80000,0x00000000edd80000,0x00000000ee100000)
 ParOldGen       total 62976K, used 8281K [0x00000000c0000000, 0x00000000c3d80000, 0x00000000eab00000)
  object space 62976K, 13% used [0x00000000c0000000,0x00000000c0816760,0x00000000c3d80000)
 Metaspace       used 5880K, capacity 6832K, committed 7040K, reserved 1056768K
  class space    used 593K, capacity 616K, committed 640K, reserved 1048576K
}
Event: 7,743 GC heap before
{Heap before GC invocations=4 (full 0):
 PSYoungGen      total 27648K, used 27642K [0x00000000eab00000, 0x00000000ee100000, 0x0000000100000000)
  eden space 24064K, 100% used [0x00000000eab00000,0x00000000ec280000,0x00000000ec280000)
  from space 3584K, 99% used [0x00000000ec280000,0x00000000ec5fe960,0x00000000ec600000)
  to   space 3584K, 0% used [0x00000000edd80000,0x00000000edd80000,0x00000000ee100000)
 ParOldGen       total 62976K, used 8281K [0x00000000c0000000, 0x00000000c3d80000, 0x00000000eab00000)
  object space 62976K, 13% used [0x00000000c0000000,0x00000000c0816760,0x00000000c3d80000)
 Metaspace       used 5894K, capacity 6832K, committed 7040K, reserved 1056768K
  class space    used 593K, capacity 616K, committed 640K, reserved 1048576K
Event: 7,912 GC heap after
Heap after GC invocations=4 (full 0):
 PSYoungGen      total 51712K, used 3562K [0x00000000eab00000, 0x00000000ee100000, 0x0000000100000000)
  eden space 48128K, 0% used [0x00000000eab00000,0x00000000eab00000,0x00000000eda00000)
  from space 3584K, 99% used [0x00000000edd80000,0x00000000ee0fab58,0x00000000ee100000)
  to   space 3584K, 0% used [0x00000000eda00000,0x00000000eda00000,0x00000000edd80000)
 ParOldGen       total 62976K, used 12044K [0x00000000c0000000, 0x00000000c3d80000, 0x00000000eab00000)
  object space 62976K, 19% used [0x00000000c0000000,0x00000000c0bc33c8,0x00000000c3d80000)
 Metaspace       used 5894K, capacity 6832K, committed 7040K, reserved 1056768K
  class space    used 593K, capacity 616K, committed 640K, reserved 1048576K
}

Deoptimization events (10 events):
Event: 3,154 Thread 0x00007f5cb0139800 Uncommon trap: reason=unstable_if action=reinterpret pc=0x00007f5ca0c0bbc0 method=com.android.dx.rop.code.RegisterSpec.equals(ILcom/android/dx/rop/type/TypeBearer;Lcom/android/dx/rop/code/LocalItem;)Z @ 42
Event: 3,262 Thread 0x00007f5cb0140800 Uncommon trap: reason=null_check action=make_not_entrant pc=0x00007f5ca0c414e0 method=com.android.dx.rop.type.Type.equals(Ljava/lang/Object;)Z @ 8
Event: 3,476 Thread 0x00007f5cb0139800 Uncommon trap: reason=bimorphic action=maybe_recompile pc=0x00007f5ca0bbad50 method=java.util.HashMap.getNode(ILjava/lang/Object;)Ljava/util/HashMap$Node; @ 126
Event: 3,756 Thread 0x00007f5cb000a000 Uncommon trap: reason=unstable_if action=reinterpret pc=0x00007f5ca0c02bd8 method=java.lang.String.<init>([CII)V @ 18
Event: 3,769 Thread 0x00007f5cb013f000 Uncommon trap: reason=null_check action=make_not_entrant pc=0x00007f5ca0c60024 method=com.android.dx.ssa.SsaRenamer.getLocalForNewReg(I)Lcom/android/dx/rop/code/LocalItem; @ 19
Event: 5,311 Thread 0x00007f5cb000a000 Uncommon trap: reason=bimorphic action=maybe_recompile pc=0x00007f5ca0bbad50 method=java.util.HashMap.getNode(ILjava/lang/Object;)Ljava/util/HashMap$Node; @ 126
Event: 5,376 Thread 0x00007f5cb013e000 Uncommon trap: reason=unstable_if action=reinterpret pc=0x00007f5ca0c4111c method=com.android.dx.rop.cst.Constant.compareTo(Lcom/android/dx/rop/cst/Constant;)I @ 12
Event: 6,011 Thread 0x00007f5cb013f000 Uncommon trap: reason=bimorphic action=maybe_recompile pc=0x00007f5ca0bbad50 method=java.util.HashMap.getNode(ILjava/lang/Object;)Ljava/util/HashMap$Node; @ 126
Event: 6,073 Thread 0x00007f5cb000a000 Uncommon trap: reason=unstable_if action=reinterpret pc=0x00007f5ca0b93fdc method=java.lang.String.<init>([CII)V @ 18
Event: 6,558 Thread 0x00007f5cb000a000 Uncommon trap: reason=unstable_if action=reinterpret pc=0x00007f5ca0d5c31c method=com.android.dx.ssa.SsaRenamer$BlockRenamer.visitMoveInsn(Lcom/android/dx/ssa/NormalSsaInsn;)V @ 104

Internal exceptions (4 events):
Event: 0,171 Thread 0x00007f5cb000a000 Exception <a 'java/lang/NoSuchMethodError': Method sun.misc.Unsafe.defineClass(Ljava/lang/String;[BII)Ljava/lang/Class; name or signature does not match> (0x00000000eab07cc0) thrown at [/HUDSON3/workspace/8-2-build-linux-amd64/jdk8u101/7261/hotspot/src/sh
Event: 0,171 Thread 0x00007f5cb000a000 Exception <a 'java/lang/NoSuchMethodError': Method sun.misc.Unsafe.prefetchRead(Ljava/lang/Object;J)V name or signature does not match> (0x00000000eab07fa8) thrown at [/HUDSON3/workspace/8-2-build-linux-amd64/jdk8u101/7261/hotspot/src/share/vm/prims/jni.c
Event: 3,262 Thread 0x00007f5cb0140800 Implicit null exception at 0x00007f5ca0c413e2 to 0x00007f5ca0c414d3
Event: 3,769 Thread 0x00007f5cb013f000 Implicit null exception at 0x00007f5ca0c5d12c to 0x00007f5ca0c5ffe1

Events (10 events):
Event: 6,485 Executing VM operation: ParallelGCFailedAllocation done
Event: 6,558 Thread 0x00007f5cb000a000 Uncommon trap: trap_request=0xffffff65 fr.pc=0x00007f5ca0d5c31c
Event: 6,558 Thread 0x00007f5cb000a000 DEOPT PACKING pc=0x00007f5ca0d5c31c sp=0x00007f5cb6a046f0
Event: 6,558 Thread 0x00007f5cb000a000 DEOPT UNPACKING pc=0x00007f5ca09cc229 sp=0x00007f5cb6a04608 mode 2
Event: 7,427 Thread 0x00007f5cb013f000 DEOPT PACKING pc=0x00007f5ca0d2ba6c sp=0x00007f5c86d350b0
Event: 7,427 Thread 0x00007f5cb013f000 DEOPT UNPACKING pc=0x00007f5ca0a0e633 sp=0x00007f5c86d34db0 mode 0
Event: 7,677 Thread 0x00007f5cb013e000 DEOPT PACKING pc=0x00007f5ca0ca5f6d sp=0x00007f5c86e35c10
Event: 7,677 Thread 0x00007f5cb013e000 DEOPT UNPACKING pc=0x00007f5ca0a0e633 sp=0x00007f5c86e35998 mode 0
Event: 7,735 Executing VM operation: ParallelGCFailedAllocation
Event: 7,912 Executing VM operation: ParallelGCFailedAllocation done


Dynamic libraries:
00400000-00401000 r-xp 00000000 08:06 4991853                            /usr/lib/jvm/java-8-oracle/bin/java
00600000-00601000 rw-p 00000000 08:06 4991853                            /usr/lib/jvm/java-8-oracle/bin/java
01a22000-01a43000 rw-p 00000000 00:00 0                                  [heap]
c0000000-c3d80000 rw-p 00000000 00:00 0 
c3d80000-eab00000 ---p 00000000 00:00 0 
eab00000-ee100000 rw-p 00000000 00:00 0 
ee100000-100000000 ---p 00000000 00:00 0 
100000000-1000a0000 rw-p 00000000 00:00 0 
1000a0000-140000000 ---p 00000000 00:00 0 
7f5c4c000000-7f5c4c021000 rw-p 00000000 00:00 0 
7f5c4c021000-7f5c50000000 ---p 00000000 00:00 0 
7f5c54000000-7f5c54024000 rw-p 00000000 00:00 0 
7f5c54024000-7f5c58000000 ---p 00000000 00:00 0 
7f5c58000000-7f5c58021000 rw-p 00000000 00:00 0 
7f5c58021000-7f5c5c000000 ---p 00000000 00:00 0 
7f5c5c000000-7f5c5c02b000 rw-p 00000000 00:00 0 
7f5c5c02b000-7f5c60000000 ---p 00000000 00:00 0 
7f5c60000000-7f5c60021000 rw-p 00000000 00:00 0 
7f5c60021000-7f5c64000000 ---p 00000000 00:00 0 
7f5c64000000-7f5c64021000 rw-p 00000000 00:00 0 
7f5c64021000-7f5c68000000 ---p 00000000 00:00 0 
7f5c68000000-7f5c68021000 rw-p 00000000 00:00 0 
7f5c68021000-7f5c6c000000 ---p 00000000 00:00 0 
7f5c6c000000-7f5c6c45f000 rw-p 00000000 00:00 0 
7f5c6c45f000-7f5c70000000 ---p 00000000 00:00 0 
7f5c70000000-7f5c7058d000 rw-p 00000000 00:00 0 
7f5c7058d000-7f5c74000000 ---p 00000000 00:00 0 
7f5c74000000-7f5c74021000 rw-p 00000000 00:00 0 
7f5c74021000-7f5c78000000 ---p 00000000 00:00 0 
7f5c78000000-7f5c7840e000 rw-p 00000000 00:00 0 
7f5c7840e000-7f5c7c000000 ---p 00000000 00:00 0 
7f5c7c000000-7f5c7c021000 rw-p 00000000 00:00 0 
7f5c7c021000-7f5c80000000 ---p 00000000 00:00 0 
7f5c80000000-7f5c80021000 rw-p 00000000 00:00 0 
7f5c80021000-7f5c84000000 ---p 00000000 00:00 0 
7f5c86b35000-7f5c86b38000 ---p 00000000 00:00 0 
7f5c86b38000-7f5c86c36000 rw-p 00000000 00:00 0 
7f5c86c36000-7f5c86c39000 ---p 00000000 00:00 0 
7f5c86c39000-7f5c86d37000 rw-p 00000000 00:00 0 
7f5c86d37000-7f5c86d3a000 ---p 00000000 00:00 0 
7f5c86d3a000-7f5c86e38000 rw-p 00000000 00:00 0 
7f5c86e38000-7f5c86e3b000 ---p 00000000 00:00 0 
7f5c86e3b000-7f5c86f39000 rw-p 00000000 00:00 0 
7f5c86f39000-7f5c86f3c000 ---p 00000000 00:00 0 
7f5c86f3c000-7f5c8703a000 rw-p 00000000 00:00 0 
7f5c8703a000-7f5c8703b000 ---p 00000000 00:00 0 
7f5c8703b000-7f5c8713b000 rw-p 00000000 00:00 0 
7f5c8713b000-7f5c8713e000 ---p 00000000 00:00 0 
7f5c8713e000-7f5c8723c000 rw-p 00000000 00:00 0 
7f5c8723c000-7f5c8723f000 ---p 00000000 00:00 0 
7f5c8723f000-7f5c8733d000 rw-p 00000000 00:00 0 
7f5c8733d000-7f5c87340000 ---p 00000000 00:00 0 
7f5c87340000-7f5c8743e000 rw-p 00000000 00:00 0 
7f5c8743e000-7f5c87441000 ---p 00000000 00:00 0 
7f5c87441000-7f5c8753f000 rw-p 00000000 00:00 0 
7f5c8753f000-7f5c87542000 ---p 00000000 00:00 0 
7f5c87542000-7f5c87640000 rw-p 00000000 00:00 0 
7f5c87640000-7f5c88000000 r--p 00000000 08:06 2628587                    /usr/lib/locale/locale-archive
7f5c88000000-7f5c88021000 rw-p 00000000 00:00 0 
7f5c88021000-7f5c8c000000 ---p 00000000 00:00 0 
7f5c8c000000-7f5c8c021000 rw-p 00000000 00:00 0 
7f5c8c021000-7f5c90000000 ---p 00000000 00:00 0 
7f5c90000000-7f5c90021000 rw-p 00000000 00:00 0 
7f5c90021000-7f5c94000000 ---p 00000000 00:00 0 
7f5c94000000-7f5c94021000 rw-p 00000000 00:00 0 
7f5c94021000-7f5c98000000 ---p 00000000 00:00 0 
7f5c98000000-7f5c98021000 rw-p 00000000 00:00 0 
7f5c98021000-7f5c9c000000 ---p 00000000 00:00 0 
7f5c9c033000-7f5c9c03d000 r--s 00098000 08:06 5905244                    /home/nur/AndroidStudioProjects/CatetDuit/app/build/intermediates/exploded-aar/com.android.support/appcompat-v7/24.2.0/jars/classes.jar
7f5c9c03d000-7f5c9c040000 ---p 00000000 00:00 0 
7f5c9c040000-7f5c9c13e000 rw-p 00000000 00:00 0 
7f5c9c13e000-7f5c9c141000 ---p 00000000 00:00 0 
7f5c9c141000-7f5c9c23f000 rw-p 00000000 00:00 0 
7f5c9c23f000-7f5c9c240000 ---p 00000000 00:00 0 
7f5c9c240000-7f5c9d2d3000 rw-p 00000000 00:00 0 
7f5c9d2d3000-7f5c9d4ac000 r--s 03d29000 08:06 5119781                    /usr/lib/jvm/java-8-oracle/jre/lib/rt.jar
7f5c9d4ac000-7f5c9daec000 rw-p 00000000 00:00 0 
7f5c9daec000-7f5c9dcac000 ---p 00000000 00:00 0 
7f5c9dcac000-7f5c9feac000 rw-p 00000000 00:00 0 
7f5c9feac000-7f5c9fead000 ---p 00000000 00:00 0 
7f5c9fead000-7f5c9ffad000 rw-p 00000000 00:00 0 
7f5c9ffad000-7f5c9ffae000 ---p 00000000 00:00 0 
7f5c9ffae000-7f5ca00ae000 rw-p 00000000 00:00 0 
7f5ca00ae000-7f5ca00af000 ---p 00000000 00:00 0 
7f5ca00af000-7f5ca01af000 rw-p 00000000 00:00 0 
7f5ca01af000-7f5ca01b0000 ---p 00000000 00:00 0 
7f5ca01b0000-7f5ca02cf000 rw-p 00000000 00:00 0 
7f5ca02cf000-7f5ca0406000 ---p 00000000 00:00 0 
7f5ca0406000-7f5ca0425000 rw-p 00000000 00:00 0 
7f5ca0425000-7f5ca055b000 ---p 00000000 00:00 0 
7f5ca055b000-7f5ca0577000 rw-p 00000000 00:00 0 
7f5ca0577000-7f5ca0606000 ---p 00000000 00:00 0 
7f5ca0606000-7f5ca0617000 rw-p 00000000 00:00 0 
7f5ca0617000-7f5ca09c7000 ---p 00000000 00:00 0 
7f5ca09c7000-7f5ca0db7000 rwxp 00000000 00:00 0 
7f5ca0db7000-7f5caf9c7000 ---p 00000000 00:00 0 
7f5caf9c7000-7f5caf9e1000 r-xp 00000000 08:06 7213491                    /usr/lib/jvm/java-8-oracle/jre/lib/amd64/libzip.so
7f5caf9e1000-7f5cafbe1000 ---p 0001a000 08:06 7213491                    /usr/lib/jvm/java-8-oracle/jre/lib/amd64/libzip.so
7f5cafbe1000-7f5cafbe2000 rw-p 0001a000 08:06 7213491                    /usr/lib/jvm/java-8-oracle/jre/lib/amd64/libzip.so
7f5cafbe2000-7f5cafbed000 r-xp 00000000 08:06 791069                     /lib/x86_64-linux-gnu/libnss_files-2.23.so
7f5cafbed000-7f5cafdec000 ---p 0000b000 08:06 791069                     /lib/x86_64-linux-gnu/libnss_files-2.23.so
7f5cafdec000-7f5cafded000 r--p 0000a000 08:06 791069                     /lib/x86_64-linux-gnu/libnss_files-2.23.so
7f5cafded000-7f5cafdee000 rw-p 0000b000 08:06 791069                     /lib/x86_64-linux-gnu/libnss_files-2.23.so
7f5cafdee000-7f5cafdf4000 rw-p 00000000 00:00 0 
7f5cafdf4000-7f5cafdff000 r-xp 00000000 08:06 791079                     /lib/x86_64-linux-gnu/libnss_nis-2.23.so
7f5cafdff000-7f5cafffe000 ---p 0000b000 08:06 791079                     /lib/x86_64-linux-gnu/libnss_nis-2.23.so
7f5cafffe000-7f5caffff000 r--p 0000a000 08:06 791079                     /lib/x86_64-linux-gnu/libnss_nis-2.23.so
7f5caffff000-7f5cb0000000 rw-p 0000b000 08:06 791079                     /lib/x86_64-linux-gnu/libnss_nis-2.23.so
7f5cb0000000-7f5cb040d000 rw-p 00000000 00:00 0 
7f5cb040d000-7f5cb4000000 ---p 00000000 00:00 0 
7f5cb4009000-7f5cb4017000 r--s 000e0000 08:06 9570111                    /home/nur/Android/Sdk/build-tools/24.0.2/lib/dx.jar
7f5cb4017000-7f5cb40ae000 rw-p 00000000 00:00 0 
7f5cb40ae000-7f5cb40c4000 r-xp 00000000 08:06 791063                     /lib/x86_64-linux-gnu/libnsl-2.23.so
7f5cb40c4000-7f5cb42c3000 ---p 00016000 08:06 791063                     /lib/x86_64-linux-gnu/libnsl-2.23.so
7f5cb42c3000-7f5cb42c4000 r--p 00015000 08:06 791063                     /lib/x86_64-linux-gnu/libnsl-2.23.so
7f5cb42c4000-7f5cb42c5000 rw-p 00016000 08:06 791063                     /lib/x86_64-linux-gnu/libnsl-2.23.so
7f5cb42c5000-7f5cb42c7000 rw-p 00000000 00:00 0 
7f5cb42c7000-7f5cb42cf000 r-xp 00000000 08:06 791065                     /lib/x86_64-linux-gnu/libnss_compat-2.23.so
7f5cb42cf000-7f5cb44ce000 ---p 00008000 08:06 791065                     /lib/x86_64-linux-gnu/libnss_compat-2.23.so
7f5cb44ce000-7f5cb44cf000 r--p 00007000 08:06 791065                     /lib/x86_64-linux-gnu/libnss_compat-2.23.so
7f5cb44cf000-7f5cb44d0000 rw-p 00008000 08:06 791065                     /lib/x86_64-linux-gnu/libnss_compat-2.23.so
7f5cb44d0000-7f5cb44fa000 r-xp 00000000 08:06 7213517                    /usr/lib/jvm/java-8-oracle/jre/lib/amd64/libjava.so
7f5cb44fa000-7f5cb46fa000 ---p 0002a000 08:06 7213517                    /usr/lib/jvm/java-8-oracle/jre/lib/amd64/libjava.so
7f5cb46fa000-7f5cb46fc000 rw-p 0002a000 08:06 7213517                    /usr/lib/jvm/java-8-oracle/jre/lib/amd64/libjava.so
7f5cb46fc000-7f5cb4709000 r-xp 00000000 08:06 7213471                    /usr/lib/jvm/java-8-oracle/jre/lib/amd64/libverify.so
7f5cb4709000-7f5cb4909000 ---p 0000d000 08:06 7213471                    /usr/lib/jvm/java-8-oracle/jre/lib/amd64/libverify.so
7f5cb4909000-7f5cb490b000 rw-p 0000d000 08:06 7213471                    /usr/lib/jvm/java-8-oracle/jre/lib/amd64/libverify.so
7f5cb490b000-7f5cb4912000 r-xp 00000000 08:06 791124                     /lib/x86_64-linux-gnu/librt-2.23.so
7f5cb4912000-7f5cb4b11000 ---p 00007000 08:06 791124                     /lib/x86_64-linux-gnu/librt-2.23.so
7f5cb4b11000-7f5cb4b12000 r--p 00006000 08:06 791124                     /lib/x86_64-linux-gnu/librt-2.23.so
7f5cb4b12000-7f5cb4b13000 rw-p 00007000 08:06 791124                     /lib/x86_64-linux-gnu/librt-2.23.so
7f5cb4b13000-7f5cb4c1b000 r-xp 00000000 08:06 791040                     /lib/x86_64-linux-gnu/libm-2.23.so
7f5cb4c1b000-7f5cb4e1a000 ---p 00108000 08:06 791040                     /lib/x86_64-linux-gnu/libm-2.23.so
7f5cb4e1a000-7f5cb4e1b000 r--p 00107000 08:06 791040                     /lib/x86_64-linux-gnu/libm-2.23.so
7f5cb4e1b000-7f5cb4e1c000 rw-p 00108000 08:06 791040                     /lib/x86_64-linux-gnu/libm-2.23.so
7f5cb4e1c000-7f5cb5ae7000 r-xp 00000000 08:06 7344163                    /usr/lib/jvm/java-8-oracle/jre/lib/amd64/server/libjvm.so
7f5cb5ae7000-7f5cb5ce6000 ---p 00ccb000 08:06 7344163                    /usr/lib/jvm/java-8-oracle/jre/lib/amd64/server/libjvm.so
7f5cb5ce6000-7f5cb5dbf000 rw-p 00cca000 08:06 7344163                    /usr/lib/jvm/java-8-oracle/jre/lib/amd64/server/libjvm.so
7f5cb5dbf000-7f5cb5e0a000 rw-p 00000000 00:00 0 
7f5cb5e0a000-7f5cb5fca000 r-xp 00000000 08:06 790970                     /lib/x86_64-linux-gnu/libc-2.23.so
7f5cb5fca000-7f5cb61c9000 ---p 001c0000 08:06 790970                     /lib/x86_64-linux-gnu/libc-2.23.so
7f5cb61c9000-7f5cb61cd000 r--p 001bf000 08:06 790970                     /lib/x86_64-linux-gnu/libc-2.23.so
7f5cb61cd000-7f5cb61cf000 rw-p 001c3000 08:06 790970                     /lib/x86_64-linux-gnu/libc-2.23.so
7f5cb61cf000-7f5cb61d3000 rw-p 00000000 00:00 0 
7f5cb61d3000-7f5cb61d6000 r-xp 00000000 08:06 790994                     /lib/x86_64-linux-gnu/libdl-2.23.so
7f5cb61d6000-7f5cb63d5000 ---p 00003000 08:06 790994                     /lib/x86_64-linux-gnu/libdl-2.23.so
7f5cb63d5000-7f5cb63d6000 r--p 00002000 08:06 790994                     /lib/x86_64-linux-gnu/libdl-2.23.so
7f5cb63d6000-7f5cb63d7000 rw-p 00003000 08:06 790994                     /lib/x86_64-linux-gnu/libdl-2.23.so
7f5cb63d7000-7f5cb63ec000 r-xp 00000000 08:06 9183342                    /usr/lib/jvm/java-8-oracle/lib/amd64/jli/libjli.so
7f5cb63ec000-7f5cb65ec000 ---p 00015000 08:06 9183342                    /usr/lib/jvm/java-8-oracle/lib/amd64/jli/libjli.so
7f5cb65ec000-7f5cb65ed000 rw-p 00015000 08:06 9183342                    /usr/lib/jvm/java-8-oracle/lib/amd64/jli/libjli.so
7f5cb65ed000-7f5cb6605000 r-xp 00000000 08:06 791116                     /lib/x86_64-linux-gnu/libpthread-2.23.so
7f5cb6605000-7f5cb6804000 ---p 00018000 08:06 791116                     /lib/x86_64-linux-gnu/libpthread-2.23.so
7f5cb6804000-7f5cb6805000 r--p 00017000 08:06 791116                     /lib/x86_64-linux-gnu/libpthread-2.23.so
7f5cb6805000-7f5cb6806000 rw-p 00018000 08:06 791116                     /lib/x86_64-linux-gnu/libpthread-2.23.so
7f5cb6806000-7f5cb680a000 rw-p 00000000 00:00 0 
7f5cb680a000-7f5cb6830000 r-xp 00000000 08:06 790942                     /lib/x86_64-linux-gnu/ld-2.23.so
7f5cb6834000-7f5cb6906000 rw-p 00000000 00:00 0 
7f5cb6906000-7f5cb6909000 ---p 00000000 00:00 0 
7f5cb6909000-7f5cb6a0b000 rw-p 00000000 00:00 0 
7f5cb6a0f000-7f5cb6a23000 rw-p 00000000 00:00 0 
7f5cb6a23000-7f5cb6a2b000 rw-s 00000000 08:06 5648068                    /tmp/hsperfdata_nur/7809
7f5cb6a2b000-7f5cb6a2c000 rw-p 00000000 00:00 0 
7f5cb6a2c000-7f5cb6a2d000 r--p 00000000 00:00 0 
7f5cb6a2d000-7f5cb6a2f000 rw-p 00000000 00:00 0 
7f5cb6a2f000-7f5cb6a30000 r--p 00025000 08:06 790942                     /lib/x86_64-linux-gnu/ld-2.23.so
7f5cb6a30000-7f5cb6a31000 rw-p 00026000 08:06 790942                     /lib/x86_64-linux-gnu/ld-2.23.so
7f5cb6a31000-7f5cb6a32000 rw-p 00000000 00:00 0 
7fff7cc51000-7fff7cc73000 rw-p 00000000 00:00 0                          [stack]
7fff7cd99000-7fff7cd9b000 r--p 00000000 00:00 0                          [vvar]
7fff7cd9b000-7fff7cd9d000 r-xp 00000000 00:00 0                          [vdso]
ffffffffff600000-ffffffffff601000 r-xp 00000000 00:00 0                  [vsyscall]

VM Arguments:
jvm_args: -Djava.awt.headless=true -Xmx1024M -Dfile.encoding=UTF-8 -Duser.country=US -Duser.language=en -Duser.variant 
java_command: com.android.dx.command.Main --dex --force-jumbo --num-threads=4 --multi-dex --output /home/nur/AndroidStudioProjects/CatetDuit/app/build/intermediates/transforms/dex/debug/folders/1000/10/com.android.support-appcompat-v7-24.2.0_a657e0fe6e41a679520261381fc12bbb24778390 /home/nur/AndroidStudioProjects/CatetDuit/app/build/intermediates/exploded-aar/com.android.support/appcompat-v7/24.2.0/jars/classes.jar
java_class_path (initial): /home/nur/Android/Sdk/build-tools/24.0.2/lib/dx.jar
Launcher Type: SUN_STANDARD

Environment Variables:
PATH=/usr/local/heroku/bin:/usr/local/sbin:/usr/local/bin:/usr/sbin:/usr/bin:/sbin:/bin:/usr/games:/usr/local/games:/snap/bin
LD_LIBRARY_PATH=/home/nur/android-studio/bin:
SHELL=/bin/bash
DISPLAY=:0

Signal Handlers:
SIGSEGV: [libjvm.so+0xac4790], sa_mask[0]=11111111011111111101111111111110, sa_flags=SA_RESTART|SA_SIGINFO
SIGBUS: [libjvm.so+0xac4790], sa_mask[0]=11111111011111111101111111111110, sa_flags=SA_RESTART|SA_SIGINFO
SIGFPE: [libjvm.so+0x91f140], sa_mask[0]=11111111011111111101111111111110, sa_flags=SA_RESTART|SA_SIGINFO
SIGPIPE: [libjvm.so+0x91f140], sa_mask[0]=11111111011111111101111111111110, sa_flags=SA_RESTART|SA_SIGINFO
SIGXFSZ: [libjvm.so+0x91f140], sa_mask[0]=11111111011111111101111111111110, sa_flags=SA_RESTART|SA_SIGINFO
SIGILL: [libjvm.so+0x91f140], sa_mask[0]=11111111011111111101111111111110, sa_flags=SA_RESTART|SA_SIGINFO
SIGUSR1: SIG_DFL, sa_mask[0]=00000000000000000000000000000000, sa_flags=none
SIGUSR2: [libjvm.so+0x920770], sa_mask[0]=00100000000000000000000000000000, sa_flags=SA_RESTART|SA_SIGINFO
SIGHUP: [libjvm.so+0x921b70], sa_mask[0]=11111111011111111101111111111110, sa_flags=SA_RESTART|SA_SIGINFO
SIGINT: [libjvm.so+0x921b70], sa_mask[0]=11111111011111111101111111111110, sa_flags=SA_RESTART|SA_SIGINFO
SIGTERM: [libjvm.so+0x921b70], sa_mask[0]=11111111011111111101111111111110, sa_flags=SA_RESTART|SA_SIGINFO
SIGQUIT: [libjvm.so+0x921b70], sa_mask[0]=11111111011111111101111111111110, sa_flags=SA_RESTART|SA_SIGINFO


---------------  S Y S T E M  ---------------

OS:DISTRIB_ID=Ubuntu
DISTRIB_RELEASE=16.04
DISTRIB_CODENAME=xenial
DISTRIB_DESCRIPTION="Ubuntu 16.04.1 LTS"

uname:Linux 4.4.0-38-generic #57-Ubuntu SMP Tue Sep 6 15:42:33 UTC 2016 x86_64
libc:glibc 2.23 NPTL 2.23 
rlimit: STACK 8192k, CORE 0k, NPROC 22972, NOFILE 65536, AS infinity
load average:4,68 1,93 1,46

/proc/meminfo:
MemTotal:        5918860 kB
MemFree:          728164 kB
MemAvailable:    2006396 kB
Buffers:          170104 kB
Cached:          1303136 kB
SwapCached:            0 kB
Active:          4217708 kB
Inactive:         688256 kB
Active(anon):    3435892 kB
Inactive(anon):    36336 kB
Active(file):     781816 kB
Inactive(file):   651920 kB
Unevictable:          32 kB
Mlocked:              32 kB
SwapTotal:       1953788 kB
SwapFree:        1953788 kB
Dirty:             15180 kB
Writeback:             0 kB
AnonPages:       3432692 kB
Mapped:           340292 kB
Shmem:             39508 kB
Slab:             150052 kB
SReclaimable:     112588 kB
SUnreclaim:        37464 kB
KernelStack:       11584 kB
PageTables:        38464 kB
NFS_Unstable:          0 kB
Bounce:                0 kB
WritebackTmp:          0 kB
CommitLimit:     4913216 kB
Committed_AS:    7310476 kB
VmallocTotal:   34359738367 kB
VmallocUsed:           0 kB
VmallocChunk:          0 kB
HardwareCorrupted:     0 kB
AnonHugePages:   2254848 kB
CmaTotal:              0 kB
CmaFree:               0 kB
HugePages_Total:       0
HugePages_Free:        0
HugePages_Rsvd:        0
HugePages_Surp:        0
Hugepagesize:       2048 kB
DirectMap4k:      206416 kB
DirectMap2M:     5892096 kB


CPU:total 4 (2 cores per cpu, 2 threads per core) family 6 model 42 stepping 7, cmov, cx8, fxsr, mmx, sse, sse2, sse3, ssse3, sse4.1, sse4.2, popcnt, avx, aes, clmul, ht, tsc, tscinvbit

/proc/cpuinfo:
processor	: 0
vendor_id	: GenuineIntel
cpu family	: 6
model		: 42
model name	: Intel(R) Core(TM) i5-2450M CPU @ 2.50GHz
stepping	: 7
microcode	: 0x23
cpu MHz		: 800.000
cache size	: 3072 KB
physical id	: 0
siblings	: 4
core id		: 0
cpu cores	: 2
apicid		: 0
initial apicid	: 0
fpu		: yes
fpu_exception	: yes
cpuid level	: 13
wp		: yes
flags		: fpu vme de pse tsc msr pae mce cx8 apic sep mtrr pge mca cmov pat pse36 clflush dts acpi mmx fxsr sse sse2 ss ht tm pbe syscall nx rdtscp lm constant_tsc arch_perfmon pebs bts nopl xtopology nonstop_tsc aperfmperf eagerfpu pni pclmulqdq dtes64 monitor ds_cpl vmx est tm2 ssse3 cx16 xtpr pdcm pcid sse4_1 sse4_2 x2apic popcnt tsc_deadline_timer aes xsave avx lahf_lm epb tpr_shadow vnmi flexpriority ept vpid xsaveopt dtherm ida arat pln pts
bugs		:
bogomips	: 4988.69
clflush size	: 64
cache_alignment	: 64
address sizes	: 36 bits physical, 48 bits virtual
power management:

processor	: 1
vendor_id	: GenuineIntel
cpu family	: 6
model		: 42
model name	: Intel(R) Core(TM) i5-2450M CPU @ 2.50GHz
stepping	: 7
microcode	: 0x23
cpu MHz		: 799.902
cache size	: 3072 KB
physical id	: 0
siblings	: 4
core id		: 0
cpu cores	: 2
apicid		: 1
initial apicid	: 1
fpu		: yes
fpu_exception	: yes
cpuid level	: 13
wp		: yes
flags		: fpu vme de pse tsc msr pae mce cx8 apic sep mtrr pge mca cmov pat pse36 clflush dts acpi mmx fxsr sse sse2 ss ht tm pbe syscall nx rdtscp lm constant_tsc arch_perfmon pebs bts nopl xtopology nonstop_tsc aperfmperf eagerfpu pni pclmulqdq dtes64 monitor ds_cpl vmx est tm2 ssse3 cx16 xtpr pdcm pcid sse4_1 sse4_2 x2apic popcnt tsc_deadline_timer aes xsave avx lahf_lm epb tpr_shadow vnmi flexpriority ept vpid xsaveopt dtherm arat pln pts
bugs		:
bogomips	: 4988.69
clflush size	: 64
cache_alignment	: 64
address sizes	: 36 bits physical, 48 bits virtual
power management:

processor	: 2
vendor_id	: GenuineIntel
cpu family	: 6
model		: 42
model name	: Intel(R) Core(TM) i5-2450M CPU @ 2.50GHz
stepping	: 7
microcode	: 0x23
cpu MHz		: 799.902
cache size	: 3072 KB
physical id	: 0
siblings	: 4
core id		: 1
cpu cores	: 2
apicid		: 2
initial apicid	: 2
fpu		: yes
fpu_exception	: yes
cpuid level	: 13
wp		: yes
flags		: fpu vme de pse tsc msr pae mce cx8 apic sep mtrr pge mca cmov pat pse36 clflush dts acpi mmx fxsr sse sse2 ss ht tm pbe syscall nx rdtscp lm constant_tsc arch_perfmon pebs bts nopl xtopology nonstop_tsc aperfmperf eagerfpu pni pclmulqdq dtes64 monitor ds_cpl vmx est tm2 ssse3 cx16 xtpr pdcm pcid sse4_1 sse4_2 x2apic popcnt tsc_deadline_timer aes xsave avx lahf_lm epb tpr_shadow vnmi flexpriority ept vpid xsaveopt dtherm arat pln pts
bugs		:
bogomips	: 4988.69
clflush size	: 64
cache_alignment	: 64
address sizes	: 36 bits physical, 48 bits virtual
power management:

processor	: 3
vendor_id	: GenuineIntel
cpu family	: 6
model		: 42
model name	: Intel(R) Core(TM) i5-2450M CPU @ 2.50GHz
stepping	: 7
microcode	: 0x23
cpu MHz		: 799.902
cache size	: 3072 KB
physical id	: 0
siblings	: 4
core id		: 1
cpu cores	: 2
apicid		: 3
initial apicid	: 3
fpu		: yes
fpu_exception	: yes
cpuid level	: 13
wp		: yes
flags		: fpu vme de pse tsc msr pae mce cx8 apic sep mtrr pge mca cmov pat pse36 clflush dts acpi mmx fxsr sse sse2 ss ht tm pbe syscall nx rdtscp lm constant_tsc arch_perfmon pebs bts nopl xtopology nonstop_tsc aperfmperf eagerfpu pni pclmulqdq dtes64 monitor ds_cpl vmx est tm2 ssse3 cx16 xtpr pdcm pcid sse4_1 sse4_2 x2apic popcnt tsc_deadline_timer aes xsave avx lahf_lm epb tpr_shadow vnmi flexpriority ept vpid xsaveopt dtherm arat pln pts
bugs		:
bogomips	: 4988.69
clflush size	: 64
cache_alignment	: 64
address sizes	: 36 bits physical, 48 bits virtual
power management:



Memory: 4k page, physical 5918860k(728164k free), swap 1953788k(1953788k free)

vm_info: Java HotSpot(TM) 64-Bit Server VM (25.101-b13) for linux-amd64 JRE (1.8.0_101-b13), built on Jun 22 2016 02:59:44 by "java_re" with gcc 4.3.0 20080428 (Red Hat 4.3.0-8)

time: Mon Sep 26 19:48:40 2016
elapsed time: 8 seconds (0d 0h 0m 8s)

