#
# A fatal error has been detected by the Java Runtime Environment:
#
#  SIGSEGV (0xb) at pc=0x00007f1e39365002, pid=9152, tid=0x00007f1dffbfb700
#
# JRE version: Java(TM) SE Runtime Environment (8.0_101-b13) (build 1.8.0_101-b13)
# Java VM: Java HotSpot(TM) 64-Bit Server VM (25.101-b13 mixed mode linux-amd64 compressed oops)
# Problematic frame:
# J 993 C2 com.android.dx.ssa.back.LivenessAnalyzer.handleTailRecursion()V (94 bytes) @ 0x00007f1e39365002 [0x00007f1e39364960+0x6a2]
#
# Failed to write core dump. Core dumps have been disabled. To enable core dumping, try "ulimit -c unlimited" before starting Java again
#
# If you would like to submit a bug report, please visit:
#   http://bugreport.java.com/bugreport/crash.jsp
#

---------------  T H R E A D  ---------------

Current thread (0x00007f1e48148000):  JavaThread "pool-2-thread-4" [_thread_in_Java, id=9178, stack(0x00007f1dffafb000,0x00007f1dffbfc000)]

siginfo: si_signo: 11 (SIGSEGV), si_code: 1 (SEGV_MAPERR), si_addr: 0x0000000180083520

Registers:
RAX=0x0000000000000100, RBX=0x00000000eb7326c8, RCX=0x000000000075b993, RDX=0x0000000000000002
RSP=0x00007f1dffbf9fe0, RBP=0x00000000eb67f238, RSI=0x00000000eb7326c8, RDI=0x00007f1e4be4a000
R8 =0x00000001800834f0, R9 =0x000000003001069e, R10=0x0000000000000048, R11=0x0000000000000049
R12=0x0000000000000000, R13=0x0000001000000000, R14=0x0000000100085e30, R15=0x00007f1e48148000
RIP=0x00007f1e39365002, EFLAGS=0x0000000000010297, CSGSFS=0x0000000000000033, ERR=0x0000000000000004
  TRAPNO=0x000000000000000e

Top of Stack: (sp=0x00007f1dffbf9fe0)
0x00007f1dffbf9fe0:   0000000200000049 00000000eb7326c8
0x00007f1dffbf9ff0:   0000000100085e30 0000010000000048
0x00007f1dffbfa000:   eb727a900000006b 00000000eb728cf8
0x00007f1dffbfa010:   0000006b00000005 00000000eb727a90
0x00007f1dffbfa020:   0000009c0000006c 00007f1e392fc874
0x00007f1dffbfa030:   00007f1dffbfa190 00007f1e39280aac
0x00007f1dffbfa040:   00000000eb7324d8 00007f1e392112b0
0x00007f1dffbfa050:   0000000000000002 00000000eb683fb0
0x00007f1dffbfa060:   00000000eb6840f0 00000000eb670ad0
0x00007f1dffbfa070:   00007f1dffbfa190 00007f1e39236554
0x00007f1dffbfa080:   00000000eda1e798 00007f1e39112cd9
0x00007f1dffbfa090:   00007f1dffbfa190 00007f1e392d867c
0x00007f1dffbfa0a0:   00007f1dffbfa120 00007f1e390082bd
0x00007f1dffbfa0b0:   00007f1dffbfa120 00007f1e39007a90
0x00007f1dffbfa0c0:   000000000000009c 00007f1e39007a90
0x00007f1dffbfa0d0:   00000000eb729f20 00000000eb7326f8
0x00007f1dffbfa0e0:   00000000eb7326c8 00007f1e4be4a000
0x00007f1dffbfa0f0:   00000000eb7326c8 00000000eb732778
0x00007f1dffbfa100:   00000000eb732738 00007f1e4be4a000
0x00007f1dffbfa110:   00007f1dffbfa190 00007f1e390082bd
0x00007f1dffbfa120:   00007f1e390082bd 00000000eb727a90
0x00007f1dffbfa130:   00007f1dffbfa190 00007f1e390082bd
0x00007f1dffbfa140:   00007f1e390082bd 00000000eb7326c8
0x00007f1dffbfa150:   00007f1dffbfa150 00007f1e369413cf
0x00007f1dffbfa160:   00007f1dffbfa1b8 00007f1e36941dc8
0x00007f1dffbfa170:   0000000000000000 00007f1e36941420
0x00007f1dffbfa180:   00007f1dffbfa148 00007f1dffbfa1b8
0x00007f1dffbfa190:   00007f1dffbfa208 00007f1e39008040
0x00007f1dffbfa1a0:   0000000000000048 00000000eb727a90
0x00007f1dffbfa1b0:   000000000000009c 00000000eb670ad0
0x00007f1dffbfa1c0:   00000000eb727a78 00007f1dffbfa1c8
0x00007f1dffbfa1d0:   00007f1e36938400 00007f1dffbfa228 

Instructions: (pc=0x00007f1e39365002)
0x00007f1e39364fe2:   45 3b c8 0f 83 9d 0d 00 00 42 8b 6c 8d 10 44 8b
0x00007f1e39364ff2:   4d 08 49 b8 00 00 00 00 00 00 00 00 4f 8d 04 c8
0x00007f1e39365002:   4d 8b 40 30 49 b9 40 32 08 00 01 00 00 00 4d 3b
0x00007f1e39365012:   c1 0f 85 88 0d 00 00 4c 8b c5 45 8b 48 10 45 85 

Register to memory mapping:

RAX=0x0000000000000100 is an unknown value
RBX=0x00000000eb7326c8 is an oop
com.android.dx.ssa.back.LivenessAnalyzer 
 - klass: 'com/android/dx/ssa/back/LivenessAnalyzer'
RCX=0x000000000075b993 is an unknown value
RDX=0x0000000000000002 is an unknown value
RSP=0x00007f1dffbf9fe0 is pointing into the stack for thread: 0x00007f1e48148000
RBP=0x00000000eb67f238 is an oop

[error occurred during error reporting (printing register info), id 0xb]

Stack: [0x00007f1dffafb000,0x00007f1dffbfc000],  sp=0x00007f1dffbf9fe0,  free space=1019k
Native frames: (J=compiled Java code, j=interpreted, Vv=VM code, C=native code)
J 993 C2 com.android.dx.ssa.back.LivenessAnalyzer.handleTailRecursion()V (94 bytes) @ 0x00007f1e39365002 [0x00007f1e39364960+0x6a2]
J 601 C1 com.android.dx.ssa.back.LivenessAnalyzer.run()V (231 bytes) @ 0x00007f1e39236554 [0x00007f1e39235440+0x1114]
j  com.android.dx.ssa.back.LivenessAnalyzer.constructInterferenceGraph(Lcom/android/dx/ssa/SsaMethod;)Lcom/android/dx/ssa/back/InterferenceGraph;+31
j  com.android.dx.ssa.back.SsaToRop.<init>(Lcom/android/dx/ssa/SsaMethod;Z)V+16
j  com.android.dx.ssa.back.SsaToRop.convertToRopMethod(Lcom/android/dx/ssa/SsaMethod;Z)Lcom/android/dx/rop/code/RopMethod;+6
j  com.android.dx.ssa.Optimizer.optimizeMinimizeRegisters(Lcom/android/dx/rop/code/RopMethod;IZLjava/util/EnumSet;)Lcom/android/dx/rop/code/RopMethod;+33
j  com.android.dx.ssa.Optimizer.optimize(Lcom/android/dx/rop/code/RopMethod;IZZLcom/android/dx/rop/code/TranslationAdvice;Ljava/util/EnumSet;)Lcom/android/dx/rop/code/RopMethod;+59
j  com.android.dx.ssa.Optimizer.optimize(Lcom/android/dx/rop/code/RopMethod;IZZLcom/android/dx/rop/code/TranslationAdvice;)Lcom/android/dx/rop/code/RopMethod;+11
j  com.android.dx.dex.cf.CfTranslator.processMethods(Lcom/android/dx/cf/direct/DirectClassFile;Lcom/android/dx/dex/cf/CfOptions;Lcom/android/dx/dex/DexOptions;Lcom/android/dx/dex/file/ClassDefItem;Lcom/android/dx/dex/file/DexFile;)V+265
j  com.android.dx.dex.cf.CfTranslator.translate0(Lcom/android/dx/cf/direct/DirectClassFile;[BLcom/android/dx/dex/cf/CfOptions;Lcom/android/dx/dex/DexOptions;Lcom/android/dx/dex/file/DexFile;)Lcom/android/dx/dex/file/ClassDefItem;+120
j  com.android.dx.dex.cf.CfTranslator.translate(Lcom/android/dx/cf/direct/DirectClassFile;[BLcom/android/dx/dex/cf/CfOptions;Lcom/android/dx/dex/DexOptions;Lcom/android/dx/dex/file/DexFile;)Lcom/android/dx/dex/file/ClassDefItem;+6
j  com.android.dx.command.dexer.Main.translateClass([BLcom/android/dx/cf/direct/DirectClassFile;)Lcom/android/dx/dex/file/ClassDefItem;+17
j  com.android.dx.command.dexer.Main.access$2700([BLcom/android/dx/cf/direct/DirectClassFile;)Lcom/android/dx/dex/file/ClassDefItem;+2
j  com.android.dx.command.dexer.Main$ClassTranslatorTask.call()Lcom/android/dx/dex/file/ClassDefItem;+8
j  com.android.dx.command.dexer.Main$ClassTranslatorTask.call()Ljava/lang/Object;+1
j  java.util.concurrent.FutureTask.run()V+42
j  java.util.concurrent.ThreadPoolExecutor.runWorker(Ljava/util/concurrent/ThreadPoolExecutor$Worker;)V+95
j  java.util.concurrent.ThreadPoolExecutor$Worker.run()V+5
j  java.lang.Thread.run()V+11
v  ~StubRoutines::call_stub
V  [libjvm.so+0x68f6b6]  JavaCalls::call_helper(JavaValue*, methodHandle*, JavaCallArguments*, Thread*)+0x1056
V  [libjvm.so+0x68fbc1]  JavaCalls::call_virtual(JavaValue*, KlassHandle, Symbol*, Symbol*, JavaCallArguments*, Thread*)+0x321
V  [libjvm.so+0x690067]  JavaCalls::call_virtual(JavaValue*, Handle, KlassHandle, Symbol*, Symbol*, Thread*)+0x47
V  [libjvm.so+0x726fc0]  thread_entry(JavaThread*, Thread*)+0xa0
V  [libjvm.so+0xa7343f]  JavaThread::thread_main_inner()+0xdf
V  [libjvm.so+0xa7356c]  JavaThread::run()+0x11c
V  [libjvm.so+0x924698]  java_start(Thread*)+0x108
C  [libpthread.so.0+0x76fa]  start_thread+0xca


---------------  P R O C E S S  ---------------

Java Threads: ( => current thread )
=>0x00007f1e48148000 JavaThread "pool-2-thread-4" [_thread_in_Java, id=9178, stack(0x00007f1dffafb000,0x00007f1dffbfc000)]
  0x00007f1e48146800 JavaThread "pool-2-thread-3" [_thread_in_Java, id=9176, stack(0x00007f1dffbfc000,0x00007f1dffcfd000)]
  0x00007f1e48145800 JavaThread "pool-2-thread-2" [_thread_in_Java, id=9175, stack(0x00007f1dffcfd000,0x00007f1dffdfe000)]
  0x00007f1e48143800 JavaThread "pool-3-thread-1" [_thread_blocked, id=9174, stack(0x00007f1dffdfe000,0x00007f1dffeff000)]
  0x00007f1e48141000 JavaThread "pool-2-thread-1" [_thread_in_Java, id=9173, stack(0x00007f1dffeff000,0x00007f1e00000000)]
  0x00007f1e480cb000 JavaThread "Service Thread" daemon [_thread_blocked, id=9169, stack(0x00007f1e3410c000,0x00007f1e3420d000)]
  0x00007f1e480be000 JavaThread "C1 CompilerThread2" daemon [_thread_in_native, id=9168, stack(0x00007f1e3420d000,0x00007f1e3430e000)]
  0x00007f1e480bc800 JavaThread "C2 CompilerThread1" daemon [_thread_in_native, id=9167, stack(0x00007f1e3430e000,0x00007f1e3440f000)]
  0x00007f1e480b9800 JavaThread "C2 CompilerThread0" daemon [_thread_in_native, id=9166, stack(0x00007f1e3440f000,0x00007f1e34510000)]
  0x00007f1e480b8000 JavaThread "Signal Dispatcher" daemon [_thread_blocked, id=9165, stack(0x00007f1e34510000,0x00007f1e34611000)]
  0x00007f1e48084000 JavaThread "Finalizer" daemon [_thread_blocked, id=9164, stack(0x00007f1e34fd1000,0x00007f1e350d2000)]
  0x00007f1e4807f800 JavaThread "Reference Handler" daemon [_thread_blocked, id=9163, stack(0x00007f1e350d2000,0x00007f1e351d3000)]
  0x00007f1e4800a000 JavaThread "main" [_thread_in_Java, id=9154, stack(0x00007f1e4f89c000,0x00007f1e4f99d000)]

Other Threads:
  0x00007f1e48078000 VMThread [stack: 0x00007f1e351d3000,0x00007f1e352d4000] [id=9162]
  0x00007f1e480ce000 WatcherThread [stack: 0x00007f1e3400b000,0x00007f1e3410c000] [id=9170]

VM state:not at safepoint (normal execution)

VM Mutex/Monitor currently owned by a thread: None

Heap:
 PSYoungGen      total 51712K, used 18496K [0x00000000eab00000, 0x00000000f1000000, 0x0000000100000000)
  eden space 48128K, 31% used [0x00000000eab00000,0x00000000eb9957e8,0x00000000eda00000)
  from space 3584K, 99% used [0x00000000eda00000,0x00000000edd7a950,0x00000000edd80000)
  to   space 3584K, 0% used [0x00000000f0c80000,0x00000000f0c80000,0x00000000f1000000)
 ParOldGen       total 62976K, used 11701K [0x00000000c0000000, 0x00000000c3d80000, 0x00000000eab00000)
  object space 62976K, 18% used [0x00000000c0000000,0x00000000c0b6d758,0x00000000c3d80000)
 Metaspace       used 5894K, capacity 6896K, committed 7040K, reserved 1056768K
  class space    used 593K, capacity 616K, committed 640K, reserved 1048576K

Card table byte_map: [0x00007f1e4c44a000,0x00007f1e4c64b000] byte_map_base: 0x00007f1e4be4a000

Marking Bits: (ParMarkBitMap*) 0x00007f1e4ed73120
 Begin Bits: [0x00007f1e36dfe000, 0x00007f1e37dfe000)
 End Bits:   [0x00007f1e37dfe000, 0x00007f1e38dfe000)

Polling page: 0x00007f1e4f9c2000

CodeCache: size=245760Kb used=4146Kb max_used=4146Kb free=241613Kb
 bounds [0x00007f1e39000000, 0x00007f1e39420000, 0x00007f1e48000000]
 total_blobs=1377 nmethods=1109 adapters=182
 compilation: enabled

Compilation events (10 events):
Event: 6,194 Thread 0x00007f1e480be000 nmethod 1332% 0x00007f1e393fbc50 code [0x00007f1e393fc200, 0x00007f1e393ff908]
Event: 6,194 Thread 0x00007f1e480be000 1336 %     3       com.android.dx.ssa.Dominators::run @ 283 (506 bytes)
Event: 6,248 Thread 0x00007f1e480be000 nmethod 1336% 0x00007f1e39403350 code [0x00007f1e39403960, 0x00007f1e39407c58]
Event: 6,254 Thread 0x00007f1e480be000 1326       1       com.android.dx.rop.code.Insn$BaseVisitor::visitThrowingCstInsn (1 bytes)
Event: 6,255 Thread 0x00007f1e480be000 nmethod 1326 0x00007f1e393db890 code [0x00007f1e393db9e0, 0x00007f1e393dbaf0]
Event: 6,255 Thread 0x00007f1e480be000 1360 %     3       com.android.dx.rop.code.RegisterSpecSet::equals @ 49 (106 bytes)
Event: 6,255 Thread 0x00007f1e480be000 nmethod 1360% 0x00007f1e393d1290 code [0x00007f1e393d1460, 0x00007f1e393d1d28]
Event: 6,255 Thread 0x00007f1e480be000 1299       2       com.android.dx.cf.code.Ropper::addExceptionSetupBlocks (203 bytes)
Event: 6,275 Thread 0x00007f1e480be000 nmethod 1299 0x00007f1e3940b6d0 code [0x00007f1e3940b9c0, 0x00007f1e3940c6e8]
Event: 6,278 Thread 0x00007f1e480be000 1361 %     3       com.android.dx.ssa.SsaRenamer$BlockRenamer::updateSuccessorPhis @ 23 (64 bytes)

GC Heap History (6 events):
Event: 3,054 GC heap before
{Heap before GC invocations=1 (full 0):
 PSYoungGen      total 27648K, used 24064K [0x00000000eab00000, 0x00000000ec980000, 0x0000000100000000)
  eden space 24064K, 100% used [0x00000000eab00000,0x00000000ec280000,0x00000000ec280000)
  from space 3584K, 0% used [0x00000000ec600000,0x00000000ec600000,0x00000000ec980000)
  to   space 3584K, 0% used [0x00000000ec280000,0x00000000ec280000,0x00000000ec600000)
 ParOldGen       total 62976K, used 0K [0x00000000c0000000, 0x00000000c3d80000, 0x00000000eab00000)
  object space 62976K, 0% used [0x00000000c0000000,0x00000000c0000000,0x00000000c3d80000)
 Metaspace       used 5699K, capacity 6704K, committed 6784K, reserved 1056768K
  class space    used 592K, capacity 616K, committed 640K, reserved 1048576K
Event: 3,092 GC heap after
Heap after GC invocations=1 (full 0):
 PSYoungGen      total 27648K, used 3559K [0x00000000eab00000, 0x00000000ee100000, 0x0000000100000000)
  eden space 24064K, 0% used [0x00000000eab00000,0x00000000eab00000,0x00000000ec280000)
  from space 3584K, 99% used [0x00000000ec280000,0x00000000ec5f9c88,0x00000000ec600000)
  to   space 3584K, 0% used [0x00000000edd80000,0x00000000edd80000,0x00000000ee100000)
 ParOldGen       total 62976K, used 1537K [0x00000000c0000000, 0x00000000c3d80000, 0x00000000eab00000)
  object space 62976K, 2% used [0x00000000c0000000,0x00000000c0180498,0x00000000c3d80000)
 Metaspace       used 5699K, capacity 6704K, committed 6784K, reserved 1056768K
  class space    used 592K, capacity 616K, committed 640K, reserved 1048576K
}
Event: 4,311 GC heap before
{Heap before GC invocations=2 (full 0):
 PSYoungGen      total 27648K, used 27623K [0x00000000eab00000, 0x00000000ee100000, 0x0000000100000000)
  eden space 24064K, 100% used [0x00000000eab00000,0x00000000ec280000,0x00000000ec280000)
  from space 3584K, 99% used [0x00000000ec280000,0x00000000ec5f9c88,0x00000000ec600000)
  to   space 3584K, 0% used [0x00000000edd80000,0x00000000edd80000,0x00000000ee100000)
 ParOldGen       total 62976K, used 1537K [0x00000000c0000000, 0x00000000c3d80000, 0x00000000eab00000)
  object space 62976K, 2% used [0x00000000c0000000,0x00000000c0180498,0x00000000c3d80000)
 Metaspace       used 5813K, capacity 6768K, committed 7040K, reserved 1056768K
  class space    used 592K, capacity 616K, committed 640K, reserved 1048576K
Event: 4,364 GC heap after
Heap after GC invocations=2 (full 0):
 PSYoungGen      total 51712K, used 3577K [0x00000000eab00000, 0x00000000ee100000, 0x0000000100000000)
  eden space 48128K, 0% used [0x00000000eab00000,0x00000000eab00000,0x00000000eda00000)
  from space 3584K, 99% used [0x00000000edd80000,0x00000000ee0fe610,0x00000000ee100000)
  to   space 3584K, 0% used [0x00000000eda00000,0x00000000eda00000,0x00000000edd80000)
 ParOldGen       total 62976K, used 4657K [0x00000000c0000000, 0x00000000c3d80000, 0x00000000eab00000)
  object space 62976K, 7% used [0x00000000c0000000,0x00000000c048c4a0,0x00000000c3d80000)
 Metaspace       used 5813K, capacity 6768K, committed 7040K, reserved 1056768K
  class space    used 592K, capacity 616K, committed 640K, reserved 1048576K
}
Event: 5,931 GC heap before
{Heap before GC invocations=3 (full 0):
 PSYoungGen      total 51712K, used 51705K [0x00000000eab00000, 0x00000000ee100000, 0x0000000100000000)
  eden space 48128K, 100% used [0x00000000eab00000,0x00000000eda00000,0x00000000eda00000)
  from space 3584K, 99% used [0x00000000edd80000,0x00000000ee0fe610,0x00000000ee100000)
  to   space 3584K, 0% used [0x00000000eda00000,0x00000000eda00000,0x00000000edd80000)
 ParOldGen       total 62976K, used 4657K [0x00000000c0000000, 0x00000000c3d80000, 0x00000000eab00000)
  object space 62976K, 7% used [0x00000000c0000000,0x00000000c048c4a0,0x00000000c3d80000)
 Metaspace       used 5878K, capacity 6832K, committed 7040K, reserved 1056768K
  class space    used 593K, capacity 616K, committed 640K, reserved 1048576K
Event: 6,047 GC heap after
Heap after GC invocations=3 (full 0):
 PSYoungGen      total 51712K, used 3562K [0x00000000eab00000, 0x00000000f1000000, 0x0000000100000000)
  eden space 48128K, 0% used [0x00000000eab00000,0x00000000eab00000,0x00000000eda00000)
  from space 3584K, 99% used [0x00000000eda00000,0x00000000edd7a950,0x00000000edd80000)
  to   space 3584K, 0% used [0x00000000f0c80000,0x00000000f0c80000,0x00000000f1000000)
 ParOldGen       total 62976K, used 11701K [0x00000000c0000000, 0x00000000c3d80000, 0x00000000eab00000)
  object space 62976K, 18% used [0x00000000c0000000,0x00000000c0b6d758,0x00000000c3d80000)
 Metaspace       used 5878K, capacity 6832K, committed 7040K, reserved 1056768K
  class space    used 593K, capacity 616K, committed 640K, reserved 1048576K
}

Deoptimization events (10 events):
Event: 2,554 Thread 0x00007f1e48141000 Uncommon trap: reason=unstable_if action=reinterpret pc=0x00007f1e391ece00 method=java.util.HashMap.getNode(ILjava/lang/Object;)Ljava/util/HashMap$Node; @ 129
Event: 3,136 Thread 0x00007f1e48148000 Uncommon trap: reason=bimorphic action=maybe_recompile pc=0x00007f1e3921db28 method=java.util.HashMap.getNode(ILjava/lang/Object;)Ljava/util/HashMap$Node; @ 126
Event: 3,818 Thread 0x00007f1e48145800 Uncommon trap: reason=bimorphic action=maybe_recompile pc=0x00007f1e3921db28 method=java.util.HashMap.getNode(ILjava/lang/Object;)Ljava/util/HashMap$Node; @ 126
Event: 3,901 Thread 0x00007f1e48148000 Uncommon trap: reason=unstable_if action=reinterpret pc=0x00007f1e392bc214 method=com.android.dx.rop.code.LocalItem.hashCode()I @ 25
Event: 4,373 Thread 0x00007f1e4800a000 Uncommon trap: reason=unstable_if action=reinterpret pc=0x00007f1e39234558 method=java.lang.String.<init>([CII)V @ 18
Event: 4,912 Thread 0x00007f1e48141000 Uncommon trap: reason=unstable_if action=reinterpret pc=0x00007f1e3921189c method=com.android.dx.rop.cst.Constant.compareTo(Lcom/android/dx/rop/cst/Constant;)I @ 12
Event: 5,064 Thread 0x00007f1e48146800 Uncommon trap: reason=bimorphic action=maybe_recompile pc=0x00007f1e3921db28 method=java.util.HashMap.getNode(ILjava/lang/Object;)Ljava/util/HashMap$Node; @ 126
Event: 5,285 Thread 0x00007f1e48148000 Uncommon trap: reason=bimorphic action=maybe_recompile pc=0x00007f1e3921db28 method=java.util.HashMap.getNode(ILjava/lang/Object;)Ljava/util/HashMap$Node; @ 126
Event: 5,285 Thread 0x00007f1e48148000 Uncommon trap: reason=bimorphic action=maybe_recompile pc=0x00007f1e392242ec method=java.util.HashMap.getNode(ILjava/lang/Object;)Ljava/util/HashMap$Node; @ 126
Event: 5,534 Thread 0x00007f1e4800a000 Uncommon trap: reason=unstable_if action=reinterpret pc=0x00007f1e391d19dc method=java.lang.String.<init>([CII)V @ 18

Internal exceptions (2 events):
Event: 0,174 Thread 0x00007f1e4800a000 Exception <a 'java/lang/NoSuchMethodError': Method sun.misc.Unsafe.defineClass(Ljava/lang/String;[BII)Ljava/lang/Class; name or signature does not match> (0x00000000eab07cc0) thrown at [/HUDSON3/workspace/8-2-build-linux-amd64/jdk8u101/7261/hotspot/src/sh
Event: 0,174 Thread 0x00007f1e4800a000 Exception <a 'java/lang/NoSuchMethodError': Method sun.misc.Unsafe.prefetchRead(Ljava/lang/Object;J)V name or signature does not match> (0x00000000eab07fa8) thrown at [/HUDSON3/workspace/8-2-build-linux-amd64/jdk8u101/7261/hotspot/src/share/vm/prims/jni.c

Events (10 events):
Event: 5,917 Executing VM operation: ParallelGCFailedAllocation
Event: 6,047 Executing VM operation: ParallelGCFailedAllocation done
Event: 6,066 Thread 0x00007f1e48148000 DEOPT PACKING pc=0x00007f1e392930f8 sp=0x00007f1dffbfa0a0
Event: 6,066 Thread 0x00007f1e48148000 DEOPT UNPACKING pc=0x00007f1e39047633 sp=0x00007f1dffbf9eb0 mode 0
Event: 6,167 Thread 0x00007f1e48148000 DEOPT PACKING pc=0x00007f1e392fee45 sp=0x00007f1dffbfa150
Event: 6,167 Thread 0x00007f1e48148000 DEOPT UNPACKING pc=0x00007f1e39047633 sp=0x00007f1dffbf9e68 mode 0
Event: 6,170 Thread 0x00007f1e48145800 DEOPT PACKING pc=0x00007f1e392b196d sp=0x00007f1dffdfbb90
Event: 6,170 Thread 0x00007f1e48145800 DEOPT UNPACKING pc=0x00007f1e39047633 sp=0x00007f1dffdfb918 mode 0
Event: 6,224 Thread 0x00007f1e48145800 DEOPT PACKING pc=0x00007f1e392930f8 sp=0x00007f1dffdfbbe0
Event: 6,224 Thread 0x00007f1e48145800 DEOPT UNPACKING pc=0x00007f1e39047633 sp=0x00007f1dffdfb9e0 mode 0


Dynamic libraries:
00400000-00401000 r-xp 00000000 08:06 4991853                            /usr/lib/jvm/java-8-oracle/bin/java
00600000-00601000 rw-p 00000000 08:06 4991853                            /usr/lib/jvm/java-8-oracle/bin/java
01128000-01149000 rw-p 00000000 00:00 0                                  [heap]
c0000000-c3d80000 rw-p 00000000 00:00 0 
c3d80000-eab00000 ---p 00000000 00:00 0 
eab00000-f1000000 rw-p 00000000 00:00 0 
f1000000-100000000 ---p 00000000 00:00 0 
100000000-1000a0000 rw-p 00000000 00:00 0 
1000a0000-140000000 ---p 00000000 00:00 0 
7f1de8000000-7f1de8021000 rw-p 00000000 00:00 0 
7f1de8021000-7f1dec000000 ---p 00000000 00:00 0 
7f1dec000000-7f1dec2ae000 rw-p 00000000 00:00 0 
7f1dec2ae000-7f1df0000000 ---p 00000000 00:00 0 
7f1df0000000-7f1df0021000 rw-p 00000000 00:00 0 
7f1df0021000-7f1df4000000 ---p 00000000 00:00 0 
7f1df4000000-7f1df4021000 rw-p 00000000 00:00 0 
7f1df4021000-7f1df8000000 ---p 00000000 00:00 0 
7f1df8000000-7f1df803a000 rw-p 00000000 00:00 0 
7f1df803a000-7f1dfc000000 ---p 00000000 00:00 0 
7f1dffafb000-7f1dffafe000 ---p 00000000 00:00 0 
7f1dffafe000-7f1dffbfc000 rw-p 00000000 00:00 0 
7f1dffbfc000-7f1dffbff000 ---p 00000000 00:00 0 
7f1dffbff000-7f1dffcfd000 rw-p 00000000 00:00 0 
7f1dffcfd000-7f1dffd00000 ---p 00000000 00:00 0 
7f1dffd00000-7f1dffdfe000 rw-p 00000000 00:00 0 
7f1dffdfe000-7f1dffe01000 ---p 00000000 00:00 0 
7f1dffe01000-7f1dffeff000 rw-p 00000000 00:00 0 
7f1dffeff000-7f1dfff02000 ---p 00000000 00:00 0 
7f1dfff02000-7f1e00000000 rw-p 00000000 00:00 0 
7f1e00000000-7f1e00021000 rw-p 00000000 00:00 0 
7f1e00021000-7f1e04000000 ---p 00000000 00:00 0 
7f1e04000000-7f1e04021000 rw-p 00000000 00:00 0 
7f1e04021000-7f1e08000000 ---p 00000000 00:00 0 
7f1e08000000-7f1e08430000 rw-p 00000000 00:00 0 
7f1e08430000-7f1e0c000000 ---p 00000000 00:00 0 
7f1e0c000000-7f1e0c623000 rw-p 00000000 00:00 0 
7f1e0c623000-7f1e10000000 ---p 00000000 00:00 0 
7f1e10000000-7f1e10021000 rw-p 00000000 00:00 0 
7f1e10021000-7f1e14000000 ---p 00000000 00:00 0 
7f1e14000000-7f1e14428000 rw-p 00000000 00:00 0 
7f1e14428000-7f1e18000000 ---p 00000000 00:00 0 
7f1e18000000-7f1e18021000 rw-p 00000000 00:00 0 
7f1e18021000-7f1e1c000000 ---p 00000000 00:00 0 
7f1e1c000000-7f1e1c021000 rw-p 00000000 00:00 0 
7f1e1c021000-7f1e20000000 ---p 00000000 00:00 0 
7f1e20000000-7f1e20021000 rw-p 00000000 00:00 0 
7f1e20021000-7f1e24000000 ---p 00000000 00:00 0 
7f1e24000000-7f1e24021000 rw-p 00000000 00:00 0 
7f1e24021000-7f1e28000000 ---p 00000000 00:00 0 
7f1e28000000-7f1e28021000 rw-p 00000000 00:00 0 
7f1e28021000-7f1e2c000000 ---p 00000000 00:00 0 
7f1e2c000000-7f1e2c021000 rw-p 00000000 00:00 0 
7f1e2c021000-7f1e30000000 ---p 00000000 00:00 0 
7f1e30000000-7f1e30021000 rw-p 00000000 00:00 0 
7f1e30021000-7f1e34000000 ---p 00000000 00:00 0 
7f1e3400b000-7f1e3400c000 ---p 00000000 00:00 0 
7f1e3400c000-7f1e3410c000 rw-p 00000000 00:00 0 
7f1e3410c000-7f1e3410f000 ---p 00000000 00:00 0 
7f1e3410f000-7f1e3420d000 rw-p 00000000 00:00 0 
7f1e3420d000-7f1e34210000 ---p 00000000 00:00 0 
7f1e34210000-7f1e3430e000 rw-p 00000000 00:00 0 
7f1e3430e000-7f1e34311000 ---p 00000000 00:00 0 
7f1e34311000-7f1e3440f000 rw-p 00000000 00:00 0 
7f1e3440f000-7f1e34412000 ---p 00000000 00:00 0 
7f1e34412000-7f1e34510000 rw-p 00000000 00:00 0 
7f1e34510000-7f1e34513000 ---p 00000000 00:00 0 
7f1e34513000-7f1e34611000 rw-p 00000000 00:00 0 
7f1e34611000-7f1e34fd1000 r--p 00000000 08:06 2628587                    /usr/lib/locale/locale-archive
7f1e34fd1000-7f1e34fd4000 ---p 00000000 00:00 0 
7f1e34fd4000-7f1e350d2000 rw-p 00000000 00:00 0 
7f1e350d2000-7f1e350d5000 ---p 00000000 00:00 0 
7f1e350d5000-7f1e351d3000 rw-p 00000000 00:00 0 
7f1e351d3000-7f1e351d4000 ---p 00000000 00:00 0 
7f1e351d4000-7f1e36225000 rw-p 00000000 00:00 0 
7f1e36225000-7f1e363fe000 r--s 03d29000 08:06 5119781                    /usr/lib/jvm/java-8-oracle/jre/lib/rt.jar
7f1e363fe000-7f1e36a3e000 rw-p 00000000 00:00 0 
7f1e36a3e000-7f1e36bfe000 ---p 00000000 00:00 0 
7f1e36bfe000-7f1e38dfe000 rw-p 00000000 00:00 0 
7f1e38dfe000-7f1e38dff000 ---p 00000000 00:00 0 
7f1e38dff000-7f1e38eff000 rw-p 00000000 00:00 0 
7f1e38eff000-7f1e38f00000 ---p 00000000 00:00 0 
7f1e38f00000-7f1e39000000 rw-p 00000000 00:00 0 
7f1e39000000-7f1e39420000 rwxp 00000000 00:00 0 
7f1e39420000-7f1e48000000 ---p 00000000 00:00 0 
7f1e48000000-7f1e4839a000 rw-p 00000000 00:00 0 
7f1e4839a000-7f1e4c000000 ---p 00000000 00:00 0 
7f1e4c001000-7f1e4c00b000 r--s 00098000 08:06 6037352                    /home/nur/AndroidStudioProjects/CatetDuit/app/build/intermediates/exploded-aar/com.android.support/appcompat-v7/24.2.0/jars/classes.jar
7f1e4c00b000-7f1e4c019000 r--s 000e0000 08:06 9570111                    /home/nur/Android/Sdk/build-tools/24.0.2/lib/dx.jar
7f1e4c019000-7f1e4c0f2000 rw-p 00000000 00:00 0 
7f1e4c0f2000-7f1e4c0f3000 ---p 00000000 00:00 0 
7f1e4c0f3000-7f1e4c1f3000 rw-p 00000000 00:00 0 
7f1e4c1f3000-7f1e4c1f4000 ---p 00000000 00:00 0 
7f1e4c1f4000-7f1e4c313000 rw-p 00000000 00:00 0 
7f1e4c313000-7f1e4c44a000 ---p 00000000 00:00 0 
7f1e4c44a000-7f1e4c469000 rw-p 00000000 00:00 0 
7f1e4c469000-7f1e4c59f000 ---p 00000000 00:00 0 
7f1e4c59f000-7f1e4c5d2000 rw-p 00000000 00:00 0 
7f1e4c5d2000-7f1e4c64a000 ---p 00000000 00:00 0 
7f1e4c64a000-7f1e4c65c000 rw-p 00000000 00:00 0 
7f1e4c65c000-7f1e4ca0b000 ---p 00000000 00:00 0 
7f1e4ca0b000-7f1e4ca25000 r-xp 00000000 08:06 7213491                    /usr/lib/jvm/java-8-oracle/jre/lib/amd64/libzip.so
7f1e4ca25000-7f1e4cc25000 ---p 0001a000 08:06 7213491                    /usr/lib/jvm/java-8-oracle/jre/lib/amd64/libzip.so
7f1e4cc25000-7f1e4cc26000 rw-p 0001a000 08:06 7213491                    /usr/lib/jvm/java-8-oracle/jre/lib/amd64/libzip.so
7f1e4cc26000-7f1e4cc31000 r-xp 00000000 08:06 791069                     /lib/x86_64-linux-gnu/libnss_files-2.23.so
7f1e4cc31000-7f1e4ce30000 ---p 0000b000 08:06 791069                     /lib/x86_64-linux-gnu/libnss_files-2.23.so
7f1e4ce30000-7f1e4ce31000 r--p 0000a000 08:06 791069                     /lib/x86_64-linux-gnu/libnss_files-2.23.so
7f1e4ce31000-7f1e4ce32000 rw-p 0000b000 08:06 791069                     /lib/x86_64-linux-gnu/libnss_files-2.23.so
7f1e4ce32000-7f1e4ce38000 rw-p 00000000 00:00 0 
7f1e4ce38000-7f1e4ce43000 r-xp 00000000 08:06 791079                     /lib/x86_64-linux-gnu/libnss_nis-2.23.so
7f1e4ce43000-7f1e4d042000 ---p 0000b000 08:06 791079                     /lib/x86_64-linux-gnu/libnss_nis-2.23.so
7f1e4d042000-7f1e4d043000 r--p 0000a000 08:06 791079                     /lib/x86_64-linux-gnu/libnss_nis-2.23.so
7f1e4d043000-7f1e4d044000 rw-p 0000b000 08:06 791079                     /lib/x86_64-linux-gnu/libnss_nis-2.23.so
7f1e4d044000-7f1e4d05a000 r-xp 00000000 08:06 791063                     /lib/x86_64-linux-gnu/libnsl-2.23.so
7f1e4d05a000-7f1e4d259000 ---p 00016000 08:06 791063                     /lib/x86_64-linux-gnu/libnsl-2.23.so
7f1e4d259000-7f1e4d25a000 r--p 00015000 08:06 791063                     /lib/x86_64-linux-gnu/libnsl-2.23.so
7f1e4d25a000-7f1e4d25b000 rw-p 00016000 08:06 791063                     /lib/x86_64-linux-gnu/libnsl-2.23.so
7f1e4d25b000-7f1e4d25d000 rw-p 00000000 00:00 0 
7f1e4d25d000-7f1e4d265000 r-xp 00000000 08:06 791065                     /lib/x86_64-linux-gnu/libnss_compat-2.23.so
7f1e4d265000-7f1e4d464000 ---p 00008000 08:06 791065                     /lib/x86_64-linux-gnu/libnss_compat-2.23.so
7f1e4d464000-7f1e4d465000 r--p 00007000 08:06 791065                     /lib/x86_64-linux-gnu/libnss_compat-2.23.so
7f1e4d465000-7f1e4d466000 rw-p 00008000 08:06 791065                     /lib/x86_64-linux-gnu/libnss_compat-2.23.so
7f1e4d466000-7f1e4d490000 r-xp 00000000 08:06 7213517                    /usr/lib/jvm/java-8-oracle/jre/lib/amd64/libjava.so
7f1e4d490000-7f1e4d690000 ---p 0002a000 08:06 7213517                    /usr/lib/jvm/java-8-oracle/jre/lib/amd64/libjava.so
7f1e4d690000-7f1e4d692000 rw-p 0002a000 08:06 7213517                    /usr/lib/jvm/java-8-oracle/jre/lib/amd64/libjava.so
7f1e4d692000-7f1e4d69f000 r-xp 00000000 08:06 7213471                    /usr/lib/jvm/java-8-oracle/jre/lib/amd64/libverify.so
7f1e4d69f000-7f1e4d89f000 ---p 0000d000 08:06 7213471                    /usr/lib/jvm/java-8-oracle/jre/lib/amd64/libverify.so
7f1e4d89f000-7f1e4d8a1000 rw-p 0000d000 08:06 7213471                    /usr/lib/jvm/java-8-oracle/jre/lib/amd64/libverify.so
7f1e4d8a1000-7f1e4d8a8000 r-xp 00000000 08:06 791124                     /lib/x86_64-linux-gnu/librt-2.23.so
7f1e4d8a8000-7f1e4daa7000 ---p 00007000 08:06 791124                     /lib/x86_64-linux-gnu/librt-2.23.so
7f1e4daa7000-7f1e4daa8000 r--p 00006000 08:06 791124                     /lib/x86_64-linux-gnu/librt-2.23.so
7f1e4daa8000-7f1e4daa9000 rw-p 00007000 08:06 791124                     /lib/x86_64-linux-gnu/librt-2.23.so
7f1e4daa9000-7f1e4dbb1000 r-xp 00000000 08:06 791040                     /lib/x86_64-linux-gnu/libm-2.23.so
7f1e4dbb1000-7f1e4ddb0000 ---p 00108000 08:06 791040                     /lib/x86_64-linux-gnu/libm-2.23.so
7f1e4ddb0000-7f1e4ddb1000 r--p 00107000 08:06 791040                     /lib/x86_64-linux-gnu/libm-2.23.so
7f1e4ddb1000-7f1e4ddb2000 rw-p 00108000 08:06 791040                     /lib/x86_64-linux-gnu/libm-2.23.so
7f1e4ddb2000-7f1e4ea7d000 r-xp 00000000 08:06 7344163                    /usr/lib/jvm/java-8-oracle/jre/lib/amd64/server/libjvm.so
7f1e4ea7d000-7f1e4ec7c000 ---p 00ccb000 08:06 7344163                    /usr/lib/jvm/java-8-oracle/jre/lib/amd64/server/libjvm.so
7f1e4ec7c000-7f1e4ed55000 rw-p 00cca000 08:06 7344163                    /usr/lib/jvm/java-8-oracle/jre/lib/amd64/server/libjvm.so
7f1e4ed55000-7f1e4eda0000 rw-p 00000000 00:00 0 
7f1e4eda0000-7f1e4ef60000 r-xp 00000000 08:06 790970                     /lib/x86_64-linux-gnu/libc-2.23.so
7f1e4ef60000-7f1e4f15f000 ---p 001c0000 08:06 790970                     /lib/x86_64-linux-gnu/libc-2.23.so
7f1e4f15f000-7f1e4f163000 r--p 001bf000 08:06 790970                     /lib/x86_64-linux-gnu/libc-2.23.so
7f1e4f163000-7f1e4f165000 rw-p 001c3000 08:06 790970                     /lib/x86_64-linux-gnu/libc-2.23.so
7f1e4f165000-7f1e4f169000 rw-p 00000000 00:00 0 
7f1e4f169000-7f1e4f16c000 r-xp 00000000 08:06 790994                     /lib/x86_64-linux-gnu/libdl-2.23.so
7f1e4f16c000-7f1e4f36b000 ---p 00003000 08:06 790994                     /lib/x86_64-linux-gnu/libdl-2.23.so
7f1e4f36b000-7f1e4f36c000 r--p 00002000 08:06 790994                     /lib/x86_64-linux-gnu/libdl-2.23.so
7f1e4f36c000-7f1e4f36d000 rw-p 00003000 08:06 790994                     /lib/x86_64-linux-gnu/libdl-2.23.so
7f1e4f36d000-7f1e4f382000 r-xp 00000000 08:06 9183342                    /usr/lib/jvm/java-8-oracle/lib/amd64/jli/libjli.so
7f1e4f382000-7f1e4f582000 ---p 00015000 08:06 9183342                    /usr/lib/jvm/java-8-oracle/lib/amd64/jli/libjli.so
7f1e4f582000-7f1e4f583000 rw-p 00015000 08:06 9183342                    /usr/lib/jvm/java-8-oracle/lib/amd64/jli/libjli.so
7f1e4f583000-7f1e4f59b000 r-xp 00000000 08:06 791116                     /lib/x86_64-linux-gnu/libpthread-2.23.so
7f1e4f59b000-7f1e4f79a000 ---p 00018000 08:06 791116                     /lib/x86_64-linux-gnu/libpthread-2.23.so
7f1e4f79a000-7f1e4f79b000 r--p 00017000 08:06 791116                     /lib/x86_64-linux-gnu/libpthread-2.23.so
7f1e4f79b000-7f1e4f79c000 rw-p 00018000 08:06 791116                     /lib/x86_64-linux-gnu/libpthread-2.23.so
7f1e4f79c000-7f1e4f7a0000 rw-p 00000000 00:00 0 
7f1e4f7a0000-7f1e4f7c6000 r-xp 00000000 08:06 790942                     /lib/x86_64-linux-gnu/ld-2.23.so
7f1e4f7ca000-7f1e4f89c000 rw-p 00000000 00:00 0 
7f1e4f89c000-7f1e4f89f000 ---p 00000000 00:00 0 
7f1e4f89f000-7f1e4f9a1000 rw-p 00000000 00:00 0 
7f1e4f9a5000-7f1e4f9b9000 rw-p 00000000 00:00 0 
7f1e4f9b9000-7f1e4f9c1000 rw-s 00000000 08:06 5648279                    /tmp/hsperfdata_nur/9152
7f1e4f9c1000-7f1e4f9c2000 rw-p 00000000 00:00 0 
7f1e4f9c2000-7f1e4f9c3000 r--p 00000000 00:00 0 
7f1e4f9c3000-7f1e4f9c5000 rw-p 00000000 00:00 0 
7f1e4f9c5000-7f1e4f9c6000 r--p 00025000 08:06 790942                     /lib/x86_64-linux-gnu/ld-2.23.so
7f1e4f9c6000-7f1e4f9c7000 rw-p 00026000 08:06 790942                     /lib/x86_64-linux-gnu/ld-2.23.so
7f1e4f9c7000-7f1e4f9c8000 rw-p 00000000 00:00 0 
7ffc2e45d000-7ffc2e47f000 rw-p 00000000 00:00 0                          [stack]
7ffc2e5ac000-7ffc2e5ae000 r--p 00000000 00:00 0                          [vvar]
7ffc2e5ae000-7ffc2e5b0000 r-xp 00000000 00:00 0                          [vdso]
ffffffffff600000-ffffffffff601000 r-xp 00000000 00:00 0                  [vsyscall]

VM Arguments:
jvm_args: -Djava.awt.headless=true -Xmx1024M -Dfile.encoding=UTF-8 -Duser.country=US -Duser.language=en -Duser.variant 
java_command: com.android.dx.command.Main --dex --force-jumbo --num-threads=4 --multi-dex --output /home/nur/AndroidStudioProjects/CatetDuit/app/build/intermediates/transforms/dex/debug/folders/1000/10/com.android.support-appcompat-v7-24.2.0_a657e0fe6e41a679520261381fc12bbb24778390 /home/nur/AndroidStudioProjects/CatetDuit/app/build/intermediates/exploded-aar/com.android.support/appcompat-v7/24.2.0/jars/classes.jar
java_class_path (initial): /home/nur/Android/Sdk/build-tools/24.0.2/lib/dx.jar
Launcher Type: SUN_STANDARD

Environment Variables:
PATH=/usr/local/heroku/bin:/usr/local/sbin:/usr/local/bin:/usr/sbin:/usr/bin:/sbin:/bin:/usr/games:/usr/local/games:/snap/bin
LD_LIBRARY_PATH=/home/nur/android-studio/bin:
SHELL=/bin/bash
DISPLAY=:0

Signal Handlers:
SIGSEGV: [libjvm.so+0xac4790], sa_mask[0]=11111111011111111101111111111110, sa_flags=SA_RESTART|SA_SIGINFO
SIGBUS: [libjvm.so+0xac4790], sa_mask[0]=11111111011111111101111111111110, sa_flags=SA_RESTART|SA_SIGINFO
SIGFPE: [libjvm.so+0x91f140], sa_mask[0]=11111111011111111101111111111110, sa_flags=SA_RESTART|SA_SIGINFO
SIGPIPE: [libjvm.so+0x91f140], sa_mask[0]=11111111011111111101111111111110, sa_flags=SA_RESTART|SA_SIGINFO
SIGXFSZ: [libjvm.so+0x91f140], sa_mask[0]=11111111011111111101111111111110, sa_flags=SA_RESTART|SA_SIGINFO
SIGILL: [libjvm.so+0x91f140], sa_mask[0]=11111111011111111101111111111110, sa_flags=SA_RESTART|SA_SIGINFO
SIGUSR1: SIG_DFL, sa_mask[0]=00000000000000000000000000000000, sa_flags=none
SIGUSR2: [libjvm.so+0x920770], sa_mask[0]=00100000000000000000000000000000, sa_flags=SA_RESTART|SA_SIGINFO
SIGHUP: [libjvm.so+0x921b70], sa_mask[0]=11111111011111111101111111111110, sa_flags=SA_RESTART|SA_SIGINFO
SIGINT: [libjvm.so+0x921b70], sa_mask[0]=11111111011111111101111111111110, sa_flags=SA_RESTART|SA_SIGINFO
SIGTERM: [libjvm.so+0x921b70], sa_mask[0]=11111111011111111101111111111110, sa_flags=SA_RESTART|SA_SIGINFO
SIGQUIT: [libjvm.so+0x921b70], sa_mask[0]=11111111011111111101111111111110, sa_flags=SA_RESTART|SA_SIGINFO


---------------  S Y S T E M  ---------------

OS:DISTRIB_ID=Ubuntu
DISTRIB_RELEASE=16.04
DISTRIB_CODENAME=xenial
DISTRIB_DESCRIPTION="Ubuntu 16.04.1 LTS"

uname:Linux 4.4.0-38-generic #57-Ubuntu SMP Tue Sep 6 15:42:33 UTC 2016 x86_64
libc:glibc 2.23 NPTL 2.23 
rlimit: STACK 8192k, CORE 0k, NPROC 22972, NOFILE 65536, AS infinity
load average:6,55 2,90 1,62

/proc/meminfo:
MemTotal:        5918860 kB
MemFree:          112660 kB
MemAvailable:    1508396 kB
Buffers:          430652 kB
Cached:           990448 kB
SwapCached:           12 kB
Active:          3643512 kB
Inactive:        1675052 kB
Active(anon):    2950144 kB
Inactive(anon):   981592 kB
Active(file):     693368 kB
Inactive(file):   693460 kB
Unevictable:          32 kB
Mlocked:              32 kB
SwapTotal:       1953788 kB
SwapFree:        1948604 kB
Dirty:             26064 kB
Writeback:             0 kB
AnonPages:       3897092 kB
Mapped:           348392 kB
Shmem:             34564 kB
Slab:             344536 kB
SReclaimable:     305176 kB
SUnreclaim:        39360 kB
KernelStack:       12000 kB
PageTables:        40076 kB
NFS_Unstable:          0 kB
Bounce:                0 kB
WritebackTmp:          0 kB
CommitLimit:     4913216 kB
Committed_AS:    7806712 kB
VmallocTotal:   34359738367 kB
VmallocUsed:           0 kB
VmallocChunk:          0 kB
HardwareCorrupted:     0 kB
AnonHugePages:   2312192 kB
CmaTotal:              0 kB
CmaFree:               0 kB
HugePages_Total:       0
HugePages_Free:        0
HugePages_Rsvd:        0
HugePages_Surp:        0
Hugepagesize:       2048 kB
DirectMap4k:      222800 kB
DirectMap2M:     5875712 kB


CPU:total 4 (2 cores per cpu, 2 threads per core) family 6 model 42 stepping 7, cmov, cx8, fxsr, mmx, sse, sse2, sse3, ssse3, sse4.1, sse4.2, popcnt, avx, aes, clmul, ht, tsc, tscinvbit

/proc/cpuinfo:
processor	: 0
vendor_id	: GenuineIntel
cpu family	: 6
model		: 42
model name	: Intel(R) Core(TM) i5-2450M CPU @ 2.50GHz
stepping	: 7
microcode	: 0x23
cpu MHz		: 2499.902
cache size	: 3072 KB
physical id	: 0
siblings	: 4
core id		: 0
cpu cores	: 2
apicid		: 0
initial apicid	: 0
fpu		: yes
fpu_exception	: yes
cpuid level	: 13
wp		: yes
flags		: fpu vme de pse tsc msr pae mce cx8 apic sep mtrr pge mca cmov pat pse36 clflush dts acpi mmx fxsr sse sse2 ss ht tm pbe syscall nx rdtscp lm constant_tsc arch_perfmon pebs bts nopl xtopology nonstop_tsc aperfmperf eagerfpu pni pclmulqdq dtes64 monitor ds_cpl vmx est tm2 ssse3 cx16 xtpr pdcm pcid sse4_1 sse4_2 x2apic popcnt tsc_deadline_timer aes xsave avx lahf_lm epb tpr_shadow vnmi flexpriority ept vpid xsaveopt dtherm ida arat pln pts
bugs		:
bogomips	: 4988.68
clflush size	: 64
cache_alignment	: 64
address sizes	: 36 bits physical, 48 bits virtual
power management:

processor	: 1
vendor_id	: GenuineIntel
cpu family	: 6
model		: 42
model name	: Intel(R) Core(TM) i5-2450M CPU @ 2.50GHz
stepping	: 7
microcode	: 0x23
cpu MHz		: 2500.000
cache size	: 3072 KB
physical id	: 0
siblings	: 4
core id		: 0
cpu cores	: 2
apicid		: 1
initial apicid	: 1
fpu		: yes
fpu_exception	: yes
cpuid level	: 13
wp		: yes
flags		: fpu vme de pse tsc msr pae mce cx8 apic sep mtrr pge mca cmov pat pse36 clflush dts acpi mmx fxsr sse sse2 ss ht tm pbe syscall nx rdtscp lm constant_tsc arch_perfmon pebs bts nopl xtopology nonstop_tsc aperfmperf eagerfpu pni pclmulqdq dtes64 monitor ds_cpl vmx est tm2 ssse3 cx16 xtpr pdcm pcid sse4_1 sse4_2 x2apic popcnt tsc_deadline_timer aes xsave avx lahf_lm epb tpr_shadow vnmi flexpriority ept vpid xsaveopt dtherm arat pln pts
bugs		:
bogomips	: 4988.68
clflush size	: 64
cache_alignment	: 64
address sizes	: 36 bits physical, 48 bits virtual
power management:

processor	: 2
vendor_id	: GenuineIntel
cpu family	: 6
model		: 42
model name	: Intel(R) Core(TM) i5-2450M CPU @ 2.50GHz
stepping	: 7
microcode	: 0x23
cpu MHz		: 2499.902
cache size	: 3072 KB
physical id	: 0
siblings	: 4
core id		: 1
cpu cores	: 2
apicid		: 2
initial apicid	: 2
fpu		: yes
fpu_exception	: yes
cpuid level	: 13
wp		: yes
flags		: fpu vme de pse tsc msr pae mce cx8 apic sep mtrr pge mca cmov pat pse36 clflush dts acpi mmx fxsr sse sse2 ss ht tm pbe syscall nx rdtscp lm constant_tsc arch_perfmon pebs bts nopl xtopology nonstop_tsc aperfmperf eagerfpu pni pclmulqdq dtes64 monitor ds_cpl vmx est tm2 ssse3 cx16 xtpr pdcm pcid sse4_1 sse4_2 x2apic popcnt tsc_deadline_timer aes xsave avx lahf_lm epb tpr_shadow vnmi flexpriority ept vpid xsaveopt dtherm arat pln pts
bugs		:
bogomips	: 4988.68
clflush size	: 64
cache_alignment	: 64
address sizes	: 36 bits physical, 48 bits virtual
power management:

processor	: 3
vendor_id	: GenuineIntel
cpu family	: 6
model		: 42
model name	: Intel(R) Core(TM) i5-2450M CPU @ 2.50GHz
stepping	: 7
microcode	: 0x23
cpu MHz		: 2499.902
cache size	: 3072 KB
physical id	: 0
siblings	: 4
core id		: 1
cpu cores	: 2
apicid		: 3
initial apicid	: 3
fpu		: yes
fpu_exception	: yes
cpuid level	: 13
wp		: yes
flags		: fpu vme de pse tsc msr pae mce cx8 apic sep mtrr pge mca cmov pat pse36 clflush dts acpi mmx fxsr sse sse2 ss ht tm pbe syscall nx rdtscp lm constant_tsc arch_perfmon pebs bts nopl xtopology nonstop_tsc aperfmperf eagerfpu pni pclmulqdq dtes64 monitor ds_cpl vmx est tm2 ssse3 cx16 xtpr pdcm pcid sse4_1 sse4_2 x2apic popcnt tsc_deadline_timer aes xsave avx lahf_lm epb tpr_shadow vnmi flexpriority ept vpid xsaveopt dtherm arat pln pts
bugs		:
bogomips	: 4988.68
clflush size	: 64
cache_alignment	: 64
address sizes	: 36 bits physical, 48 bits virtual
power management:



Memory: 4k page, physical 5918860k(112660k free), swap 1953788k(1948604k free)

vm_info: Java HotSpot(TM) 64-Bit Server VM (25.101-b13) for linux-amd64 JRE (1.8.0_101-b13), built on Jun 22 2016 02:59:44 by "java_re" with gcc 4.3.0 20080428 (Red Hat 4.3.0-8)

time: Thu Sep 29 11:35:09 2016
elapsed time: 6 seconds (0d 0h 0m 6s)

