#
# A fatal error has been detected by the Java Runtime Environment:
#
#  SIGSEGV (0xb) at pc=0x00007fbf2c8a967b, pid=9748, tid=0x00007fbf2a2e9700
#
# JRE version: Java(TM) SE Runtime Environment (8.0_101-b13) (build 1.8.0_101-b13)
# Java VM: Java HotSpot(TM) 64-Bit Server VM (25.101-b13 mixed mode linux-amd64 compressed oops)
# Problematic frame:
# V  [libjvm.so+0x8ff67b]  ObjArrayKlass::oop_push_contents(PSPromotionManager*, oopDesc*)+0xfb
#
# Failed to write core dump. Core dumps have been disabled. To enable core dumping, try "ulimit -c unlimited" before starting Java again
#
# If you would like to submit a bug report, please visit:
#   http://bugreport.java.com/bugreport/crash.jsp
#

---------------  T H R E A D  ---------------

Current thread (0x00007fbf24022800):  GCTaskThread [stack: 0x00007fbf2a1e9000,0x00007fbf2a2ea000] [id=9755]

siginfo: si_signo: 11 (SIGSEGV), si_code: 2 (SEGV_ACCERR), si_addr: 0x00000000fbbd7ee0

Registers:
RAX=0x00000000fbbd7ee0, RBX=0x00000000ec5387c0, RCX=0x0000000000000000, RDX=0x00000000fbbd7ee0
RSP=0x00007fbf2a2e88b0, RBP=0x00007fbf2a2e8920, RSI=0x0000000000000000, RDI=0x0000000000000000
R8 =0x00007fbf2cf37b80, R9 =0x00007fbf240753d8, R10=0x00007fbf2a2e88d0, R11=0x00007fbf2a2e88e0
R12=0x00007fbf24075340, R13=0x00000000ec5387b0, R14=0x00000000ec538808, R15=0x00007fbf2cf6b290
RIP=0x00007fbf2c8a967b, EFLAGS=0x0000000000010202, CSGSFS=0x0000000000000033, ERR=0x0000000000000004
  TRAPNO=0x000000000000000e

Top of Stack: (sp=0x00007fbf2a2e88b0)
0x00007fbf2a2e88b0:   0000000100084090 00000000ec5387ac
0x00007fbf2a2e88c0:   00007fbf2a2e8920 00007fbf2c5f8cbc
0x00007fbf2a2e88d0:   00000000ec5375e1 00007fbf2cf6b290
0x00007fbf2a2e88e0:   00000000ec511ca5 00007fbf240753a0
0x00007fbf2a2e88f0:   0000000000000000 00000000ec5387b0
0x00007fbf2a2e8900:   00000000ebe7f230 0000000000000001
0x00007fbf2a2e8910:   0000000000000000 000000000000000b
0x00007fbf2a2e8920:   00007fbf2a2e89a0 00007fbf2c9369ce
0x00007fbf2a2e8930:   0000000000000000 00007fbf2cf5c059
0x00007fbf2a2e8940:   0000000000000000 00007fbf24075340
0x00007fbf2a2e8950:   00000000ec52fc25 0000000000000000
0x00007fbf2a2e8960:   00000000ec06b3b2 0000000000001000
0x00007fbf2a2e8970:   00007fbf2d78653f 00000000ec5387ac
0x00007fbf2a2e8980:   00007fbf24075340 00007fbf2cf37b80
0x00007fbf2a2e8990:   0000000000000000 00007fbf240753a8
0x00007fbf2a2e89a0:   00007fbf2a2e8a90 00007fbf2c935e28
0x00007fbf2a2e89b0:   00007fbf2a2e8a10 00007fbf2a2e8a20
0x00007fbf2a2e89c0:   00007fbf2a2e8a30 00007fbf2a2e89f0
0x00007fbf2a2e89d0:   00007fbf2a2e8a00 00007fbf2a2e8a50
0x00007fbf2a2e89e0:   01007fbf24022800 00007fbf240753d8
0x00007fbf2a2e89f0:   00000000eb817e38 0000000000000001
0x00007fbf2a2e8a00:   0000000000000000 0000000000000008
0x00007fbf2a2e8a10:   00007fbf2a2e8a90 00007fbf2c9369ce
0x00007fbf2a2e8a20:   000000000000003c 00007fbf2cf5c059
0x00007fbf2a2e8a30:   000000000000003b 00007fbf24075340
0x00007fbf2a2e8a40:   000000a200000000 00007fbf24022800
0x00007fbf2a2e8a50:   00000000ec5387ad 0000000000001000
0x00007fbf2a2e8a60:   00007fbf2a2e8ab0 00000000ec340324
0x00007fbf2a2e8a70:   00007fbf2cf37b80 0000000000000002
0x00007fbf2a2e8a80:   00007fbf2a2e8ab0 00007fbf2a2e8abc
0x00007fbf2a2e8a90:   00007fbf2a2e8af0 00007fbf2c939c2e
0x00007fbf2a2e8aa0:   00007fbef8000b60 00007fbf24075340 

Instructions: (pc=0x00007fbf2c8a967b)
0x00007fbf2c8a965b:   00 00 8b 03 49 3b 07 72 ec 4c 8b 05 25 ba 66 00
0x00007fbf2c8a966b:   41 8b 70 08 49 8b 38 89 f1 48 d3 e0 48 8d 14 07
0x00007fbf2c8a967b:   48 8b 02 83 e0 03 48 83 f8 03 0f 84 65 ff ff ff
0x00007fbf2c8a968b:   41 8b 4c 24 60 41 8b 44 24 68 49 89 dd 49 83 cd 

Register to memory mapping:

RAX=0x00000000fbbd7ee0 is an unallocated location in the heap
RBX=0x00000000ec5387c0 is an oop

[error occurred during error reporting (printing register info), id 0xb]

Stack: [0x00007fbf2a1e9000,0x00007fbf2a2ea000],  sp=0x00007fbf2a2e88b0,  free space=1022k
Native frames: (J=compiled Java code, j=interpreted, Vv=VM code, C=native code)
V  [libjvm.so+0x8ff67b]  ObjArrayKlass::oop_push_contents(PSPromotionManager*, oopDesc*)+0xfb
V  [libjvm.so+0x98c9ce]  oopDesc* PSPromotionManager::copy_to_survivor_space<false>(oopDesc*)+0x56e
V  [libjvm.so+0x98be28]  PSPromotionManager::drain_stacks_depth(bool)+0x7e8
V  [libjvm.so+0x98fc2e]  StealTask::do_it(GCTaskManager*, unsigned int)+0x19e
V  [libjvm.so+0x5d6b5f]  GCTaskThread::run()+0x12f
V  [libjvm.so+0x924698]  java_start(Thread*)+0x108


---------------  P R O C E S S  ---------------

Java Threads: ( => current thread )
  0x00007fbf2416d000 JavaThread "pool-2-thread-4" [_thread_blocked, id=9794, stack(0x00007fbf0dd01000,0x00007fbf0de02000)]
  0x00007fbf2416b000 JavaThread "pool-2-thread-3" [_thread_blocked, id=9793, stack(0x00007fbf0de02000,0x00007fbf0df03000)]
  0x00007fbf24169000 JavaThread "pool-2-thread-2" [_thread_blocked, id=9792, stack(0x00007fbf0df03000,0x00007fbf0e004000)]
  0x00007fbf24168000 JavaThread "pool-3-thread-1" [_thread_blocked, id=9791, stack(0x00007fbf0e004000,0x00007fbf0e105000)]
  0x00007fbf24165800 JavaThread "pool-2-thread-1" [_thread_blocked, id=9790, stack(0x00007fbf0e105000,0x00007fbf0e206000)]
  0x00007fbf240c1000 JavaThread "Service Thread" daemon [_thread_blocked, id=9775, stack(0x00007fbf0e30c000,0x00007fbf0e40d000)]
  0x00007fbf240be000 JavaThread "C1 CompilerThread2" daemon [_thread_in_native, id=9773, stack(0x00007fbf0e40d000,0x00007fbf0e50e000)]
  0x00007fbf240bc800 JavaThread "C2 CompilerThread1" daemon [_thread_in_native, id=9770, stack(0x00007fbf0e50e000,0x00007fbf0e60f000)]
  0x00007fbf240b9800 JavaThread "C2 CompilerThread0" daemon [_thread_blocked, id=9769, stack(0x00007fbf0e60f000,0x00007fbf0e710000)]
  0x00007fbf240b8000 JavaThread "Signal Dispatcher" daemon [_thread_blocked, id=9766, stack(0x00007fbf0e710000,0x00007fbf0e811000)]
  0x00007fbf24084000 JavaThread "Finalizer" daemon [_thread_blocked, id=9759, stack(0x00007fbf0f1d1000,0x00007fbf0f2d2000)]
  0x00007fbf2407f800 JavaThread "Reference Handler" daemon [_thread_blocked, id=9758, stack(0x00007fbf0f2d2000,0x00007fbf0f3d3000)]
  0x00007fbf2400a000 JavaThread "main" [_thread_blocked, id=9750, stack(0x00007fbf2da94000,0x00007fbf2db95000)]

Other Threads:
  0x00007fbf24078000 VMThread [stack: 0x00007fbf0f3d3000,0x00007fbf0f4d4000] [id=9757]
  0x00007fbf240c3800 WatcherThread [stack: 0x00007fbf0e20b000,0x00007fbf0e30c000] [id=9778]

=>0x00007fbf24022800 (exited) GCTaskThread [stack: 0x00007fbf2a1e9000,0x00007fbf2a2ea000] [id=9755]

VM state:at safepoint (normal execution)

VM Mutex/Monitor currently owned by a thread:  ([mutex/lock_event])
[0x00007fbf240064f0] Threads_lock - owner thread: 0x00007fbf24078000
[0x00007fbf240069f0] Heap_lock - owner thread: 0x00007fbf24169000

Heap:
 PSYoungGen      total 27648K, used 24064K [0x00000000eab00000, 0x00000000ec980000, 0x0000000100000000)
  eden space 24064K, 100% used [0x00000000eab00000,0x00000000ec280000,0x00000000ec280000)
  from space 3584K, 0% used [0x00000000ec600000,0x00000000ec600000,0x00000000ec980000)
  to   space 3584K, 96% used [0x00000000ec280000,0x00000000ec5ddc78,0x00000000ec600000)
 ParOldGen       total 62976K, used 0K [0x00000000c0000000, 0x00000000c3d80000, 0x00000000eab00000)
  object space 62976K, 0% used [0x00000000c0000000,0x00000000c0000000,0x00000000c3d80000)
 Metaspace       used 5686K, capacity 6704K, committed 6784K, reserved 1056768K
  class space    used 588K, capacity 616K, committed 640K, reserved 1048576K

Card table byte_map: [0x00007fbf2a642000,0x00007fbf2a843000] byte_map_base: 0x00007fbf2a042000

Marking Bits: (ParMarkBitMap*) 0x00007fbf2cf6b120
 Begin Bits: [0x00007fbf280e8000, 0x00007fbf290e8000)
 End Bits:   [0x00007fbf290e8000, 0x00007fbf2a0e8000)

Polling page: 0x00007fbf2dbba000

CodeCache: size=245760Kb used=2358Kb max_used=2370Kb free=243401Kb
 bounds [0x00007fbf15000000, 0x00007fbf15270000, 0x00007fbf24000000]
 total_blobs=874 nmethods=606 adapters=182
 compilation: enabled

Compilation events (10 events):
Event: 1,916 Thread 0x00007fbf240be000 nmethod 642 0x00007fbf1524f0d0 code [0x00007fbf1524f240, 0x00007fbf1524f3e8]
Event: 1,916 Thread 0x00007fbf240be000  662       3       com.android.dx.rop.code.InsnList::<init> (6 bytes)
Event: 1,916 Thread 0x00007fbf240be000 nmethod 662 0x00007fbf1524ed50 code [0x00007fbf1524eec0, 0x00007fbf1524f048]
Event: 1,916 Thread 0x00007fbf240be000  648   !   3       com.android.dx.cf.code.BytecodeArray::parseInstruction (2764 bytes)
Event: 1,932 Thread 0x00007fbf240b9800 nmethod 652 0x00007fbf1524d050 code [0x00007fbf1524d1e0, 0x00007fbf1524d4f8]
Event: 1,932 Thread 0x00007fbf240b9800  666       4       com.android.dx.util.LabeledList::indexOfLabel (22 bytes)
Event: 1,933 Thread 0x00007fbf240b9800 nmethod 666 0x00007fbf15252190 code [0x00007fbf152522e0, 0x00007fbf152523b8]
Event: 1,933 Thread 0x00007fbf240b9800  699       4       java.util.ArrayList::ensureExplicitCapacity (26 bytes)
Event: 1,961 Thread 0x00007fbf240b9800 nmethod 699 0x00007fbf152524d0 code [0x00007fbf15252620, 0x00007fbf15252878]
Event: 1,961 Thread 0x00007fbf240b9800  658   !   4       com.android.dx.rop.code.RegisterSpec::intern (70 bytes)

GC Heap History (1 events):
Event: 2,080 GC heap before
{Heap before GC invocations=1 (full 0):
 PSYoungGen      total 27648K, used 24064K [0x00000000eab00000, 0x00000000ec980000, 0x0000000100000000)
  eden space 24064K, 100% used [0x00000000eab00000,0x00000000ec280000,0x00000000ec280000)
  from space 3584K, 0% used [0x00000000ec600000,0x00000000ec600000,0x00000000ec980000)
  to   space 3584K, 0% used [0x00000000ec280000,0x00000000ec280000,0x00000000ec600000)
 ParOldGen       total 62976K, used 0K [0x00000000c0000000, 0x00000000c3d80000, 0x00000000eab00000)
  object space 62976K, 0% used [0x00000000c0000000,0x00000000c0000000,0x00000000c3d80000)
 Metaspace       used 5686K, capacity 6704K, committed 6784K, reserved 1056768K
  class space    used 588K, capacity 616K, committed 640K, reserved 1048576K

Deoptimization events (4 events):
Event: 0,644 Thread 0x00007fbf2400a000 Uncommon trap: reason=unstable_if action=reinterpret pc=0x00007fbf15140c08 method=java.lang.String.indexOf(II)I @ 49
Event: 1,241 Thread 0x00007fbf24165800 Uncommon trap: reason=unstable_if action=reinterpret pc=0x00007fbf151de000 method=java.util.HashMap.getNode(ILjava/lang/Object;)Ljava/util/HashMap$Node; @ 129
Event: 1,271 Thread 0x00007fbf2400a000 Uncommon trap: reason=unstable_if action=reinterpret pc=0x00007fbf151a8598 method=java.lang.String.<init>([CII)V @ 18
Event: 1,401 Thread 0x00007fbf24165800 Uncommon trap: reason=unstable_if action=reinterpret pc=0x00007fbf151f0b2c method=java.util.BitSet.nextSetBit(I)I @ 87

Internal exceptions (2 events):
Event: 0,040 Thread 0x00007fbf2400a000 Exception <a 'java/lang/NoSuchMethodError': Method sun.misc.Unsafe.defineClass(Ljava/lang/String;[BII)Ljava/lang/Class; name or signature does not match> (0x00000000eab07cc0) thrown at [/HUDSON3/workspace/8-2-build-linux-amd64/jdk8u101/7261/hotspot/src/sh
Event: 0,040 Thread 0x00007fbf2400a000 Exception <a 'java/lang/NoSuchMethodError': Method sun.misc.Unsafe.prefetchRead(Ljava/lang/Object;J)V name or signature does not match> (0x00000000eab07fa8) thrown at [/HUDSON3/workspace/8-2-build-linux-amd64/jdk8u101/7261/hotspot/src/share/vm/prims/jni.c

Events (10 events):
Event: 1,549 loading class java/util/ArrayList$1 done
Event: 1,797 loading class com/android/dx/cf/attrib/AttDeprecated
Event: 1,797 loading class com/android/dx/cf/attrib/AttDeprecated done
Event: 1,797 loading class com/android/dx/cf/direct/AnnotationParser
Event: 1,797 loading class com/android/dx/cf/direct/AnnotationParser done
Event: 1,798 loading class com/android/dx/cf/attrib/AttRuntimeVisibleAnnotations
Event: 1,798 loading class com/android/dx/cf/attrib/AttRuntimeVisibleAnnotations done
Event: 1,799 loading class com/android/dx/cf/attrib/BaseAnnotations
Event: 1,799 loading class com/android/dx/cf/attrib/BaseAnnotations done
Event: 2,061 Executing VM operation: ParallelGCFailedAllocation


Dynamic libraries:
00400000-00401000 r-xp 00000000 08:06 4991853                            /usr/lib/jvm/java-8-oracle/bin/java
00600000-00601000 rw-p 00000000 08:06 4991853                            /usr/lib/jvm/java-8-oracle/bin/java
00cf6000-00d17000 rw-p 00000000 00:00 0                                  [heap]
c0000000-c3d80000 rw-p 00000000 00:00 0 
c3d80000-eab00000 ---p 00000000 00:00 0 
eab00000-ec980000 rw-p 00000000 00:00 0 
ec980000-100000000 ---p 00000000 00:00 0 
100000000-1000a0000 rw-p 00000000 00:00 0 
1000a0000-140000000 ---p 00000000 00:00 0 
7fbec8000000-7fbec8021000 rw-p 00000000 00:00 0 
7fbec8021000-7fbecc000000 ---p 00000000 00:00 0 
7fbecc000000-7fbecc021000 rw-p 00000000 00:00 0 
7fbecc021000-7fbed0000000 ---p 00000000 00:00 0 
7fbed0000000-7fbed0021000 rw-p 00000000 00:00 0 
7fbed0021000-7fbed4000000 ---p 00000000 00:00 0 
7fbed4000000-7fbed4023000 rw-p 00000000 00:00 0 
7fbed4023000-7fbed8000000 ---p 00000000 00:00 0 
7fbed8000000-7fbed8021000 rw-p 00000000 00:00 0 
7fbed8021000-7fbedc000000 ---p 00000000 00:00 0 
7fbedc000000-7fbedc02a000 rw-p 00000000 00:00 0 
7fbedc02a000-7fbee0000000 ---p 00000000 00:00 0 
7fbee0000000-7fbee0549000 rw-p 00000000 00:00 0 
7fbee0549000-7fbee4000000 ---p 00000000 00:00 0 
7fbee4000000-7fbee4021000 rw-p 00000000 00:00 0 
7fbee4021000-7fbee8000000 ---p 00000000 00:00 0 
7fbee8000000-7fbee8175000 rw-p 00000000 00:00 0 
7fbee8175000-7fbeec000000 ---p 00000000 00:00 0 
7fbeec000000-7fbeec34a000 rw-p 00000000 00:00 0 
7fbeec34a000-7fbef0000000 ---p 00000000 00:00 0 
7fbef0000000-7fbef0021000 rw-p 00000000 00:00 0 
7fbef0021000-7fbef4000000 ---p 00000000 00:00 0 
7fbef4000000-7fbef4021000 rw-p 00000000 00:00 0 
7fbef4021000-7fbef8000000 ---p 00000000 00:00 0 
7fbef8000000-7fbef8021000 rw-p 00000000 00:00 0 
7fbef8021000-7fbefc000000 ---p 00000000 00:00 0 
7fbefc000000-7fbefc021000 rw-p 00000000 00:00 0 
7fbefc021000-7fbf00000000 ---p 00000000 00:00 0 
7fbf00000000-7fbf0028d000 rw-p 00000000 00:00 0 
7fbf0028d000-7fbf04000000 ---p 00000000 00:00 0 
7fbf04000000-7fbf04021000 rw-p 00000000 00:00 0 
7fbf04021000-7fbf08000000 ---p 00000000 00:00 0 
7fbf08000000-7fbf08021000 rw-p 00000000 00:00 0 
7fbf08021000-7fbf0c000000 ---p 00000000 00:00 0 
7fbf0dd01000-7fbf0dd04000 ---p 00000000 00:00 0 
7fbf0dd04000-7fbf0de02000 rw-p 00000000 00:00 0 
7fbf0de02000-7fbf0de05000 ---p 00000000 00:00 0 
7fbf0de05000-7fbf0df03000 rw-p 00000000 00:00 0 
7fbf0df03000-7fbf0df06000 ---p 00000000 00:00 0 
7fbf0df06000-7fbf0e004000 rw-p 00000000 00:00 0 
7fbf0e004000-7fbf0e007000 ---p 00000000 00:00 0 
7fbf0e007000-7fbf0e105000 rw-p 00000000 00:00 0 
7fbf0e105000-7fbf0e108000 ---p 00000000 00:00 0 
7fbf0e108000-7fbf0e206000 rw-p 00000000 00:00 0 
7fbf0e206000-7fbf0e20b000 r--s 00034000 08:06 5647548                    /home/nur/.gradle/caches/modules-2/files-2.1/com.google.code.gson/gson/2.7/751f548c85fa49f330cecbb1875893f971b33c4e/gson-2.7.jar
7fbf0e20b000-7fbf0e20c000 ---p 00000000 00:00 0 
7fbf0e20c000-7fbf0e30c000 rw-p 00000000 00:00 0 
7fbf0e30c000-7fbf0e30f000 ---p 00000000 00:00 0 
7fbf0e30f000-7fbf0e40d000 rw-p 00000000 00:00 0 
7fbf0e40d000-7fbf0e410000 ---p 00000000 00:00 0 
7fbf0e410000-7fbf0e50e000 rw-p 00000000 00:00 0 
7fbf0e50e000-7fbf0e511000 ---p 00000000 00:00 0 
7fbf0e511000-7fbf0e60f000 rw-p 00000000 00:00 0 
7fbf0e60f000-7fbf0e612000 ---p 00000000 00:00 0 
7fbf0e612000-7fbf0e710000 rw-p 00000000 00:00 0 
7fbf0e710000-7fbf0e713000 ---p 00000000 00:00 0 
7fbf0e713000-7fbf0e811000 rw-p 00000000 00:00 0 
7fbf0e811000-7fbf0f1d1000 r--p 00000000 08:06 2628587                    /usr/lib/locale/locale-archive
7fbf0f1d1000-7fbf0f1d4000 ---p 00000000 00:00 0 
7fbf0f1d4000-7fbf0f2d2000 rw-p 00000000 00:00 0 
7fbf0f2d2000-7fbf0f2d5000 ---p 00000000 00:00 0 
7fbf0f2d5000-7fbf0f3d3000 rw-p 00000000 00:00 0 
7fbf0f3d3000-7fbf0f3d4000 ---p 00000000 00:00 0 
7fbf0f3d4000-7fbf10000000 rw-p 00000000 00:00 0 
7fbf10000000-7fbf10021000 rw-p 00000000 00:00 0 
7fbf10021000-7fbf14000000 ---p 00000000 00:00 0 
7fbf14002000-7fbf14427000 rw-p 00000000 00:00 0 
7fbf14427000-7fbf14600000 r--s 03d29000 08:06 5119781                    /usr/lib/jvm/java-8-oracle/jre/lib/rt.jar
7fbf14600000-7fbf14c00000 rw-p 00000000 00:00 0 
7fbf14c00000-7fbf14e00000 ---p 00000000 00:00 0 
7fbf14e00000-7fbf15000000 rw-p 00000000 00:00 0 
7fbf15000000-7fbf15270000 rwxp 00000000 00:00 0 
7fbf15270000-7fbf24000000 ---p 00000000 00:00 0 
7fbf24000000-7fbf2439a000 rw-p 00000000 00:00 0 
7fbf2439a000-7fbf28000000 ---p 00000000 00:00 0 
7fbf28001000-7fbf2800f000 r--s 000e0000 08:06 9570111                    /home/nur/Android/Sdk/build-tools/24.0.2/lib/dx.jar
7fbf2800f000-7fbf2a0e8000 rw-p 00000000 00:00 0 
7fbf2a0e8000-7fbf2a0e9000 ---p 00000000 00:00 0 
7fbf2a0e9000-7fbf2a1e9000 rw-p 00000000 00:00 0 
7fbf2a1e9000-7fbf2a1ea000 ---p 00000000 00:00 0 
7fbf2a1ea000-7fbf2a2ea000 rw-p 00000000 00:00 0 
7fbf2a2ea000-7fbf2a2eb000 ---p 00000000 00:00 0 
7fbf2a2eb000-7fbf2a3eb000 rw-p 00000000 00:00 0 
7fbf2a3eb000-7fbf2a3ec000 ---p 00000000 00:00 0 
7fbf2a3ec000-7fbf2a50b000 rw-p 00000000 00:00 0 
7fbf2a50b000-7fbf2a642000 ---p 00000000 00:00 0 
7fbf2a642000-7fbf2a661000 rw-p 00000000 00:00 0 
7fbf2a661000-7fbf2a797000 ---p 00000000 00:00 0 
7fbf2a797000-7fbf2a7a7000 rw-p 00000000 00:00 0 
7fbf2a7a7000-7fbf2a842000 ---p 00000000 00:00 0 
7fbf2a842000-7fbf2a84d000 rw-p 00000000 00:00 0 
7fbf2a84d000-7fbf2ac03000 ---p 00000000 00:00 0 
7fbf2ac03000-7fbf2ac1d000 r-xp 00000000 08:06 7213491                    /usr/lib/jvm/java-8-oracle/jre/lib/amd64/libzip.so
7fbf2ac1d000-7fbf2ae1d000 ---p 0001a000 08:06 7213491                    /usr/lib/jvm/java-8-oracle/jre/lib/amd64/libzip.so
7fbf2ae1d000-7fbf2ae1e000 rw-p 0001a000 08:06 7213491                    /usr/lib/jvm/java-8-oracle/jre/lib/amd64/libzip.so
7fbf2ae1e000-7fbf2ae29000 r-xp 00000000 08:06 791069                     /lib/x86_64-linux-gnu/libnss_files-2.23.so
7fbf2ae29000-7fbf2b028000 ---p 0000b000 08:06 791069                     /lib/x86_64-linux-gnu/libnss_files-2.23.so
7fbf2b028000-7fbf2b029000 r--p 0000a000 08:06 791069                     /lib/x86_64-linux-gnu/libnss_files-2.23.so
7fbf2b029000-7fbf2b02a000 rw-p 0000b000 08:06 791069                     /lib/x86_64-linux-gnu/libnss_files-2.23.so
7fbf2b02a000-7fbf2b030000 rw-p 00000000 00:00 0 
7fbf2b030000-7fbf2b03b000 r-xp 00000000 08:06 791079                     /lib/x86_64-linux-gnu/libnss_nis-2.23.so
7fbf2b03b000-7fbf2b23a000 ---p 0000b000 08:06 791079                     /lib/x86_64-linux-gnu/libnss_nis-2.23.so
7fbf2b23a000-7fbf2b23b000 r--p 0000a000 08:06 791079                     /lib/x86_64-linux-gnu/libnss_nis-2.23.so
7fbf2b23b000-7fbf2b23c000 rw-p 0000b000 08:06 791079                     /lib/x86_64-linux-gnu/libnss_nis-2.23.so
7fbf2b23c000-7fbf2b252000 r-xp 00000000 08:06 791063                     /lib/x86_64-linux-gnu/libnsl-2.23.so
7fbf2b252000-7fbf2b451000 ---p 00016000 08:06 791063                     /lib/x86_64-linux-gnu/libnsl-2.23.so
7fbf2b451000-7fbf2b452000 r--p 00015000 08:06 791063                     /lib/x86_64-linux-gnu/libnsl-2.23.so
7fbf2b452000-7fbf2b453000 rw-p 00016000 08:06 791063                     /lib/x86_64-linux-gnu/libnsl-2.23.so
7fbf2b453000-7fbf2b455000 rw-p 00000000 00:00 0 
7fbf2b455000-7fbf2b45d000 r-xp 00000000 08:06 791065                     /lib/x86_64-linux-gnu/libnss_compat-2.23.so
7fbf2b45d000-7fbf2b65c000 ---p 00008000 08:06 791065                     /lib/x86_64-linux-gnu/libnss_compat-2.23.so
7fbf2b65c000-7fbf2b65d000 r--p 00007000 08:06 791065                     /lib/x86_64-linux-gnu/libnss_compat-2.23.so
7fbf2b65d000-7fbf2b65e000 rw-p 00008000 08:06 791065                     /lib/x86_64-linux-gnu/libnss_compat-2.23.so
7fbf2b65e000-7fbf2b688000 r-xp 00000000 08:06 7213517                    /usr/lib/jvm/java-8-oracle/jre/lib/amd64/libjava.so
7fbf2b688000-7fbf2b888000 ---p 0002a000 08:06 7213517                    /usr/lib/jvm/java-8-oracle/jre/lib/amd64/libjava.so
7fbf2b888000-7fbf2b88a000 rw-p 0002a000 08:06 7213517                    /usr/lib/jvm/java-8-oracle/jre/lib/amd64/libjava.so
7fbf2b88a000-7fbf2b897000 r-xp 00000000 08:06 7213471                    /usr/lib/jvm/java-8-oracle/jre/lib/amd64/libverify.so
7fbf2b897000-7fbf2ba97000 ---p 0000d000 08:06 7213471                    /usr/lib/jvm/java-8-oracle/jre/lib/amd64/libverify.so
7fbf2ba97000-7fbf2ba99000 rw-p 0000d000 08:06 7213471                    /usr/lib/jvm/java-8-oracle/jre/lib/amd64/libverify.so
7fbf2ba99000-7fbf2baa0000 r-xp 00000000 08:06 791124                     /lib/x86_64-linux-gnu/librt-2.23.so
7fbf2baa0000-7fbf2bc9f000 ---p 00007000 08:06 791124                     /lib/x86_64-linux-gnu/librt-2.23.so
7fbf2bc9f000-7fbf2bca0000 r--p 00006000 08:06 791124                     /lib/x86_64-linux-gnu/librt-2.23.so
7fbf2bca0000-7fbf2bca1000 rw-p 00007000 08:06 791124                     /lib/x86_64-linux-gnu/librt-2.23.so
7fbf2bca1000-7fbf2bda9000 r-xp 00000000 08:06 791040                     /lib/x86_64-linux-gnu/libm-2.23.so
7fbf2bda9000-7fbf2bfa8000 ---p 00108000 08:06 791040                     /lib/x86_64-linux-gnu/libm-2.23.so
7fbf2bfa8000-7fbf2bfa9000 r--p 00107000 08:06 791040                     /lib/x86_64-linux-gnu/libm-2.23.so
7fbf2bfa9000-7fbf2bfaa000 rw-p 00108000 08:06 791040                     /lib/x86_64-linux-gnu/libm-2.23.so
7fbf2bfaa000-7fbf2cc75000 r-xp 00000000 08:06 7344163                    /usr/lib/jvm/java-8-oracle/jre/lib/amd64/server/libjvm.so
7fbf2cc75000-7fbf2ce74000 ---p 00ccb000 08:06 7344163                    /usr/lib/jvm/java-8-oracle/jre/lib/amd64/server/libjvm.so
7fbf2ce74000-7fbf2cf4d000 rw-p 00cca000 08:06 7344163                    /usr/lib/jvm/java-8-oracle/jre/lib/amd64/server/libjvm.so
7fbf2cf4d000-7fbf2cf98000 rw-p 00000000 00:00 0 
7fbf2cf98000-7fbf2d158000 r-xp 00000000 08:06 790970                     /lib/x86_64-linux-gnu/libc-2.23.so
7fbf2d158000-7fbf2d357000 ---p 001c0000 08:06 790970                     /lib/x86_64-linux-gnu/libc-2.23.so
7fbf2d357000-7fbf2d35b000 r--p 001bf000 08:06 790970                     /lib/x86_64-linux-gnu/libc-2.23.so
7fbf2d35b000-7fbf2d35d000 rw-p 001c3000 08:06 790970                     /lib/x86_64-linux-gnu/libc-2.23.so
7fbf2d35d000-7fbf2d361000 rw-p 00000000 00:00 0 
7fbf2d361000-7fbf2d364000 r-xp 00000000 08:06 790994                     /lib/x86_64-linux-gnu/libdl-2.23.so
7fbf2d364000-7fbf2d563000 ---p 00003000 08:06 790994                     /lib/x86_64-linux-gnu/libdl-2.23.so
7fbf2d563000-7fbf2d564000 r--p 00002000 08:06 790994                     /lib/x86_64-linux-gnu/libdl-2.23.so
7fbf2d564000-7fbf2d565000 rw-p 00003000 08:06 790994                     /lib/x86_64-linux-gnu/libdl-2.23.so
7fbf2d565000-7fbf2d57a000 r-xp 00000000 08:06 9183342                    /usr/lib/jvm/java-8-oracle/lib/amd64/jli/libjli.so
7fbf2d57a000-7fbf2d77a000 ---p 00015000 08:06 9183342                    /usr/lib/jvm/java-8-oracle/lib/amd64/jli/libjli.so
7fbf2d77a000-7fbf2d77b000 rw-p 00015000 08:06 9183342                    /usr/lib/jvm/java-8-oracle/lib/amd64/jli/libjli.so
7fbf2d77b000-7fbf2d793000 r-xp 00000000 08:06 791116                     /lib/x86_64-linux-gnu/libpthread-2.23.so
7fbf2d793000-7fbf2d992000 ---p 00018000 08:06 791116                     /lib/x86_64-linux-gnu/libpthread-2.23.so
7fbf2d992000-7fbf2d993000 r--p 00017000 08:06 791116                     /lib/x86_64-linux-gnu/libpthread-2.23.so
7fbf2d993000-7fbf2d994000 rw-p 00018000 08:06 791116                     /lib/x86_64-linux-gnu/libpthread-2.23.so
7fbf2d994000-7fbf2d998000 rw-p 00000000 00:00 0 
7fbf2d998000-7fbf2d9be000 r-xp 00000000 08:06 790942                     /lib/x86_64-linux-gnu/ld-2.23.so
7fbf2d9c2000-7fbf2da94000 rw-p 00000000 00:00 0 
7fbf2da94000-7fbf2da97000 ---p 00000000 00:00 0 
7fbf2da97000-7fbf2db99000 rw-p 00000000 00:00 0 
7fbf2db9d000-7fbf2dbb1000 rw-p 00000000 00:00 0 
7fbf2dbb1000-7fbf2dbb9000 rw-s 00000000 08:06 5648276                    /tmp/hsperfdata_nur/9748
7fbf2dbb9000-7fbf2dbba000 rw-p 00000000 00:00 0 
7fbf2dbba000-7fbf2dbbb000 ---p 00000000 00:00 0 
7fbf2dbbb000-7fbf2dbbd000 rw-p 00000000 00:00 0 
7fbf2dbbd000-7fbf2dbbe000 r--p 00025000 08:06 790942                     /lib/x86_64-linux-gnu/ld-2.23.so
7fbf2dbbe000-7fbf2dbbf000 rw-p 00026000 08:06 790942                     /lib/x86_64-linux-gnu/ld-2.23.so
7fbf2dbbf000-7fbf2dbc0000 rw-p 00000000 00:00 0 
7ffd31dee000-7ffd31e10000 rw-p 00000000 00:00 0                          [stack]
7ffd31fa4000-7ffd31fa6000 r--p 00000000 00:00 0                          [vvar]
7ffd31fa6000-7ffd31fa8000 r-xp 00000000 00:00 0                          [vdso]
ffffffffff600000-ffffffffff601000 r-xp 00000000 00:00 0                  [vsyscall]

VM Arguments:
jvm_args: -Djava.awt.headless=true -Xmx1024M -Dfile.encoding=UTF-8 -Duser.country=US -Duser.language=en -Duser.variant 
java_command: com.android.dx.command.Main --dex --force-jumbo --num-threads=4 --multi-dex --output /home/nur/AndroidStudioProjects/CatetDuit/app/build/intermediates/transforms/dex/debug/folders/1000/10/gson-2.7_822b5d5c075553130711335990e6b298269594d7 /home/nur/.gradle/caches/modules-2/files-2.1/com.google.code.gson/gson/2.7/751f548c85fa49f330cecbb1875893f971b33c4e/gson-2.7.jar
java_class_path (initial): /home/nur/Android/Sdk/build-tools/24.0.2/lib/dx.jar
Launcher Type: SUN_STANDARD

Environment Variables:
PATH=/usr/local/heroku/bin:/usr/local/sbin:/usr/local/bin:/usr/sbin:/usr/bin:/sbin:/bin:/usr/games:/usr/local/games:/snap/bin
LD_LIBRARY_PATH=/home/nur/android-studio/bin:
SHELL=/bin/bash
DISPLAY=:0

Signal Handlers:
SIGSEGV: [libjvm.so+0xac4790], sa_mask[0]=11111111011111111101111111111110, sa_flags=SA_RESTART|SA_SIGINFO
SIGBUS: [libjvm.so+0xac4790], sa_mask[0]=11111111011111111101111111111110, sa_flags=SA_RESTART|SA_SIGINFO
SIGFPE: [libjvm.so+0x91f140], sa_mask[0]=11111111011111111101111111111110, sa_flags=SA_RESTART|SA_SIGINFO
SIGPIPE: [libjvm.so+0x91f140], sa_mask[0]=11111111011111111101111111111110, sa_flags=SA_RESTART|SA_SIGINFO
SIGXFSZ: [libjvm.so+0x91f140], sa_mask[0]=11111111011111111101111111111110, sa_flags=SA_RESTART|SA_SIGINFO
SIGILL: [libjvm.so+0x91f140], sa_mask[0]=11111111011111111101111111111110, sa_flags=SA_RESTART|SA_SIGINFO
SIGUSR1: SIG_DFL, sa_mask[0]=00000000000000000000000000000000, sa_flags=none
SIGUSR2: [libjvm.so+0x920770], sa_mask[0]=00100000000000000000000000000000, sa_flags=SA_RESTART|SA_SIGINFO
SIGHUP: [libjvm.so+0x921b70], sa_mask[0]=11111111011111111101111111111110, sa_flags=SA_RESTART|SA_SIGINFO
SIGINT: [libjvm.so+0x921b70], sa_mask[0]=11111111011111111101111111111110, sa_flags=SA_RESTART|SA_SIGINFO
SIGTERM: [libjvm.so+0x921b70], sa_mask[0]=11111111011111111101111111111110, sa_flags=SA_RESTART|SA_SIGINFO
SIGQUIT: [libjvm.so+0x921b70], sa_mask[0]=11111111011111111101111111111110, sa_flags=SA_RESTART|SA_SIGINFO


---------------  S Y S T E M  ---------------

OS:DISTRIB_ID=Ubuntu
DISTRIB_RELEASE=16.04
DISTRIB_CODENAME=xenial
DISTRIB_DESCRIPTION="Ubuntu 16.04.1 LTS"

uname:Linux 4.4.0-38-generic #57-Ubuntu SMP Tue Sep 6 15:42:33 UTC 2016 x86_64
libc:glibc 2.23 NPTL 2.23 
rlimit: STACK 8192k, CORE 0k, NPROC 22972, NOFILE 65536, AS infinity
load average:10,54 4,13 2,07

/proc/meminfo:
MemTotal:        5918860 kB
MemFree:          378656 kB
MemAvailable:    1749868 kB
Buffers:          425288 kB
Cached:           971816 kB
SwapCached:           12 kB
Active:          3410028 kB
Inactive:        1641008 kB
Active(anon):    2703568 kB
Inactive(anon):   984896 kB
Active(file):     706460 kB
Inactive(file):   656112 kB
Unevictable:          32 kB
Mlocked:              32 kB
SwapTotal:       1953788 kB
SwapFree:        1948604 kB
Dirty:             23896 kB
Writeback:         18480 kB
AnonPages:       3656244 kB
Mapped:           348108 kB
Shmem:             34536 kB
Slab:             344084 kB
SReclaimable:     304908 kB
SUnreclaim:        39176 kB
KernelStack:       11744 kB
PageTables:        39796 kB
NFS_Unstable:          0 kB
Bounce:                0 kB
WritebackTmp:          0 kB
CommitLimit:     4913216 kB
Committed_AS:    7652656 kB
VmallocTotal:   34359738367 kB
VmallocUsed:           0 kB
VmallocChunk:          0 kB
HardwareCorrupted:     0 kB
AnonHugePages:   2222080 kB
CmaTotal:              0 kB
CmaFree:               0 kB
HugePages_Total:       0
HugePages_Free:        0
HugePages_Rsvd:        0
HugePages_Surp:        0
Hugepagesize:       2048 kB
DirectMap4k:      222800 kB
DirectMap2M:     5875712 kB


CPU:total 4 (2 cores per cpu, 2 threads per core) family 6 model 42 stepping 7, cmov, cx8, fxsr, mmx, sse, sse2, sse3, ssse3, sse4.1, sse4.2, popcnt, avx, aes, clmul, ht, tsc, tscinvbit

/proc/cpuinfo:
processor	: 0
vendor_id	: GenuineIntel
cpu family	: 6
model		: 42
model name	: Intel(R) Core(TM) i5-2450M CPU @ 2.50GHz
stepping	: 7
microcode	: 0x23
cpu MHz		: 2499.902
cache size	: 3072 KB
physical id	: 0
siblings	: 4
core id		: 0
cpu cores	: 2
apicid		: 0
initial apicid	: 0
fpu		: yes
fpu_exception	: yes
cpuid level	: 13
wp		: yes
flags		: fpu vme de pse tsc msr pae mce cx8 apic sep mtrr pge mca cmov pat pse36 clflush dts acpi mmx fxsr sse sse2 ss ht tm pbe syscall nx rdtscp lm constant_tsc arch_perfmon pebs bts nopl xtopology nonstop_tsc aperfmperf eagerfpu pni pclmulqdq dtes64 monitor ds_cpl vmx est tm2 ssse3 cx16 xtpr pdcm pcid sse4_1 sse4_2 x2apic popcnt tsc_deadline_timer aes xsave avx lahf_lm epb tpr_shadow vnmi flexpriority ept vpid xsaveopt dtherm ida arat pln pts
bugs		:
bogomips	: 4988.68
clflush size	: 64
cache_alignment	: 64
address sizes	: 36 bits physical, 48 bits virtual
power management:

processor	: 1
vendor_id	: GenuineIntel
cpu family	: 6
model		: 42
model name	: Intel(R) Core(TM) i5-2450M CPU @ 2.50GHz
stepping	: 7
microcode	: 0x23
cpu MHz		: 2500.000
cache size	: 3072 KB
physical id	: 0
siblings	: 4
core id		: 0
cpu cores	: 2
apicid		: 1
initial apicid	: 1
fpu		: yes
fpu_exception	: yes
cpuid level	: 13
wp		: yes
flags		: fpu vme de pse tsc msr pae mce cx8 apic sep mtrr pge mca cmov pat pse36 clflush dts acpi mmx fxsr sse sse2 ss ht tm pbe syscall nx rdtscp lm constant_tsc arch_perfmon pebs bts nopl xtopology nonstop_tsc aperfmperf eagerfpu pni pclmulqdq dtes64 monitor ds_cpl vmx est tm2 ssse3 cx16 xtpr pdcm pcid sse4_1 sse4_2 x2apic popcnt tsc_deadline_timer aes xsave avx lahf_lm epb tpr_shadow vnmi flexpriority ept vpid xsaveopt dtherm arat pln pts
bugs		:
bogomips	: 4988.68
clflush size	: 64
cache_alignment	: 64
address sizes	: 36 bits physical, 48 bits virtual
power management:

processor	: 2
vendor_id	: GenuineIntel
cpu family	: 6
model		: 42
model name	: Intel(R) Core(TM) i5-2450M CPU @ 2.50GHz
stepping	: 7
microcode	: 0x23
cpu MHz		: 2499.902
cache size	: 3072 KB
physical id	: 0
siblings	: 4
core id		: 1
cpu cores	: 2
apicid		: 2
initial apicid	: 2
fpu		: yes
fpu_exception	: yes
cpuid level	: 13
wp		: yes
flags		: fpu vme de pse tsc msr pae mce cx8 apic sep mtrr pge mca cmov pat pse36 clflush dts acpi mmx fxsr sse sse2 ss ht tm pbe syscall nx rdtscp lm constant_tsc arch_perfmon pebs bts nopl xtopology nonstop_tsc aperfmperf eagerfpu pni pclmulqdq dtes64 monitor ds_cpl vmx est tm2 ssse3 cx16 xtpr pdcm pcid sse4_1 sse4_2 x2apic popcnt tsc_deadline_timer aes xsave avx lahf_lm epb tpr_shadow vnmi flexpriority ept vpid xsaveopt dtherm arat pln pts
bugs		:
bogomips	: 4988.68
clflush size	: 64
cache_alignment	: 64
address sizes	: 36 bits physical, 48 bits virtual
power management:

processor	: 3
vendor_id	: GenuineIntel
cpu family	: 6
model		: 42
model name	: Intel(R) Core(TM) i5-2450M CPU @ 2.50GHz
stepping	: 7
microcode	: 0x23
cpu MHz		: 2500.000
cache size	: 3072 KB
physical id	: 0
siblings	: 4
core id		: 1
cpu cores	: 2
apicid		: 3
initial apicid	: 3
fpu		: yes
fpu_exception	: yes
cpuid level	: 13
wp		: yes
flags		: fpu vme de pse tsc msr pae mce cx8 apic sep mtrr pge mca cmov pat pse36 clflush dts acpi mmx fxsr sse sse2 ss ht tm pbe syscall nx rdtscp lm constant_tsc arch_perfmon pebs bts nopl xtopology nonstop_tsc aperfmperf eagerfpu pni pclmulqdq dtes64 monitor ds_cpl vmx est tm2 ssse3 cx16 xtpr pdcm pcid sse4_1 sse4_2 x2apic popcnt tsc_deadline_timer aes xsave avx lahf_lm epb tpr_shadow vnmi flexpriority ept vpid xsaveopt dtherm arat pln pts
bugs		:
bogomips	: 4988.68
clflush size	: 64
cache_alignment	: 64
address sizes	: 36 bits physical, 48 bits virtual
power management:



Memory: 4k page, physical 5918860k(378408k free), swap 1953788k(1948604k free)

vm_info: Java HotSpot(TM) 64-Bit Server VM (25.101-b13) for linux-amd64 JRE (1.8.0_101-b13), built on Jun 22 2016 02:59:44 by "java_re" with gcc 4.3.0 20080428 (Red Hat 4.3.0-8)

time: Thu Sep 29 11:35:35 2016
elapsed time: 2 seconds (0d 0h 0m 2s)

